<html>
<head>
<title>TestNG:  Free CRM App Test Cases</title>
<link href="../testng.css" rel="stylesheet" type="text/css" />
<link href="../my-testng.css" rel="stylesheet" type="text/css" />

<style type="text/css">
.log { display: none;} 
.stack-trace { display: none;} 
</style>
<script type="text/javascript">
<!--
function flip(e) {
  current = e.style.display;
  if (current == 'block') {
    e.style.display = 'none';
    return 0;
  }
  else {
    e.style.display = 'block';
    return 1;
  }
}

function toggleBox(szDivId, elem, msg1, msg2)
{
  var res = -1;  if (document.getElementById) {
    res = flip(document.getElementById(szDivId));
  }
  else if (document.all) {
    // this is the way old msie versions work
    res = flip(document.all[szDivId]);
  }
  if(elem) {
    if(res == 0) elem.innerHTML = msg1; else elem.innerHTML = msg2;
  }

}

function toggleAllBoxes() {
  if (document.getElementsByTagName) {
    d = document.getElementsByTagName('div');
    for (i = 0; i < d.length; i++) {
      if (d[i].className == 'log') {
        flip(d[i]);
      }
    }
  }
}

// -->
</script>

</head>
<body>
<h2 align='center'>Free CRM App Test Cases</h2><table border='1' align="center">
<tr>
<td>Tests passed/Failed/Skipped:</td><td>6/13/0</td>
</tr><tr>
<td>Started on:</td><td>Mon Jun 11 08:27:35 IST 2018</td>
</tr>
<tr><td>Total time:</td><td>56 seconds (56920 ms)</td>
</tr><tr>
<td>Included groups:</td><td></td>
</tr><tr>
<td>Excluded groups:</td><td></td>
</tr>
</table><p/>
<small><i>(Hover the method name to see the test class name)</i></small><p/>
<table width='100%' border='1' class='invocation-failed'>
<tr><td colspan='4' align='center'><b>FAILED TESTS</b></td></tr>
<tr><td><b>Test method</b></td>
<td width="30%"><b>Exception</b></td>
<td width="10%"><b>Time (seconds)</b></td>
<td><b>Instance</b></td>
</tr>
<tr>
<td title='com.qa.testcases.LoginPageTest.validateCarRentalsPageLink()'><b>validateCarRentalsPageLink</b><br>Test class: com.qa.testcases.LoginPageTest</td>
<td><div><pre>org.openqa.selenium.InvalidSelectorException: The xpath expression &apos;//a[conatins(text(),&apos;Car Rentals&apos;)]&apos; cannot be evaluated
For documentation on this error, please visit: http://seleniumhq.org/exceptions/invalid_selector_exception.html
Build info: version: &apos;3.5.3&apos;, revision: &apos;a88d25fe6b&apos;, time: &apos;2017-08-29T12:42:44.417Z&apos;
System info: host: &apos;VEERANTI&apos;, ip: &apos;192.168.0.8&apos;, os.name: &apos;Windows 8&apos;, os.arch: &apos;x86&apos;, os.version: &apos;6.2&apos;, java.version: &apos;1.8.0_71&apos;
Driver info: driver.version: HtmlUnitDriver
	at org.openqa.selenium.htmlunit.HtmlUnitDriver.findElementByXPath(HtmlUnitDriver.java:1352)
	at org.openqa.selenium.By$ByXPath.findElement(By.java:361)
	at org.openqa.selenium.htmlunit.HtmlUnitDriver$4.call(HtmlUnitDriver.java:1970)
	at org.openqa.selenium.htmlunit.HtmlUnitDriver$4.call(HtmlUnitDriver.java:1)
	at org.openqa.selenium.htmlunit.HtmlUnitDriver.implicitlyWaitFor(HtmlUnitDriver.java:1606)
	at org.openqa.selenium.htmlunit.HtmlUnitDriver.findElement(HtmlUnitDriver.java:1966)
	at org.openqa.selenium.htmlunit.HtmlUnitDriver.findElement(HtmlUnitDriver.java:754)
	at org.openqa.selenium.support.pagefactory.DefaultElementLocator.findElement(DefaultElementLocator.java:69)
	at org.openqa.selenium.support.pagefactory.internal.LocatingElementHandler.invoke(LocatingElementHandler.java:38)
	at com.sun.proxy.$Proxy21.click(Unknown Source)
	at com.qa.pages.LoginPage.carRentalsPageLink(LoginPage.java:117)
	at com.qa.testcases.LoginPageTest.validateCarRentalsPageLink(LoginPageTest.java:119)
Caused by: java.lang.RuntimeException: Could not retrieve XPath &gt;//a[conatins(text(),&apos;Car Rentals&apos;)]&lt; on HtmlPage(http://newtours.demoaut.com/)@7309814
	at com.gargoylesoftware.htmlunit.html.xpath.XPathUtils.getByXPath(XPathUtils.java:99)
	at com.gargoylesoftware.htmlunit.html.DomNode.getByXPath(DomNode.java:1627)
	at com.gargoylesoftware.htmlunit.html.DomNode.getFirstByXPath(DomNode.java:1657)
	at com.gargoylesoftware.htmlunit.html.DomNode.getFirstByXPath(DomNode.java:1641)
	at org.openqa.selenium.htmlunit.HtmlUnitDriver.findElementByXPath(HtmlUnitDriver.java:1349)
	... 36 more
Caused by: javax.xml.transform.TransformerException: Could not find function: conatins
	at org.apache.xpath.compiler.XPathParser.error(XPathParser.java:610)
	at org.apache.xpath.compiler.XPathParser.FunctionCall(XPathParser.java:1507)
	at org.apache.xpath.compiler.XPathParser.PrimaryExpr(XPathParser.java:1446)
	at org.apache.xpath.compiler.XPathParser.FilterExpr(XPathParser.java:1345)
	at org.apache.xpath.compiler.XPathParser.PathExpr(XPathParser.java:1278)
	at org.apache.xpath.compiler.XPathParser.UnionExpr(XPathParser.java:1236)
	at org.apache.xpath.compiler.XPathParser.UnaryExpr(XPathParser.java:1142)
	at org.apache.xpath.compiler.XPathParser.MultiplicativeExpr(XPathParser.java:1063)
	at org.apache.xpath.compiler.XPathParser.AdditiveExpr(XPathParser.java:1005)
	at org.apache.xpath.compiler.XPathParser.RelationalExpr(XPathParser.java:930)
	at org.apache.xpath.compiler.XPathParser.EqualityExpr(XPathParser.java:870)
	at org.apache.xpath.compiler.XPathParser.AndExpr(XPathParser.java:834)
	at org.apache.xpath.compiler.XPathParser.OrExpr(XPathParser.java:807)
	at org.apache.xpath.compiler.XPathParser.Expr(XPathParser.java:790)
	at org.apache.xpath.compiler.XPathParser.PredicateExpr(XPathParser.java:1954)
	at org.apache.xpath.compiler.XPathParser.Predicate(XPathParser.java:1936)
	at org.apache.xpath.compiler.XPathParser.Step(XPathParser.java:1726)
	at org.apache.xpath.compiler.XPathParser.RelativeLocationPath(XPathParser.java:1626)
	at org.apache.xpath.compiler.XPathParser.LocationPath(XPathParser.java:1597)
	at org.apache.xpath.compiler.XPathParser.PathExpr(XPathParser.java:1317)
	at org.apache.xpath.compiler.XPathParser.UnionExpr(XPathParser.java:1236)
	at org.apache.xpath.compiler.XPathParser.UnaryExpr(XPathParser.java:1142)
	at org.apache.xpath.compiler.XPathParser.MultiplicativeExpr(XPathParser.java:1063)
	at org.apache.xpath.compiler.XPathParser.AdditiveExpr(XPathParser.java:1005)
	at org.apache.xpath.compiler.XPathParser.RelationalExpr(XPathParser.java:930)
	at org.apache.xpath.compiler.XPathParser.EqualityExpr(XPathParser.java:870)
	at org.apache.xpath.compiler.XPathParser.AndExpr(XPathParser.java:834)
	at org.apache.xpath.compiler.XPathParser.OrExpr(XPathParser.java:807)
	at org.apache.xpath.compiler.XPathParser.Expr(XPathParser.java:790)
	at org.apache.xpath.compiler.XPathParser.initXPath(XPathParser.java:129)
	at com.gargoylesoftware.htmlunit.html.xpath.XPathAdapter.&lt;init&gt;(XPathAdapter.java:82)
	at com.gargoylesoftware.htmlunit.html.xpath.XPathUtils.evaluateXPath(XPathUtils.java:143)
	at com.gargoylesoftware.htmlunit.html.xpath.XPathUtils.getByXPath(XPathUtils.java:77)
	... 40 more
... Removed 25 stack frames</pre></div><a href='#' onClick='toggleBox("stack-trace1741842", this, "Click to show all stack frames", "Click to hide stack frames")'>Click to show all stack frames</a>
<div class='stack-trace' id='stack-trace1741842'><pre>org.openqa.selenium.InvalidSelectorException: The xpath expression &apos;//a[conatins(text(),&apos;Car Rentals&apos;)]&apos; cannot be evaluated
For documentation on this error, please visit: http://seleniumhq.org/exceptions/invalid_selector_exception.html
Build info: version: &apos;3.5.3&apos;, revision: &apos;a88d25fe6b&apos;, time: &apos;2017-08-29T12:42:44.417Z&apos;
System info: host: &apos;VEERANTI&apos;, ip: &apos;192.168.0.8&apos;, os.name: &apos;Windows 8&apos;, os.arch: &apos;x86&apos;, os.version: &apos;6.2&apos;, java.version: &apos;1.8.0_71&apos;
Driver info: driver.version: HtmlUnitDriver
	at org.openqa.selenium.htmlunit.HtmlUnitDriver.findElementByXPath(HtmlUnitDriver.java:1352)
	at org.openqa.selenium.By$ByXPath.findElement(By.java:361)
	at org.openqa.selenium.htmlunit.HtmlUnitDriver$4.call(HtmlUnitDriver.java:1970)
	at org.openqa.selenium.htmlunit.HtmlUnitDriver$4.call(HtmlUnitDriver.java:1)
	at org.openqa.selenium.htmlunit.HtmlUnitDriver.implicitlyWaitFor(HtmlUnitDriver.java:1606)
	at org.openqa.selenium.htmlunit.HtmlUnitDriver.findElement(HtmlUnitDriver.java:1966)
	at org.openqa.selenium.htmlunit.HtmlUnitDriver.findElement(HtmlUnitDriver.java:754)
	at org.openqa.selenium.support.pagefactory.DefaultElementLocator.findElement(DefaultElementLocator.java:69)
	at org.openqa.selenium.support.pagefactory.internal.LocatingElementHandler.invoke(LocatingElementHandler.java:38)
	at com.sun.proxy.$Proxy21.click(Unknown Source)
	at com.qa.pages.LoginPage.carRentalsPageLink(LoginPage.java:117)
	at com.qa.testcases.LoginPageTest.validateCarRentalsPageLink(LoginPageTest.java:119)
	at sun.reflect.NativeMethodAccessorImpl.invoke0(Native Method)
	at sun.reflect.NativeMethodAccessorImpl.invoke(NativeMethodAccessorImpl.java:62)
	at sun.reflect.DelegatingMethodAccessorImpl.invoke(DelegatingMethodAccessorImpl.java:43)
	at java.lang.reflect.Method.invoke(Method.java:497)
	at org.testng.internal.MethodInvocationHelper.invokeMethod(MethodInvocationHelper.java:108)
	at org.testng.internal.Invoker.invokeMethod(Invoker.java:661)
	at org.testng.internal.Invoker.invokeTestMethod(Invoker.java:869)
	at org.testng.internal.Invoker.invokeTestMethods(Invoker.java:1193)
	at org.testng.internal.TestMethodWorker.invokeTestMethods(TestMethodWorker.java:126)
	at org.testng.internal.TestMethodWorker.run(TestMethodWorker.java:109)
	at org.testng.TestRunner.privateRun(TestRunner.java:744)
	at org.testng.TestRunner.run(TestRunner.java:602)
	at org.testng.SuiteRunner.runTest(SuiteRunner.java:380)
	at org.testng.SuiteRunner.runSequentially(SuiteRunner.java:375)
	at org.testng.SuiteRunner.privateRun(SuiteRunner.java:340)
	at org.testng.SuiteRunner.run(SuiteRunner.java:289)
	at org.testng.SuiteRunnerWorker.runSuite(SuiteRunnerWorker.java:52)
	at org.testng.SuiteRunnerWorker.run(SuiteRunnerWorker.java:86)
	at org.testng.TestNG.runSuitesSequentially(TestNG.java:1301)
	at org.testng.TestNG.runSuitesLocally(TestNG.java:1226)
	at org.testng.TestNG.runSuites(TestNG.java:1144)
	at org.testng.TestNG.run(TestNG.java:1115)
	at org.testng.remote.AbstractRemoteTestNG.run(AbstractRemoteTestNG.java:114)
	at org.testng.remote.RemoteTestNG.initAndRun(RemoteTestNG.java:251)
	at org.testng.remote.RemoteTestNG.main(RemoteTestNG.java:77)
Caused by: java.lang.RuntimeException: Could not retrieve XPath &gt;//a[conatins(text(),&apos;Car Rentals&apos;)]&lt; on HtmlPage(http://newtours.demoaut.com/)@7309814
	at com.gargoylesoftware.htmlunit.html.xpath.XPathUtils.getByXPath(XPathUtils.java:99)
	at com.gargoylesoftware.htmlunit.html.DomNode.getByXPath(DomNode.java:1627)
	at com.gargoylesoftware.htmlunit.html.DomNode.getFirstByXPath(DomNode.java:1657)
	at com.gargoylesoftware.htmlunit.html.DomNode.getFirstByXPath(DomNode.java:1641)
	at org.openqa.selenium.htmlunit.HtmlUnitDriver.findElementByXPath(HtmlUnitDriver.java:1349)
	... 36 more
Caused by: javax.xml.transform.TransformerException: Could not find function: conatins
	at org.apache.xpath.compiler.XPathParser.error(XPathParser.java:610)
	at org.apache.xpath.compiler.XPathParser.FunctionCall(XPathParser.java:1507)
	at org.apache.xpath.compiler.XPathParser.PrimaryExpr(XPathParser.java:1446)
	at org.apache.xpath.compiler.XPathParser.FilterExpr(XPathParser.java:1345)
	at org.apache.xpath.compiler.XPathParser.PathExpr(XPathParser.java:1278)
	at org.apache.xpath.compiler.XPathParser.UnionExpr(XPathParser.java:1236)
	at org.apache.xpath.compiler.XPathParser.UnaryExpr(XPathParser.java:1142)
	at org.apache.xpath.compiler.XPathParser.MultiplicativeExpr(XPathParser.java:1063)
	at org.apache.xpath.compiler.XPathParser.AdditiveExpr(XPathParser.java:1005)
	at org.apache.xpath.compiler.XPathParser.RelationalExpr(XPathParser.java:930)
	at org.apache.xpath.compiler.XPathParser.EqualityExpr(XPathParser.java:870)
	at org.apache.xpath.compiler.XPathParser.AndExpr(XPathParser.java:834)
	at org.apache.xpath.compiler.XPathParser.OrExpr(XPathParser.java:807)
	at org.apache.xpath.compiler.XPathParser.Expr(XPathParser.java:790)
	at org.apache.xpath.compiler.XPathParser.PredicateExpr(XPathParser.java:1954)
	at org.apache.xpath.compiler.XPathParser.Predicate(XPathParser.java:1936)
	at org.apache.xpath.compiler.XPathParser.Step(XPathParser.java:1726)
	at org.apache.xpath.compiler.XPathParser.RelativeLocationPath(XPathParser.java:1626)
	at org.apache.xpath.compiler.XPathParser.LocationPath(XPathParser.java:1597)
	at org.apache.xpath.compiler.XPathParser.PathExpr(XPathParser.java:1317)
	at org.apache.xpath.compiler.XPathParser.UnionExpr(XPathParser.java:1236)
	at org.apache.xpath.compiler.XPathParser.UnaryExpr(XPathParser.java:1142)
	at org.apache.xpath.compiler.XPathParser.MultiplicativeExpr(XPathParser.java:1063)
	at org.apache.xpath.compiler.XPathParser.AdditiveExpr(XPathParser.java:1005)
	at org.apache.xpath.compiler.XPathParser.RelationalExpr(XPathParser.java:930)
	at org.apache.xpath.compiler.XPathParser.EqualityExpr(XPathParser.java:870)
	at org.apache.xpath.compiler.XPathParser.AndExpr(XPathParser.java:834)
	at org.apache.xpath.compiler.XPathParser.OrExpr(XPathParser.java:807)
	at org.apache.xpath.compiler.XPathParser.Expr(XPathParser.java:790)
	at org.apache.xpath.compiler.XPathParser.initXPath(XPathParser.java:129)
	at com.gargoylesoftware.htmlunit.html.xpath.XPathAdapter.&lt;init&gt;(XPathAdapter.java:82)
	at com.gargoylesoftware.htmlunit.html.xpath.XPathUtils.evaluateXPath(XPathUtils.java:143)
	at com.gargoylesoftware.htmlunit.html.xpath.XPathUtils.getByXPath(XPathUtils.java:77)
	... 40 more
</pre></div></td>
<td>0</td>
<td>com.qa.testcases.LoginPageTest@11053e1</td></tr>
<tr>
<td title='com.qa.testcases.LoginPageTest.validateCruisesPageLink()'><b>validateCruisesPageLink</b><br>Test class: com.qa.testcases.LoginPageTest</td>
<td><div><pre>org.openqa.selenium.InvalidSelectorException: The xpath expression &apos;//a[conatins(text(),&apos;Cruises&apos;)]&apos; cannot be evaluated
For documentation on this error, please visit: http://seleniumhq.org/exceptions/invalid_selector_exception.html
Build info: version: &apos;3.5.3&apos;, revision: &apos;a88d25fe6b&apos;, time: &apos;2017-08-29T12:42:44.417Z&apos;
System info: host: &apos;VEERANTI&apos;, ip: &apos;192.168.0.8&apos;, os.name: &apos;Windows 8&apos;, os.arch: &apos;x86&apos;, os.version: &apos;6.2&apos;, java.version: &apos;1.8.0_71&apos;
Driver info: driver.version: HtmlUnitDriver
	at org.openqa.selenium.htmlunit.HtmlUnitDriver.findElementByXPath(HtmlUnitDriver.java:1352)
	at org.openqa.selenium.By$ByXPath.findElement(By.java:361)
	at org.openqa.selenium.htmlunit.HtmlUnitDriver$4.call(HtmlUnitDriver.java:1970)
	at org.openqa.selenium.htmlunit.HtmlUnitDriver$4.call(HtmlUnitDriver.java:1)
	at org.openqa.selenium.htmlunit.HtmlUnitDriver.implicitlyWaitFor(HtmlUnitDriver.java:1606)
	at org.openqa.selenium.htmlunit.HtmlUnitDriver.findElement(HtmlUnitDriver.java:1966)
	at org.openqa.selenium.htmlunit.HtmlUnitDriver.findElement(HtmlUnitDriver.java:754)
	at org.openqa.selenium.support.pagefactory.DefaultElementLocator.findElement(DefaultElementLocator.java:69)
	at org.openqa.selenium.support.pagefactory.internal.LocatingElementHandler.invoke(LocatingElementHandler.java:38)
	at com.sun.proxy.$Proxy21.click(Unknown Source)
	at com.qa.pages.LoginPage.CruisesPageLink(LoginPage.java:123)
	at com.qa.testcases.LoginPageTest.validateCruisesPageLink(LoginPageTest.java:125)
Caused by: java.lang.RuntimeException: Could not retrieve XPath &gt;//a[conatins(text(),&apos;Cruises&apos;)]&lt; on HtmlPage(http://newtours.demoaut.com/)@7624558
	at com.gargoylesoftware.htmlunit.html.xpath.XPathUtils.getByXPath(XPathUtils.java:99)
	at com.gargoylesoftware.htmlunit.html.DomNode.getByXPath(DomNode.java:1627)
	at com.gargoylesoftware.htmlunit.html.DomNode.getFirstByXPath(DomNode.java:1657)
	at com.gargoylesoftware.htmlunit.html.DomNode.getFirstByXPath(DomNode.java:1641)
	at org.openqa.selenium.htmlunit.HtmlUnitDriver.findElementByXPath(HtmlUnitDriver.java:1349)
	... 36 more
Caused by: javax.xml.transform.TransformerException: Could not find function: conatins
	at org.apache.xpath.compiler.XPathParser.error(XPathParser.java:610)
	at org.apache.xpath.compiler.XPathParser.FunctionCall(XPathParser.java:1507)
	at org.apache.xpath.compiler.XPathParser.PrimaryExpr(XPathParser.java:1446)
	at org.apache.xpath.compiler.XPathParser.FilterExpr(XPathParser.java:1345)
	at org.apache.xpath.compiler.XPathParser.PathExpr(XPathParser.java:1278)
	at org.apache.xpath.compiler.XPathParser.UnionExpr(XPathParser.java:1236)
	at org.apache.xpath.compiler.XPathParser.UnaryExpr(XPathParser.java:1142)
	at org.apache.xpath.compiler.XPathParser.MultiplicativeExpr(XPathParser.java:1063)
	at org.apache.xpath.compiler.XPathParser.AdditiveExpr(XPathParser.java:1005)
	at org.apache.xpath.compiler.XPathParser.RelationalExpr(XPathParser.java:930)
	at org.apache.xpath.compiler.XPathParser.EqualityExpr(XPathParser.java:870)
	at org.apache.xpath.compiler.XPathParser.AndExpr(XPathParser.java:834)
	at org.apache.xpath.compiler.XPathParser.OrExpr(XPathParser.java:807)
	at org.apache.xpath.compiler.XPathParser.Expr(XPathParser.java:790)
	at org.apache.xpath.compiler.XPathParser.PredicateExpr(XPathParser.java:1954)
	at org.apache.xpath.compiler.XPathParser.Predicate(XPathParser.java:1936)
	at org.apache.xpath.compiler.XPathParser.Step(XPathParser.java:1726)
	at org.apache.xpath.compiler.XPathParser.RelativeLocationPath(XPathParser.java:1626)
	at org.apache.xpath.compiler.XPathParser.LocationPath(XPathParser.java:1597)
	at org.apache.xpath.compiler.XPathParser.PathExpr(XPathParser.java:1317)
	at org.apache.xpath.compiler.XPathParser.UnionExpr(XPathParser.java:1236)
	at org.apache.xpath.compiler.XPathParser.UnaryExpr(XPathParser.java:1142)
	at org.apache.xpath.compiler.XPathParser.MultiplicativeExpr(XPathParser.java:1063)
	at org.apache.xpath.compiler.XPathParser.AdditiveExpr(XPathParser.java:1005)
	at org.apache.xpath.compiler.XPathParser.RelationalExpr(XPathParser.java:930)
	at org.apache.xpath.compiler.XPathParser.EqualityExpr(XPathParser.java:870)
	at org.apache.xpath.compiler.XPathParser.AndExpr(XPathParser.java:834)
	at org.apache.xpath.compiler.XPathParser.OrExpr(XPathParser.java:807)
	at org.apache.xpath.compiler.XPathParser.Expr(XPathParser.java:790)
	at org.apache.xpath.compiler.XPathParser.initXPath(XPathParser.java:129)
	at com.gargoylesoftware.htmlunit.html.xpath.XPathAdapter.&lt;init&gt;(XPathAdapter.java:82)
	at com.gargoylesoftware.htmlunit.html.xpath.XPathUtils.evaluateXPath(XPathUtils.java:143)
	at com.gargoylesoftware.htmlunit.html.xpath.XPathUtils.getByXPath(XPathUtils.java:77)
	... 40 more
... Removed 25 stack frames</pre></div><a href='#' onClick='toggleBox("stack-trace4052331", this, "Click to show all stack frames", "Click to hide stack frames")'>Click to show all stack frames</a>
<div class='stack-trace' id='stack-trace4052331'><pre>org.openqa.selenium.InvalidSelectorException: The xpath expression &apos;//a[conatins(text(),&apos;Cruises&apos;)]&apos; cannot be evaluated
For documentation on this error, please visit: http://seleniumhq.org/exceptions/invalid_selector_exception.html
Build info: version: &apos;3.5.3&apos;, revision: &apos;a88d25fe6b&apos;, time: &apos;2017-08-29T12:42:44.417Z&apos;
System info: host: &apos;VEERANTI&apos;, ip: &apos;192.168.0.8&apos;, os.name: &apos;Windows 8&apos;, os.arch: &apos;x86&apos;, os.version: &apos;6.2&apos;, java.version: &apos;1.8.0_71&apos;
Driver info: driver.version: HtmlUnitDriver
	at org.openqa.selenium.htmlunit.HtmlUnitDriver.findElementByXPath(HtmlUnitDriver.java:1352)
	at org.openqa.selenium.By$ByXPath.findElement(By.java:361)
	at org.openqa.selenium.htmlunit.HtmlUnitDriver$4.call(HtmlUnitDriver.java:1970)
	at org.openqa.selenium.htmlunit.HtmlUnitDriver$4.call(HtmlUnitDriver.java:1)
	at org.openqa.selenium.htmlunit.HtmlUnitDriver.implicitlyWaitFor(HtmlUnitDriver.java:1606)
	at org.openqa.selenium.htmlunit.HtmlUnitDriver.findElement(HtmlUnitDriver.java:1966)
	at org.openqa.selenium.htmlunit.HtmlUnitDriver.findElement(HtmlUnitDriver.java:754)
	at org.openqa.selenium.support.pagefactory.DefaultElementLocator.findElement(DefaultElementLocator.java:69)
	at org.openqa.selenium.support.pagefactory.internal.LocatingElementHandler.invoke(LocatingElementHandler.java:38)
	at com.sun.proxy.$Proxy21.click(Unknown Source)
	at com.qa.pages.LoginPage.CruisesPageLink(LoginPage.java:123)
	at com.qa.testcases.LoginPageTest.validateCruisesPageLink(LoginPageTest.java:125)
	at sun.reflect.NativeMethodAccessorImpl.invoke0(Native Method)
	at sun.reflect.NativeMethodAccessorImpl.invoke(NativeMethodAccessorImpl.java:62)
	at sun.reflect.DelegatingMethodAccessorImpl.invoke(DelegatingMethodAccessorImpl.java:43)
	at java.lang.reflect.Method.invoke(Method.java:497)
	at org.testng.internal.MethodInvocationHelper.invokeMethod(MethodInvocationHelper.java:108)
	at org.testng.internal.Invoker.invokeMethod(Invoker.java:661)
	at org.testng.internal.Invoker.invokeTestMethod(Invoker.java:869)
	at org.testng.internal.Invoker.invokeTestMethods(Invoker.java:1193)
	at org.testng.internal.TestMethodWorker.invokeTestMethods(TestMethodWorker.java:126)
	at org.testng.internal.TestMethodWorker.run(TestMethodWorker.java:109)
	at org.testng.TestRunner.privateRun(TestRunner.java:744)
	at org.testng.TestRunner.run(TestRunner.java:602)
	at org.testng.SuiteRunner.runTest(SuiteRunner.java:380)
	at org.testng.SuiteRunner.runSequentially(SuiteRunner.java:375)
	at org.testng.SuiteRunner.privateRun(SuiteRunner.java:340)
	at org.testng.SuiteRunner.run(SuiteRunner.java:289)
	at org.testng.SuiteRunnerWorker.runSuite(SuiteRunnerWorker.java:52)
	at org.testng.SuiteRunnerWorker.run(SuiteRunnerWorker.java:86)
	at org.testng.TestNG.runSuitesSequentially(TestNG.java:1301)
	at org.testng.TestNG.runSuitesLocally(TestNG.java:1226)
	at org.testng.TestNG.runSuites(TestNG.java:1144)
	at org.testng.TestNG.run(TestNG.java:1115)
	at org.testng.remote.AbstractRemoteTestNG.run(AbstractRemoteTestNG.java:114)
	at org.testng.remote.RemoteTestNG.initAndRun(RemoteTestNG.java:251)
	at org.testng.remote.RemoteTestNG.main(RemoteTestNG.java:77)
Caused by: java.lang.RuntimeException: Could not retrieve XPath &gt;//a[conatins(text(),&apos;Cruises&apos;)]&lt; on HtmlPage(http://newtours.demoaut.com/)@7624558
	at com.gargoylesoftware.htmlunit.html.xpath.XPathUtils.getByXPath(XPathUtils.java:99)
	at com.gargoylesoftware.htmlunit.html.DomNode.getByXPath(DomNode.java:1627)
	at com.gargoylesoftware.htmlunit.html.DomNode.getFirstByXPath(DomNode.java:1657)
	at com.gargoylesoftware.htmlunit.html.DomNode.getFirstByXPath(DomNode.java:1641)
	at org.openqa.selenium.htmlunit.HtmlUnitDriver.findElementByXPath(HtmlUnitDriver.java:1349)
	... 36 more
Caused by: javax.xml.transform.TransformerException: Could not find function: conatins
	at org.apache.xpath.compiler.XPathParser.error(XPathParser.java:610)
	at org.apache.xpath.compiler.XPathParser.FunctionCall(XPathParser.java:1507)
	at org.apache.xpath.compiler.XPathParser.PrimaryExpr(XPathParser.java:1446)
	at org.apache.xpath.compiler.XPathParser.FilterExpr(XPathParser.java:1345)
	at org.apache.xpath.compiler.XPathParser.PathExpr(XPathParser.java:1278)
	at org.apache.xpath.compiler.XPathParser.UnionExpr(XPathParser.java:1236)
	at org.apache.xpath.compiler.XPathParser.UnaryExpr(XPathParser.java:1142)
	at org.apache.xpath.compiler.XPathParser.MultiplicativeExpr(XPathParser.java:1063)
	at org.apache.xpath.compiler.XPathParser.AdditiveExpr(XPathParser.java:1005)
	at org.apache.xpath.compiler.XPathParser.RelationalExpr(XPathParser.java:930)
	at org.apache.xpath.compiler.XPathParser.EqualityExpr(XPathParser.java:870)
	at org.apache.xpath.compiler.XPathParser.AndExpr(XPathParser.java:834)
	at org.apache.xpath.compiler.XPathParser.OrExpr(XPathParser.java:807)
	at org.apache.xpath.compiler.XPathParser.Expr(XPathParser.java:790)
	at org.apache.xpath.compiler.XPathParser.PredicateExpr(XPathParser.java:1954)
	at org.apache.xpath.compiler.XPathParser.Predicate(XPathParser.java:1936)
	at org.apache.xpath.compiler.XPathParser.Step(XPathParser.java:1726)
	at org.apache.xpath.compiler.XPathParser.RelativeLocationPath(XPathParser.java:1626)
	at org.apache.xpath.compiler.XPathParser.LocationPath(XPathParser.java:1597)
	at org.apache.xpath.compiler.XPathParser.PathExpr(XPathParser.java:1317)
	at org.apache.xpath.compiler.XPathParser.UnionExpr(XPathParser.java:1236)
	at org.apache.xpath.compiler.XPathParser.UnaryExpr(XPathParser.java:1142)
	at org.apache.xpath.compiler.XPathParser.MultiplicativeExpr(XPathParser.java:1063)
	at org.apache.xpath.compiler.XPathParser.AdditiveExpr(XPathParser.java:1005)
	at org.apache.xpath.compiler.XPathParser.RelationalExpr(XPathParser.java:930)
	at org.apache.xpath.compiler.XPathParser.EqualityExpr(XPathParser.java:870)
	at org.apache.xpath.compiler.XPathParser.AndExpr(XPathParser.java:834)
	at org.apache.xpath.compiler.XPathParser.OrExpr(XPathParser.java:807)
	at org.apache.xpath.compiler.XPathParser.Expr(XPathParser.java:790)
	at org.apache.xpath.compiler.XPathParser.initXPath(XPathParser.java:129)
	at com.gargoylesoftware.htmlunit.html.xpath.XPathAdapter.&lt;init&gt;(XPathAdapter.java:82)
	at com.gargoylesoftware.htmlunit.html.xpath.XPathUtils.evaluateXPath(XPathUtils.java:143)
	at com.gargoylesoftware.htmlunit.html.xpath.XPathUtils.getByXPath(XPathUtils.java:77)
	... 40 more
</pre></div></td>
<td>0</td>
<td>com.qa.testcases.LoginPageTest@11053e1</td></tr>
<tr>
<td title='com.qa.testcases.LoginPageTest.validateDestinationPageLink()'><b>validateDestinationPageLink</b><br>Test class: com.qa.testcases.LoginPageTest</td>
<td><div><pre>org.openqa.selenium.InvalidSelectorException: The xpath expression &apos;//a[conatins(text(),&apos;Destinations&apos;)]&apos; cannot be evaluated
For documentation on this error, please visit: http://seleniumhq.org/exceptions/invalid_selector_exception.html
Build info: version: &apos;3.5.3&apos;, revision: &apos;a88d25fe6b&apos;, time: &apos;2017-08-29T12:42:44.417Z&apos;
System info: host: &apos;VEERANTI&apos;, ip: &apos;192.168.0.8&apos;, os.name: &apos;Windows 8&apos;, os.arch: &apos;x86&apos;, os.version: &apos;6.2&apos;, java.version: &apos;1.8.0_71&apos;
Driver info: driver.version: HtmlUnitDriver
	at org.openqa.selenium.htmlunit.HtmlUnitDriver.findElementByXPath(HtmlUnitDriver.java:1352)
	at org.openqa.selenium.By$ByXPath.findElement(By.java:361)
	at org.openqa.selenium.htmlunit.HtmlUnitDriver$4.call(HtmlUnitDriver.java:1970)
	at org.openqa.selenium.htmlunit.HtmlUnitDriver$4.call(HtmlUnitDriver.java:1)
	at org.openqa.selenium.htmlunit.HtmlUnitDriver.implicitlyWaitFor(HtmlUnitDriver.java:1606)
	at org.openqa.selenium.htmlunit.HtmlUnitDriver.findElement(HtmlUnitDriver.java:1966)
	at org.openqa.selenium.htmlunit.HtmlUnitDriver.findElement(HtmlUnitDriver.java:754)
	at org.openqa.selenium.support.pagefactory.DefaultElementLocator.findElement(DefaultElementLocator.java:69)
	at org.openqa.selenium.support.pagefactory.internal.LocatingElementHandler.invoke(LocatingElementHandler.java:38)
	at com.sun.proxy.$Proxy21.click(Unknown Source)
	at com.qa.pages.LoginPage.DestinationsPageLink(LoginPage.java:129)
	at com.qa.testcases.LoginPageTest.validateDestinationPageLink(LoginPageTest.java:130)
Caused by: java.lang.RuntimeException: Could not retrieve XPath &gt;//a[conatins(text(),&apos;Destinations&apos;)]&lt; on HtmlPage(http://newtours.demoaut.com/)@11655500
	at com.gargoylesoftware.htmlunit.html.xpath.XPathUtils.getByXPath(XPathUtils.java:99)
	at com.gargoylesoftware.htmlunit.html.DomNode.getByXPath(DomNode.java:1627)
	at com.gargoylesoftware.htmlunit.html.DomNode.getFirstByXPath(DomNode.java:1657)
	at com.gargoylesoftware.htmlunit.html.DomNode.getFirstByXPath(DomNode.java:1641)
	at org.openqa.selenium.htmlunit.HtmlUnitDriver.findElementByXPath(HtmlUnitDriver.java:1349)
	... 36 more
Caused by: javax.xml.transform.TransformerException: Could not find function: conatins
	at org.apache.xpath.compiler.XPathParser.error(XPathParser.java:610)
	at org.apache.xpath.compiler.XPathParser.FunctionCall(XPathParser.java:1507)
	at org.apache.xpath.compiler.XPathParser.PrimaryExpr(XPathParser.java:1446)
	at org.apache.xpath.compiler.XPathParser.FilterExpr(XPathParser.java:1345)
	at org.apache.xpath.compiler.XPathParser.PathExpr(XPathParser.java:1278)
	at org.apache.xpath.compiler.XPathParser.UnionExpr(XPathParser.java:1236)
	at org.apache.xpath.compiler.XPathParser.UnaryExpr(XPathParser.java:1142)
	at org.apache.xpath.compiler.XPathParser.MultiplicativeExpr(XPathParser.java:1063)
	at org.apache.xpath.compiler.XPathParser.AdditiveExpr(XPathParser.java:1005)
	at org.apache.xpath.compiler.XPathParser.RelationalExpr(XPathParser.java:930)
	at org.apache.xpath.compiler.XPathParser.EqualityExpr(XPathParser.java:870)
	at org.apache.xpath.compiler.XPathParser.AndExpr(XPathParser.java:834)
	at org.apache.xpath.compiler.XPathParser.OrExpr(XPathParser.java:807)
	at org.apache.xpath.compiler.XPathParser.Expr(XPathParser.java:790)
	at org.apache.xpath.compiler.XPathParser.PredicateExpr(XPathParser.java:1954)
	at org.apache.xpath.compiler.XPathParser.Predicate(XPathParser.java:1936)
	at org.apache.xpath.compiler.XPathParser.Step(XPathParser.java:1726)
	at org.apache.xpath.compiler.XPathParser.RelativeLocationPath(XPathParser.java:1626)
	at org.apache.xpath.compiler.XPathParser.LocationPath(XPathParser.java:1597)
	at org.apache.xpath.compiler.XPathParser.PathExpr(XPathParser.java:1317)
	at org.apache.xpath.compiler.XPathParser.UnionExpr(XPathParser.java:1236)
	at org.apache.xpath.compiler.XPathParser.UnaryExpr(XPathParser.java:1142)
	at org.apache.xpath.compiler.XPathParser.MultiplicativeExpr(XPathParser.java:1063)
	at org.apache.xpath.compiler.XPathParser.AdditiveExpr(XPathParser.java:1005)
	at org.apache.xpath.compiler.XPathParser.RelationalExpr(XPathParser.java:930)
	at org.apache.xpath.compiler.XPathParser.EqualityExpr(XPathParser.java:870)
	at org.apache.xpath.compiler.XPathParser.AndExpr(XPathParser.java:834)
	at org.apache.xpath.compiler.XPathParser.OrExpr(XPathParser.java:807)
	at org.apache.xpath.compiler.XPathParser.Expr(XPathParser.java:790)
	at org.apache.xpath.compiler.XPathParser.initXPath(XPathParser.java:129)
	at com.gargoylesoftware.htmlunit.html.xpath.XPathAdapter.&lt;init&gt;(XPathAdapter.java:82)
	at com.gargoylesoftware.htmlunit.html.xpath.XPathUtils.evaluateXPath(XPathUtils.java:143)
	at com.gargoylesoftware.htmlunit.html.xpath.XPathUtils.getByXPath(XPathUtils.java:77)
	... 40 more
... Removed 25 stack frames</pre></div><a href='#' onClick='toggleBox("stack-trace4313143", this, "Click to show all stack frames", "Click to hide stack frames")'>Click to show all stack frames</a>
<div class='stack-trace' id='stack-trace4313143'><pre>org.openqa.selenium.InvalidSelectorException: The xpath expression &apos;//a[conatins(text(),&apos;Destinations&apos;)]&apos; cannot be evaluated
For documentation on this error, please visit: http://seleniumhq.org/exceptions/invalid_selector_exception.html
Build info: version: &apos;3.5.3&apos;, revision: &apos;a88d25fe6b&apos;, time: &apos;2017-08-29T12:42:44.417Z&apos;
System info: host: &apos;VEERANTI&apos;, ip: &apos;192.168.0.8&apos;, os.name: &apos;Windows 8&apos;, os.arch: &apos;x86&apos;, os.version: &apos;6.2&apos;, java.version: &apos;1.8.0_71&apos;
Driver info: driver.version: HtmlUnitDriver
	at org.openqa.selenium.htmlunit.HtmlUnitDriver.findElementByXPath(HtmlUnitDriver.java:1352)
	at org.openqa.selenium.By$ByXPath.findElement(By.java:361)
	at org.openqa.selenium.htmlunit.HtmlUnitDriver$4.call(HtmlUnitDriver.java:1970)
	at org.openqa.selenium.htmlunit.HtmlUnitDriver$4.call(HtmlUnitDriver.java:1)
	at org.openqa.selenium.htmlunit.HtmlUnitDriver.implicitlyWaitFor(HtmlUnitDriver.java:1606)
	at org.openqa.selenium.htmlunit.HtmlUnitDriver.findElement(HtmlUnitDriver.java:1966)
	at org.openqa.selenium.htmlunit.HtmlUnitDriver.findElement(HtmlUnitDriver.java:754)
	at org.openqa.selenium.support.pagefactory.DefaultElementLocator.findElement(DefaultElementLocator.java:69)
	at org.openqa.selenium.support.pagefactory.internal.LocatingElementHandler.invoke(LocatingElementHandler.java:38)
	at com.sun.proxy.$Proxy21.click(Unknown Source)
	at com.qa.pages.LoginPage.DestinationsPageLink(LoginPage.java:129)
	at com.qa.testcases.LoginPageTest.validateDestinationPageLink(LoginPageTest.java:130)
	at sun.reflect.NativeMethodAccessorImpl.invoke0(Native Method)
	at sun.reflect.NativeMethodAccessorImpl.invoke(NativeMethodAccessorImpl.java:62)
	at sun.reflect.DelegatingMethodAccessorImpl.invoke(DelegatingMethodAccessorImpl.java:43)
	at java.lang.reflect.Method.invoke(Method.java:497)
	at org.testng.internal.MethodInvocationHelper.invokeMethod(MethodInvocationHelper.java:108)
	at org.testng.internal.Invoker.invokeMethod(Invoker.java:661)
	at org.testng.internal.Invoker.invokeTestMethod(Invoker.java:869)
	at org.testng.internal.Invoker.invokeTestMethods(Invoker.java:1193)
	at org.testng.internal.TestMethodWorker.invokeTestMethods(TestMethodWorker.java:126)
	at org.testng.internal.TestMethodWorker.run(TestMethodWorker.java:109)
	at org.testng.TestRunner.privateRun(TestRunner.java:744)
	at org.testng.TestRunner.run(TestRunner.java:602)
	at org.testng.SuiteRunner.runTest(SuiteRunner.java:380)
	at org.testng.SuiteRunner.runSequentially(SuiteRunner.java:375)
	at org.testng.SuiteRunner.privateRun(SuiteRunner.java:340)
	at org.testng.SuiteRunner.run(SuiteRunner.java:289)
	at org.testng.SuiteRunnerWorker.runSuite(SuiteRunnerWorker.java:52)
	at org.testng.SuiteRunnerWorker.run(SuiteRunnerWorker.java:86)
	at org.testng.TestNG.runSuitesSequentially(TestNG.java:1301)
	at org.testng.TestNG.runSuitesLocally(TestNG.java:1226)
	at org.testng.TestNG.runSuites(TestNG.java:1144)
	at org.testng.TestNG.run(TestNG.java:1115)
	at org.testng.remote.AbstractRemoteTestNG.run(AbstractRemoteTestNG.java:114)
	at org.testng.remote.RemoteTestNG.initAndRun(RemoteTestNG.java:251)
	at org.testng.remote.RemoteTestNG.main(RemoteTestNG.java:77)
Caused by: java.lang.RuntimeException: Could not retrieve XPath &gt;//a[conatins(text(),&apos;Destinations&apos;)]&lt; on HtmlPage(http://newtours.demoaut.com/)@11655500
	at com.gargoylesoftware.htmlunit.html.xpath.XPathUtils.getByXPath(XPathUtils.java:99)
	at com.gargoylesoftware.htmlunit.html.DomNode.getByXPath(DomNode.java:1627)
	at com.gargoylesoftware.htmlunit.html.DomNode.getFirstByXPath(DomNode.java:1657)
	at com.gargoylesoftware.htmlunit.html.DomNode.getFirstByXPath(DomNode.java:1641)
	at org.openqa.selenium.htmlunit.HtmlUnitDriver.findElementByXPath(HtmlUnitDriver.java:1349)
	... 36 more
Caused by: javax.xml.transform.TransformerException: Could not find function: conatins
	at org.apache.xpath.compiler.XPathParser.error(XPathParser.java:610)
	at org.apache.xpath.compiler.XPathParser.FunctionCall(XPathParser.java:1507)
	at org.apache.xpath.compiler.XPathParser.PrimaryExpr(XPathParser.java:1446)
	at org.apache.xpath.compiler.XPathParser.FilterExpr(XPathParser.java:1345)
	at org.apache.xpath.compiler.XPathParser.PathExpr(XPathParser.java:1278)
	at org.apache.xpath.compiler.XPathParser.UnionExpr(XPathParser.java:1236)
	at org.apache.xpath.compiler.XPathParser.UnaryExpr(XPathParser.java:1142)
	at org.apache.xpath.compiler.XPathParser.MultiplicativeExpr(XPathParser.java:1063)
	at org.apache.xpath.compiler.XPathParser.AdditiveExpr(XPathParser.java:1005)
	at org.apache.xpath.compiler.XPathParser.RelationalExpr(XPathParser.java:930)
	at org.apache.xpath.compiler.XPathParser.EqualityExpr(XPathParser.java:870)
	at org.apache.xpath.compiler.XPathParser.AndExpr(XPathParser.java:834)
	at org.apache.xpath.compiler.XPathParser.OrExpr(XPathParser.java:807)
	at org.apache.xpath.compiler.XPathParser.Expr(XPathParser.java:790)
	at org.apache.xpath.compiler.XPathParser.PredicateExpr(XPathParser.java:1954)
	at org.apache.xpath.compiler.XPathParser.Predicate(XPathParser.java:1936)
	at org.apache.xpath.compiler.XPathParser.Step(XPathParser.java:1726)
	at org.apache.xpath.compiler.XPathParser.RelativeLocationPath(XPathParser.java:1626)
	at org.apache.xpath.compiler.XPathParser.LocationPath(XPathParser.java:1597)
	at org.apache.xpath.compiler.XPathParser.PathExpr(XPathParser.java:1317)
	at org.apache.xpath.compiler.XPathParser.UnionExpr(XPathParser.java:1236)
	at org.apache.xpath.compiler.XPathParser.UnaryExpr(XPathParser.java:1142)
	at org.apache.xpath.compiler.XPathParser.MultiplicativeExpr(XPathParser.java:1063)
	at org.apache.xpath.compiler.XPathParser.AdditiveExpr(XPathParser.java:1005)
	at org.apache.xpath.compiler.XPathParser.RelationalExpr(XPathParser.java:930)
	at org.apache.xpath.compiler.XPathParser.EqualityExpr(XPathParser.java:870)
	at org.apache.xpath.compiler.XPathParser.AndExpr(XPathParser.java:834)
	at org.apache.xpath.compiler.XPathParser.OrExpr(XPathParser.java:807)
	at org.apache.xpath.compiler.XPathParser.Expr(XPathParser.java:790)
	at org.apache.xpath.compiler.XPathParser.initXPath(XPathParser.java:129)
	at com.gargoylesoftware.htmlunit.html.xpath.XPathAdapter.&lt;init&gt;(XPathAdapter.java:82)
	at com.gargoylesoftware.htmlunit.html.xpath.XPathUtils.evaluateXPath(XPathUtils.java:143)
	at com.gargoylesoftware.htmlunit.html.xpath.XPathUtils.getByXPath(XPathUtils.java:77)
	... 40 more
</pre></div></td>
<td>0</td>
<td>com.qa.testcases.LoginPageTest@11053e1</td></tr>
<tr>
<td title='com.qa.testcases.LoginPageTest.validateFlightsPageLink()'><b>validateFlightsPageLink</b><br>Test class: com.qa.testcases.LoginPageTest</td>
<td><div><pre>org.openqa.selenium.InvalidSelectorException: The xpath expression &apos;//a[conatins(text(),&apos;Flights&apos;)]&apos; cannot be evaluated
For documentation on this error, please visit: http://seleniumhq.org/exceptions/invalid_selector_exception.html
Build info: version: &apos;3.5.3&apos;, revision: &apos;a88d25fe6b&apos;, time: &apos;2017-08-29T12:42:44.417Z&apos;
System info: host: &apos;VEERANTI&apos;, ip: &apos;192.168.0.8&apos;, os.name: &apos;Windows 8&apos;, os.arch: &apos;x86&apos;, os.version: &apos;6.2&apos;, java.version: &apos;1.8.0_71&apos;
Driver info: driver.version: HtmlUnitDriver
	at org.openqa.selenium.htmlunit.HtmlUnitDriver.findElementByXPath(HtmlUnitDriver.java:1352)
	at org.openqa.selenium.By$ByXPath.findElement(By.java:361)
	at org.openqa.selenium.htmlunit.HtmlUnitDriver$4.call(HtmlUnitDriver.java:1970)
	at org.openqa.selenium.htmlunit.HtmlUnitDriver$4.call(HtmlUnitDriver.java:1)
	at org.openqa.selenium.htmlunit.HtmlUnitDriver.implicitlyWaitFor(HtmlUnitDriver.java:1606)
	at org.openqa.selenium.htmlunit.HtmlUnitDriver.findElement(HtmlUnitDriver.java:1966)
	at org.openqa.selenium.htmlunit.HtmlUnitDriver.findElement(HtmlUnitDriver.java:754)
	at org.openqa.selenium.support.pagefactory.DefaultElementLocator.findElement(DefaultElementLocator.java:69)
	at org.openqa.selenium.support.pagefactory.internal.LocatingElementHandler.invoke(LocatingElementHandler.java:38)
	at com.sun.proxy.$Proxy21.click(Unknown Source)
	at com.qa.pages.LoginPage.FlightsPageLink(LoginPage.java:105)
	at com.qa.testcases.LoginPageTest.validateFlightsPageLink(LoginPageTest.java:109)
Caused by: java.lang.RuntimeException: Could not retrieve XPath &gt;//a[conatins(text(),&apos;Flights&apos;)]&lt; on HtmlPage(http://newtours.demoaut.com/)@5124952
	at com.gargoylesoftware.htmlunit.html.xpath.XPathUtils.getByXPath(XPathUtils.java:99)
	at com.gargoylesoftware.htmlunit.html.DomNode.getByXPath(DomNode.java:1627)
	at com.gargoylesoftware.htmlunit.html.DomNode.getFirstByXPath(DomNode.java:1657)
	at com.gargoylesoftware.htmlunit.html.DomNode.getFirstByXPath(DomNode.java:1641)
	at org.openqa.selenium.htmlunit.HtmlUnitDriver.findElementByXPath(HtmlUnitDriver.java:1349)
	... 36 more
Caused by: javax.xml.transform.TransformerException: Could not find function: conatins
	at org.apache.xpath.compiler.XPathParser.error(XPathParser.java:610)
	at org.apache.xpath.compiler.XPathParser.FunctionCall(XPathParser.java:1507)
	at org.apache.xpath.compiler.XPathParser.PrimaryExpr(XPathParser.java:1446)
	at org.apache.xpath.compiler.XPathParser.FilterExpr(XPathParser.java:1345)
	at org.apache.xpath.compiler.XPathParser.PathExpr(XPathParser.java:1278)
	at org.apache.xpath.compiler.XPathParser.UnionExpr(XPathParser.java:1236)
	at org.apache.xpath.compiler.XPathParser.UnaryExpr(XPathParser.java:1142)
	at org.apache.xpath.compiler.XPathParser.MultiplicativeExpr(XPathParser.java:1063)
	at org.apache.xpath.compiler.XPathParser.AdditiveExpr(XPathParser.java:1005)
	at org.apache.xpath.compiler.XPathParser.RelationalExpr(XPathParser.java:930)
	at org.apache.xpath.compiler.XPathParser.EqualityExpr(XPathParser.java:870)
	at org.apache.xpath.compiler.XPathParser.AndExpr(XPathParser.java:834)
	at org.apache.xpath.compiler.XPathParser.OrExpr(XPathParser.java:807)
	at org.apache.xpath.compiler.XPathParser.Expr(XPathParser.java:790)
	at org.apache.xpath.compiler.XPathParser.PredicateExpr(XPathParser.java:1954)
	at org.apache.xpath.compiler.XPathParser.Predicate(XPathParser.java:1936)
	at org.apache.xpath.compiler.XPathParser.Step(XPathParser.java:1726)
	at org.apache.xpath.compiler.XPathParser.RelativeLocationPath(XPathParser.java:1626)
	at org.apache.xpath.compiler.XPathParser.LocationPath(XPathParser.java:1597)
	at org.apache.xpath.compiler.XPathParser.PathExpr(XPathParser.java:1317)
	at org.apache.xpath.compiler.XPathParser.UnionExpr(XPathParser.java:1236)
	at org.apache.xpath.compiler.XPathParser.UnaryExpr(XPathParser.java:1142)
	at org.apache.xpath.compiler.XPathParser.MultiplicativeExpr(XPathParser.java:1063)
	at org.apache.xpath.compiler.XPathParser.AdditiveExpr(XPathParser.java:1005)
	at org.apache.xpath.compiler.XPathParser.RelationalExpr(XPathParser.java:930)
	at org.apache.xpath.compiler.XPathParser.EqualityExpr(XPathParser.java:870)
	at org.apache.xpath.compiler.XPathParser.AndExpr(XPathParser.java:834)
	at org.apache.xpath.compiler.XPathParser.OrExpr(XPathParser.java:807)
	at org.apache.xpath.compiler.XPathParser.Expr(XPathParser.java:790)
	at org.apache.xpath.compiler.XPathParser.initXPath(XPathParser.java:129)
	at com.gargoylesoftware.htmlunit.html.xpath.XPathAdapter.&lt;init&gt;(XPathAdapter.java:82)
	at com.gargoylesoftware.htmlunit.html.xpath.XPathUtils.evaluateXPath(XPathUtils.java:143)
	at com.gargoylesoftware.htmlunit.html.xpath.XPathUtils.getByXPath(XPathUtils.java:77)
	... 40 more
... Removed 25 stack frames</pre></div><a href='#' onClick='toggleBox("stack-trace4516295", this, "Click to show all stack frames", "Click to hide stack frames")'>Click to show all stack frames</a>
<div class='stack-trace' id='stack-trace4516295'><pre>org.openqa.selenium.InvalidSelectorException: The xpath expression &apos;//a[conatins(text(),&apos;Flights&apos;)]&apos; cannot be evaluated
For documentation on this error, please visit: http://seleniumhq.org/exceptions/invalid_selector_exception.html
Build info: version: &apos;3.5.3&apos;, revision: &apos;a88d25fe6b&apos;, time: &apos;2017-08-29T12:42:44.417Z&apos;
System info: host: &apos;VEERANTI&apos;, ip: &apos;192.168.0.8&apos;, os.name: &apos;Windows 8&apos;, os.arch: &apos;x86&apos;, os.version: &apos;6.2&apos;, java.version: &apos;1.8.0_71&apos;
Driver info: driver.version: HtmlUnitDriver
	at org.openqa.selenium.htmlunit.HtmlUnitDriver.findElementByXPath(HtmlUnitDriver.java:1352)
	at org.openqa.selenium.By$ByXPath.findElement(By.java:361)
	at org.openqa.selenium.htmlunit.HtmlUnitDriver$4.call(HtmlUnitDriver.java:1970)
	at org.openqa.selenium.htmlunit.HtmlUnitDriver$4.call(HtmlUnitDriver.java:1)
	at org.openqa.selenium.htmlunit.HtmlUnitDriver.implicitlyWaitFor(HtmlUnitDriver.java:1606)
	at org.openqa.selenium.htmlunit.HtmlUnitDriver.findElement(HtmlUnitDriver.java:1966)
	at org.openqa.selenium.htmlunit.HtmlUnitDriver.findElement(HtmlUnitDriver.java:754)
	at org.openqa.selenium.support.pagefactory.DefaultElementLocator.findElement(DefaultElementLocator.java:69)
	at org.openqa.selenium.support.pagefactory.internal.LocatingElementHandler.invoke(LocatingElementHandler.java:38)
	at com.sun.proxy.$Proxy21.click(Unknown Source)
	at com.qa.pages.LoginPage.FlightsPageLink(LoginPage.java:105)
	at com.qa.testcases.LoginPageTest.validateFlightsPageLink(LoginPageTest.java:109)
	at sun.reflect.NativeMethodAccessorImpl.invoke0(Native Method)
	at sun.reflect.NativeMethodAccessorImpl.invoke(NativeMethodAccessorImpl.java:62)
	at sun.reflect.DelegatingMethodAccessorImpl.invoke(DelegatingMethodAccessorImpl.java:43)
	at java.lang.reflect.Method.invoke(Method.java:497)
	at org.testng.internal.MethodInvocationHelper.invokeMethod(MethodInvocationHelper.java:108)
	at org.testng.internal.Invoker.invokeMethod(Invoker.java:661)
	at org.testng.internal.Invoker.invokeTestMethod(Invoker.java:869)
	at org.testng.internal.Invoker.invokeTestMethods(Invoker.java:1193)
	at org.testng.internal.TestMethodWorker.invokeTestMethods(TestMethodWorker.java:126)
	at org.testng.internal.TestMethodWorker.run(TestMethodWorker.java:109)
	at org.testng.TestRunner.privateRun(TestRunner.java:744)
	at org.testng.TestRunner.run(TestRunner.java:602)
	at org.testng.SuiteRunner.runTest(SuiteRunner.java:380)
	at org.testng.SuiteRunner.runSequentially(SuiteRunner.java:375)
	at org.testng.SuiteRunner.privateRun(SuiteRunner.java:340)
	at org.testng.SuiteRunner.run(SuiteRunner.java:289)
	at org.testng.SuiteRunnerWorker.runSuite(SuiteRunnerWorker.java:52)
	at org.testng.SuiteRunnerWorker.run(SuiteRunnerWorker.java:86)
	at org.testng.TestNG.runSuitesSequentially(TestNG.java:1301)
	at org.testng.TestNG.runSuitesLocally(TestNG.java:1226)
	at org.testng.TestNG.runSuites(TestNG.java:1144)
	at org.testng.TestNG.run(TestNG.java:1115)
	at org.testng.remote.AbstractRemoteTestNG.run(AbstractRemoteTestNG.java:114)
	at org.testng.remote.RemoteTestNG.initAndRun(RemoteTestNG.java:251)
	at org.testng.remote.RemoteTestNG.main(RemoteTestNG.java:77)
Caused by: java.lang.RuntimeException: Could not retrieve XPath &gt;//a[conatins(text(),&apos;Flights&apos;)]&lt; on HtmlPage(http://newtours.demoaut.com/)@5124952
	at com.gargoylesoftware.htmlunit.html.xpath.XPathUtils.getByXPath(XPathUtils.java:99)
	at com.gargoylesoftware.htmlunit.html.DomNode.getByXPath(DomNode.java:1627)
	at com.gargoylesoftware.htmlunit.html.DomNode.getFirstByXPath(DomNode.java:1657)
	at com.gargoylesoftware.htmlunit.html.DomNode.getFirstByXPath(DomNode.java:1641)
	at org.openqa.selenium.htmlunit.HtmlUnitDriver.findElementByXPath(HtmlUnitDriver.java:1349)
	... 36 more
Caused by: javax.xml.transform.TransformerException: Could not find function: conatins
	at org.apache.xpath.compiler.XPathParser.error(XPathParser.java:610)
	at org.apache.xpath.compiler.XPathParser.FunctionCall(XPathParser.java:1507)
	at org.apache.xpath.compiler.XPathParser.PrimaryExpr(XPathParser.java:1446)
	at org.apache.xpath.compiler.XPathParser.FilterExpr(XPathParser.java:1345)
	at org.apache.xpath.compiler.XPathParser.PathExpr(XPathParser.java:1278)
	at org.apache.xpath.compiler.XPathParser.UnionExpr(XPathParser.java:1236)
	at org.apache.xpath.compiler.XPathParser.UnaryExpr(XPathParser.java:1142)
	at org.apache.xpath.compiler.XPathParser.MultiplicativeExpr(XPathParser.java:1063)
	at org.apache.xpath.compiler.XPathParser.AdditiveExpr(XPathParser.java:1005)
	at org.apache.xpath.compiler.XPathParser.RelationalExpr(XPathParser.java:930)
	at org.apache.xpath.compiler.XPathParser.EqualityExpr(XPathParser.java:870)
	at org.apache.xpath.compiler.XPathParser.AndExpr(XPathParser.java:834)
	at org.apache.xpath.compiler.XPathParser.OrExpr(XPathParser.java:807)
	at org.apache.xpath.compiler.XPathParser.Expr(XPathParser.java:790)
	at org.apache.xpath.compiler.XPathParser.PredicateExpr(XPathParser.java:1954)
	at org.apache.xpath.compiler.XPathParser.Predicate(XPathParser.java:1936)
	at org.apache.xpath.compiler.XPathParser.Step(XPathParser.java:1726)
	at org.apache.xpath.compiler.XPathParser.RelativeLocationPath(XPathParser.java:1626)
	at org.apache.xpath.compiler.XPathParser.LocationPath(XPathParser.java:1597)
	at org.apache.xpath.compiler.XPathParser.PathExpr(XPathParser.java:1317)
	at org.apache.xpath.compiler.XPathParser.UnionExpr(XPathParser.java:1236)
	at org.apache.xpath.compiler.XPathParser.UnaryExpr(XPathParser.java:1142)
	at org.apache.xpath.compiler.XPathParser.MultiplicativeExpr(XPathParser.java:1063)
	at org.apache.xpath.compiler.XPathParser.AdditiveExpr(XPathParser.java:1005)
	at org.apache.xpath.compiler.XPathParser.RelationalExpr(XPathParser.java:930)
	at org.apache.xpath.compiler.XPathParser.EqualityExpr(XPathParser.java:870)
	at org.apache.xpath.compiler.XPathParser.AndExpr(XPathParser.java:834)
	at org.apache.xpath.compiler.XPathParser.OrExpr(XPathParser.java:807)
	at org.apache.xpath.compiler.XPathParser.Expr(XPathParser.java:790)
	at org.apache.xpath.compiler.XPathParser.initXPath(XPathParser.java:129)
	at com.gargoylesoftware.htmlunit.html.xpath.XPathAdapter.&lt;init&gt;(XPathAdapter.java:82)
	at com.gargoylesoftware.htmlunit.html.xpath.XPathUtils.evaluateXPath(XPathUtils.java:143)
	at com.gargoylesoftware.htmlunit.html.xpath.XPathUtils.getByXPath(XPathUtils.java:77)
	... 40 more
</pre></div></td>
<td>0</td>
<td>com.qa.testcases.LoginPageTest@11053e1</td></tr>
<tr>
<td title='com.qa.testcases.LoginPageTest.validateHotelsPageLink()'><b>validateHotelsPageLink</b><br>Test class: com.qa.testcases.LoginPageTest</td>
<td><div><pre>org.openqa.selenium.InvalidSelectorException: The xpath expression &apos;//a[conatins(text(),&apos;Hotels&apos;)]&apos; cannot be evaluated
For documentation on this error, please visit: http://seleniumhq.org/exceptions/invalid_selector_exception.html
Build info: version: &apos;3.5.3&apos;, revision: &apos;a88d25fe6b&apos;, time: &apos;2017-08-29T12:42:44.417Z&apos;
System info: host: &apos;VEERANTI&apos;, ip: &apos;192.168.0.8&apos;, os.name: &apos;Windows 8&apos;, os.arch: &apos;x86&apos;, os.version: &apos;6.2&apos;, java.version: &apos;1.8.0_71&apos;
Driver info: driver.version: HtmlUnitDriver
	at org.openqa.selenium.htmlunit.HtmlUnitDriver.findElementByXPath(HtmlUnitDriver.java:1352)
	at org.openqa.selenium.By$ByXPath.findElement(By.java:361)
	at org.openqa.selenium.htmlunit.HtmlUnitDriver$4.call(HtmlUnitDriver.java:1970)
	at org.openqa.selenium.htmlunit.HtmlUnitDriver$4.call(HtmlUnitDriver.java:1)
	at org.openqa.selenium.htmlunit.HtmlUnitDriver.implicitlyWaitFor(HtmlUnitDriver.java:1606)
	at org.openqa.selenium.htmlunit.HtmlUnitDriver.findElement(HtmlUnitDriver.java:1966)
	at org.openqa.selenium.htmlunit.HtmlUnitDriver.findElement(HtmlUnitDriver.java:754)
	at org.openqa.selenium.support.pagefactory.DefaultElementLocator.findElement(DefaultElementLocator.java:69)
	at org.openqa.selenium.support.pagefactory.internal.LocatingElementHandler.invoke(LocatingElementHandler.java:38)
	at com.sun.proxy.$Proxy21.click(Unknown Source)
	at com.qa.pages.LoginPage.HotelsPageLink(LoginPage.java:111)
	at com.qa.testcases.LoginPageTest.validateHotelsPageLink(LoginPageTest.java:114)
Caused by: java.lang.RuntimeException: Could not retrieve XPath &gt;//a[conatins(text(),&apos;Hotels&apos;)]&lt; on HtmlPage(http://newtours.demoaut.com/)@2214448
	at com.gargoylesoftware.htmlunit.html.xpath.XPathUtils.getByXPath(XPathUtils.java:99)
	at com.gargoylesoftware.htmlunit.html.DomNode.getByXPath(DomNode.java:1627)
	at com.gargoylesoftware.htmlunit.html.DomNode.getFirstByXPath(DomNode.java:1657)
	at com.gargoylesoftware.htmlunit.html.DomNode.getFirstByXPath(DomNode.java:1641)
	at org.openqa.selenium.htmlunit.HtmlUnitDriver.findElementByXPath(HtmlUnitDriver.java:1349)
	... 36 more
Caused by: javax.xml.transform.TransformerException: Could not find function: conatins
	at org.apache.xpath.compiler.XPathParser.error(XPathParser.java:610)
	at org.apache.xpath.compiler.XPathParser.FunctionCall(XPathParser.java:1507)
	at org.apache.xpath.compiler.XPathParser.PrimaryExpr(XPathParser.java:1446)
	at org.apache.xpath.compiler.XPathParser.FilterExpr(XPathParser.java:1345)
	at org.apache.xpath.compiler.XPathParser.PathExpr(XPathParser.java:1278)
	at org.apache.xpath.compiler.XPathParser.UnionExpr(XPathParser.java:1236)
	at org.apache.xpath.compiler.XPathParser.UnaryExpr(XPathParser.java:1142)
	at org.apache.xpath.compiler.XPathParser.MultiplicativeExpr(XPathParser.java:1063)
	at org.apache.xpath.compiler.XPathParser.AdditiveExpr(XPathParser.java:1005)
	at org.apache.xpath.compiler.XPathParser.RelationalExpr(XPathParser.java:930)
	at org.apache.xpath.compiler.XPathParser.EqualityExpr(XPathParser.java:870)
	at org.apache.xpath.compiler.XPathParser.AndExpr(XPathParser.java:834)
	at org.apache.xpath.compiler.XPathParser.OrExpr(XPathParser.java:807)
	at org.apache.xpath.compiler.XPathParser.Expr(XPathParser.java:790)
	at org.apache.xpath.compiler.XPathParser.PredicateExpr(XPathParser.java:1954)
	at org.apache.xpath.compiler.XPathParser.Predicate(XPathParser.java:1936)
	at org.apache.xpath.compiler.XPathParser.Step(XPathParser.java:1726)
	at org.apache.xpath.compiler.XPathParser.RelativeLocationPath(XPathParser.java:1626)
	at org.apache.xpath.compiler.XPathParser.LocationPath(XPathParser.java:1597)
	at org.apache.xpath.compiler.XPathParser.PathExpr(XPathParser.java:1317)
	at org.apache.xpath.compiler.XPathParser.UnionExpr(XPathParser.java:1236)
	at org.apache.xpath.compiler.XPathParser.UnaryExpr(XPathParser.java:1142)
	at org.apache.xpath.compiler.XPathParser.MultiplicativeExpr(XPathParser.java:1063)
	at org.apache.xpath.compiler.XPathParser.AdditiveExpr(XPathParser.java:1005)
	at org.apache.xpath.compiler.XPathParser.RelationalExpr(XPathParser.java:930)
	at org.apache.xpath.compiler.XPathParser.EqualityExpr(XPathParser.java:870)
	at org.apache.xpath.compiler.XPathParser.AndExpr(XPathParser.java:834)
	at org.apache.xpath.compiler.XPathParser.OrExpr(XPathParser.java:807)
	at org.apache.xpath.compiler.XPathParser.Expr(XPathParser.java:790)
	at org.apache.xpath.compiler.XPathParser.initXPath(XPathParser.java:129)
	at com.gargoylesoftware.htmlunit.html.xpath.XPathAdapter.&lt;init&gt;(XPathAdapter.java:82)
	at com.gargoylesoftware.htmlunit.html.xpath.XPathUtils.evaluateXPath(XPathUtils.java:143)
	at com.gargoylesoftware.htmlunit.html.xpath.XPathUtils.getByXPath(XPathUtils.java:77)
	... 40 more
... Removed 25 stack frames</pre></div><a href='#' onClick='toggleBox("stack-trace8417828", this, "Click to show all stack frames", "Click to hide stack frames")'>Click to show all stack frames</a>
<div class='stack-trace' id='stack-trace8417828'><pre>org.openqa.selenium.InvalidSelectorException: The xpath expression &apos;//a[conatins(text(),&apos;Hotels&apos;)]&apos; cannot be evaluated
For documentation on this error, please visit: http://seleniumhq.org/exceptions/invalid_selector_exception.html
Build info: version: &apos;3.5.3&apos;, revision: &apos;a88d25fe6b&apos;, time: &apos;2017-08-29T12:42:44.417Z&apos;
System info: host: &apos;VEERANTI&apos;, ip: &apos;192.168.0.8&apos;, os.name: &apos;Windows 8&apos;, os.arch: &apos;x86&apos;, os.version: &apos;6.2&apos;, java.version: &apos;1.8.0_71&apos;
Driver info: driver.version: HtmlUnitDriver
	at org.openqa.selenium.htmlunit.HtmlUnitDriver.findElementByXPath(HtmlUnitDriver.java:1352)
	at org.openqa.selenium.By$ByXPath.findElement(By.java:361)
	at org.openqa.selenium.htmlunit.HtmlUnitDriver$4.call(HtmlUnitDriver.java:1970)
	at org.openqa.selenium.htmlunit.HtmlUnitDriver$4.call(HtmlUnitDriver.java:1)
	at org.openqa.selenium.htmlunit.HtmlUnitDriver.implicitlyWaitFor(HtmlUnitDriver.java:1606)
	at org.openqa.selenium.htmlunit.HtmlUnitDriver.findElement(HtmlUnitDriver.java:1966)
	at org.openqa.selenium.htmlunit.HtmlUnitDriver.findElement(HtmlUnitDriver.java:754)
	at org.openqa.selenium.support.pagefactory.DefaultElementLocator.findElement(DefaultElementLocator.java:69)
	at org.openqa.selenium.support.pagefactory.internal.LocatingElementHandler.invoke(LocatingElementHandler.java:38)
	at com.sun.proxy.$Proxy21.click(Unknown Source)
	at com.qa.pages.LoginPage.HotelsPageLink(LoginPage.java:111)
	at com.qa.testcases.LoginPageTest.validateHotelsPageLink(LoginPageTest.java:114)
	at sun.reflect.NativeMethodAccessorImpl.invoke0(Native Method)
	at sun.reflect.NativeMethodAccessorImpl.invoke(NativeMethodAccessorImpl.java:62)
	at sun.reflect.DelegatingMethodAccessorImpl.invoke(DelegatingMethodAccessorImpl.java:43)
	at java.lang.reflect.Method.invoke(Method.java:497)
	at org.testng.internal.MethodInvocationHelper.invokeMethod(MethodInvocationHelper.java:108)
	at org.testng.internal.Invoker.invokeMethod(Invoker.java:661)
	at org.testng.internal.Invoker.invokeTestMethod(Invoker.java:869)
	at org.testng.internal.Invoker.invokeTestMethods(Invoker.java:1193)
	at org.testng.internal.TestMethodWorker.invokeTestMethods(TestMethodWorker.java:126)
	at org.testng.internal.TestMethodWorker.run(TestMethodWorker.java:109)
	at org.testng.TestRunner.privateRun(TestRunner.java:744)
	at org.testng.TestRunner.run(TestRunner.java:602)
	at org.testng.SuiteRunner.runTest(SuiteRunner.java:380)
	at org.testng.SuiteRunner.runSequentially(SuiteRunner.java:375)
	at org.testng.SuiteRunner.privateRun(SuiteRunner.java:340)
	at org.testng.SuiteRunner.run(SuiteRunner.java:289)
	at org.testng.SuiteRunnerWorker.runSuite(SuiteRunnerWorker.java:52)
	at org.testng.SuiteRunnerWorker.run(SuiteRunnerWorker.java:86)
	at org.testng.TestNG.runSuitesSequentially(TestNG.java:1301)
	at org.testng.TestNG.runSuitesLocally(TestNG.java:1226)
	at org.testng.TestNG.runSuites(TestNG.java:1144)
	at org.testng.TestNG.run(TestNG.java:1115)
	at org.testng.remote.AbstractRemoteTestNG.run(AbstractRemoteTestNG.java:114)
	at org.testng.remote.RemoteTestNG.initAndRun(RemoteTestNG.java:251)
	at org.testng.remote.RemoteTestNG.main(RemoteTestNG.java:77)
Caused by: java.lang.RuntimeException: Could not retrieve XPath &gt;//a[conatins(text(),&apos;Hotels&apos;)]&lt; on HtmlPage(http://newtours.demoaut.com/)@2214448
	at com.gargoylesoftware.htmlunit.html.xpath.XPathUtils.getByXPath(XPathUtils.java:99)
	at com.gargoylesoftware.htmlunit.html.DomNode.getByXPath(DomNode.java:1627)
	at com.gargoylesoftware.htmlunit.html.DomNode.getFirstByXPath(DomNode.java:1657)
	at com.gargoylesoftware.htmlunit.html.DomNode.getFirstByXPath(DomNode.java:1641)
	at org.openqa.selenium.htmlunit.HtmlUnitDriver.findElementByXPath(HtmlUnitDriver.java:1349)
	... 36 more
Caused by: javax.xml.transform.TransformerException: Could not find function: conatins
	at org.apache.xpath.compiler.XPathParser.error(XPathParser.java:610)
	at org.apache.xpath.compiler.XPathParser.FunctionCall(XPathParser.java:1507)
	at org.apache.xpath.compiler.XPathParser.PrimaryExpr(XPathParser.java:1446)
	at org.apache.xpath.compiler.XPathParser.FilterExpr(XPathParser.java:1345)
	at org.apache.xpath.compiler.XPathParser.PathExpr(XPathParser.java:1278)
	at org.apache.xpath.compiler.XPathParser.UnionExpr(XPathParser.java:1236)
	at org.apache.xpath.compiler.XPathParser.UnaryExpr(XPathParser.java:1142)
	at org.apache.xpath.compiler.XPathParser.MultiplicativeExpr(XPathParser.java:1063)
	at org.apache.xpath.compiler.XPathParser.AdditiveExpr(XPathParser.java:1005)
	at org.apache.xpath.compiler.XPathParser.RelationalExpr(XPathParser.java:930)
	at org.apache.xpath.compiler.XPathParser.EqualityExpr(XPathParser.java:870)
	at org.apache.xpath.compiler.XPathParser.AndExpr(XPathParser.java:834)
	at org.apache.xpath.compiler.XPathParser.OrExpr(XPathParser.java:807)
	at org.apache.xpath.compiler.XPathParser.Expr(XPathParser.java:790)
	at org.apache.xpath.compiler.XPathParser.PredicateExpr(XPathParser.java:1954)
	at org.apache.xpath.compiler.XPathParser.Predicate(XPathParser.java:1936)
	at org.apache.xpath.compiler.XPathParser.Step(XPathParser.java:1726)
	at org.apache.xpath.compiler.XPathParser.RelativeLocationPath(XPathParser.java:1626)
	at org.apache.xpath.compiler.XPathParser.LocationPath(XPathParser.java:1597)
	at org.apache.xpath.compiler.XPathParser.PathExpr(XPathParser.java:1317)
	at org.apache.xpath.compiler.XPathParser.UnionExpr(XPathParser.java:1236)
	at org.apache.xpath.compiler.XPathParser.UnaryExpr(XPathParser.java:1142)
	at org.apache.xpath.compiler.XPathParser.MultiplicativeExpr(XPathParser.java:1063)
	at org.apache.xpath.compiler.XPathParser.AdditiveExpr(XPathParser.java:1005)
	at org.apache.xpath.compiler.XPathParser.RelationalExpr(XPathParser.java:930)
	at org.apache.xpath.compiler.XPathParser.EqualityExpr(XPathParser.java:870)
	at org.apache.xpath.compiler.XPathParser.AndExpr(XPathParser.java:834)
	at org.apache.xpath.compiler.XPathParser.OrExpr(XPathParser.java:807)
	at org.apache.xpath.compiler.XPathParser.Expr(XPathParser.java:790)
	at org.apache.xpath.compiler.XPathParser.initXPath(XPathParser.java:129)
	at com.gargoylesoftware.htmlunit.html.xpath.XPathAdapter.&lt;init&gt;(XPathAdapter.java:82)
	at com.gargoylesoftware.htmlunit.html.xpath.XPathUtils.evaluateXPath(XPathUtils.java:143)
	at com.gargoylesoftware.htmlunit.html.xpath.XPathUtils.getByXPath(XPathUtils.java:77)
	... 40 more
</pre></div></td>
<td>0</td>
<td>com.qa.testcases.LoginPageTest@11053e1</td></tr>
<tr>
<td title='com.qa.testcases.LoginPageTest.validateLoginPageLink()'><b>validateLoginPageLink</b><br>Test class: com.qa.testcases.LoginPageTest</td>
<td><div><pre>org.openqa.selenium.InvalidSelectorException: The xpath expression &apos;//a[conatins(text(),&apos;Home&apos;)]&apos; cannot be evaluated
For documentation on this error, please visit: http://seleniumhq.org/exceptions/invalid_selector_exception.html
Build info: version: &apos;3.5.3&apos;, revision: &apos;a88d25fe6b&apos;, time: &apos;2017-08-29T12:42:44.417Z&apos;
System info: host: &apos;VEERANTI&apos;, ip: &apos;192.168.0.8&apos;, os.name: &apos;Windows 8&apos;, os.arch: &apos;x86&apos;, os.version: &apos;6.2&apos;, java.version: &apos;1.8.0_71&apos;
Driver info: driver.version: HtmlUnitDriver
	at org.openqa.selenium.htmlunit.HtmlUnitDriver.findElementByXPath(HtmlUnitDriver.java:1352)
	at org.openqa.selenium.By$ByXPath.findElement(By.java:361)
	at org.openqa.selenium.htmlunit.HtmlUnitDriver$4.call(HtmlUnitDriver.java:1970)
	at org.openqa.selenium.htmlunit.HtmlUnitDriver$4.call(HtmlUnitDriver.java:1)
	at org.openqa.selenium.htmlunit.HtmlUnitDriver.implicitlyWaitFor(HtmlUnitDriver.java:1606)
	at org.openqa.selenium.htmlunit.HtmlUnitDriver.findElement(HtmlUnitDriver.java:1966)
	at org.openqa.selenium.htmlunit.HtmlUnitDriver.findElement(HtmlUnitDriver.java:754)
	at org.openqa.selenium.support.pagefactory.DefaultElementLocator.findElement(DefaultElementLocator.java:69)
	at org.openqa.selenium.support.pagefactory.internal.LocatingElementHandler.invoke(LocatingElementHandler.java:38)
	at com.sun.proxy.$Proxy21.click(Unknown Source)
	at com.qa.pages.LoginPage.LoginPageLink(LoginPage.java:99)
	at com.qa.testcases.LoginPageTest.validateLoginPageLink(LoginPageTest.java:103)
Caused by: java.lang.RuntimeException: Could not retrieve XPath &gt;//a[conatins(text(),&apos;Home&apos;)]&lt; on HtmlPage(http://newtours.demoaut.com/)@5685395
	at com.gargoylesoftware.htmlunit.html.xpath.XPathUtils.getByXPath(XPathUtils.java:99)
	at com.gargoylesoftware.htmlunit.html.DomNode.getByXPath(DomNode.java:1627)
	at com.gargoylesoftware.htmlunit.html.DomNode.getFirstByXPath(DomNode.java:1657)
	at com.gargoylesoftware.htmlunit.html.DomNode.getFirstByXPath(DomNode.java:1641)
	at org.openqa.selenium.htmlunit.HtmlUnitDriver.findElementByXPath(HtmlUnitDriver.java:1349)
	... 36 more
Caused by: javax.xml.transform.TransformerException: Could not find function: conatins
	at org.apache.xpath.compiler.XPathParser.error(XPathParser.java:610)
	at org.apache.xpath.compiler.XPathParser.FunctionCall(XPathParser.java:1507)
	at org.apache.xpath.compiler.XPathParser.PrimaryExpr(XPathParser.java:1446)
	at org.apache.xpath.compiler.XPathParser.FilterExpr(XPathParser.java:1345)
	at org.apache.xpath.compiler.XPathParser.PathExpr(XPathParser.java:1278)
	at org.apache.xpath.compiler.XPathParser.UnionExpr(XPathParser.java:1236)
	at org.apache.xpath.compiler.XPathParser.UnaryExpr(XPathParser.java:1142)
	at org.apache.xpath.compiler.XPathParser.MultiplicativeExpr(XPathParser.java:1063)
	at org.apache.xpath.compiler.XPathParser.AdditiveExpr(XPathParser.java:1005)
	at org.apache.xpath.compiler.XPathParser.RelationalExpr(XPathParser.java:930)
	at org.apache.xpath.compiler.XPathParser.EqualityExpr(XPathParser.java:870)
	at org.apache.xpath.compiler.XPathParser.AndExpr(XPathParser.java:834)
	at org.apache.xpath.compiler.XPathParser.OrExpr(XPathParser.java:807)
	at org.apache.xpath.compiler.XPathParser.Expr(XPathParser.java:790)
	at org.apache.xpath.compiler.XPathParser.PredicateExpr(XPathParser.java:1954)
	at org.apache.xpath.compiler.XPathParser.Predicate(XPathParser.java:1936)
	at org.apache.xpath.compiler.XPathParser.Step(XPathParser.java:1726)
	at org.apache.xpath.compiler.XPathParser.RelativeLocationPath(XPathParser.java:1626)
	at org.apache.xpath.compiler.XPathParser.LocationPath(XPathParser.java:1597)
	at org.apache.xpath.compiler.XPathParser.PathExpr(XPathParser.java:1317)
	at org.apache.xpath.compiler.XPathParser.UnionExpr(XPathParser.java:1236)
	at org.apache.xpath.compiler.XPathParser.UnaryExpr(XPathParser.java:1142)
	at org.apache.xpath.compiler.XPathParser.MultiplicativeExpr(XPathParser.java:1063)
	at org.apache.xpath.compiler.XPathParser.AdditiveExpr(XPathParser.java:1005)
	at org.apache.xpath.compiler.XPathParser.RelationalExpr(XPathParser.java:930)
	at org.apache.xpath.compiler.XPathParser.EqualityExpr(XPathParser.java:870)
	at org.apache.xpath.compiler.XPathParser.AndExpr(XPathParser.java:834)
	at org.apache.xpath.compiler.XPathParser.OrExpr(XPathParser.java:807)
	at org.apache.xpath.compiler.XPathParser.Expr(XPathParser.java:790)
	at org.apache.xpath.compiler.XPathParser.initXPath(XPathParser.java:129)
	at com.gargoylesoftware.htmlunit.html.xpath.XPathAdapter.&lt;init&gt;(XPathAdapter.java:82)
	at com.gargoylesoftware.htmlunit.html.xpath.XPathUtils.evaluateXPath(XPathUtils.java:143)
	at com.gargoylesoftware.htmlunit.html.xpath.XPathUtils.getByXPath(XPathUtils.java:77)
	... 40 more
... Removed 25 stack frames</pre></div><a href='#' onClick='toggleBox("stack-trace24022903", this, "Click to show all stack frames", "Click to hide stack frames")'>Click to show all stack frames</a>
<div class='stack-trace' id='stack-trace24022903'><pre>org.openqa.selenium.InvalidSelectorException: The xpath expression &apos;//a[conatins(text(),&apos;Home&apos;)]&apos; cannot be evaluated
For documentation on this error, please visit: http://seleniumhq.org/exceptions/invalid_selector_exception.html
Build info: version: &apos;3.5.3&apos;, revision: &apos;a88d25fe6b&apos;, time: &apos;2017-08-29T12:42:44.417Z&apos;
System info: host: &apos;VEERANTI&apos;, ip: &apos;192.168.0.8&apos;, os.name: &apos;Windows 8&apos;, os.arch: &apos;x86&apos;, os.version: &apos;6.2&apos;, java.version: &apos;1.8.0_71&apos;
Driver info: driver.version: HtmlUnitDriver
	at org.openqa.selenium.htmlunit.HtmlUnitDriver.findElementByXPath(HtmlUnitDriver.java:1352)
	at org.openqa.selenium.By$ByXPath.findElement(By.java:361)
	at org.openqa.selenium.htmlunit.HtmlUnitDriver$4.call(HtmlUnitDriver.java:1970)
	at org.openqa.selenium.htmlunit.HtmlUnitDriver$4.call(HtmlUnitDriver.java:1)
	at org.openqa.selenium.htmlunit.HtmlUnitDriver.implicitlyWaitFor(HtmlUnitDriver.java:1606)
	at org.openqa.selenium.htmlunit.HtmlUnitDriver.findElement(HtmlUnitDriver.java:1966)
	at org.openqa.selenium.htmlunit.HtmlUnitDriver.findElement(HtmlUnitDriver.java:754)
	at org.openqa.selenium.support.pagefactory.DefaultElementLocator.findElement(DefaultElementLocator.java:69)
	at org.openqa.selenium.support.pagefactory.internal.LocatingElementHandler.invoke(LocatingElementHandler.java:38)
	at com.sun.proxy.$Proxy21.click(Unknown Source)
	at com.qa.pages.LoginPage.LoginPageLink(LoginPage.java:99)
	at com.qa.testcases.LoginPageTest.validateLoginPageLink(LoginPageTest.java:103)
	at sun.reflect.NativeMethodAccessorImpl.invoke0(Native Method)
	at sun.reflect.NativeMethodAccessorImpl.invoke(NativeMethodAccessorImpl.java:62)
	at sun.reflect.DelegatingMethodAccessorImpl.invoke(DelegatingMethodAccessorImpl.java:43)
	at java.lang.reflect.Method.invoke(Method.java:497)
	at org.testng.internal.MethodInvocationHelper.invokeMethod(MethodInvocationHelper.java:108)
	at org.testng.internal.Invoker.invokeMethod(Invoker.java:661)
	at org.testng.internal.Invoker.invokeTestMethod(Invoker.java:869)
	at org.testng.internal.Invoker.invokeTestMethods(Invoker.java:1193)
	at org.testng.internal.TestMethodWorker.invokeTestMethods(TestMethodWorker.java:126)
	at org.testng.internal.TestMethodWorker.run(TestMethodWorker.java:109)
	at org.testng.TestRunner.privateRun(TestRunner.java:744)
	at org.testng.TestRunner.run(TestRunner.java:602)
	at org.testng.SuiteRunner.runTest(SuiteRunner.java:380)
	at org.testng.SuiteRunner.runSequentially(SuiteRunner.java:375)
	at org.testng.SuiteRunner.privateRun(SuiteRunner.java:340)
	at org.testng.SuiteRunner.run(SuiteRunner.java:289)
	at org.testng.SuiteRunnerWorker.runSuite(SuiteRunnerWorker.java:52)
	at org.testng.SuiteRunnerWorker.run(SuiteRunnerWorker.java:86)
	at org.testng.TestNG.runSuitesSequentially(TestNG.java:1301)
	at org.testng.TestNG.runSuitesLocally(TestNG.java:1226)
	at org.testng.TestNG.runSuites(TestNG.java:1144)
	at org.testng.TestNG.run(TestNG.java:1115)
	at org.testng.remote.AbstractRemoteTestNG.run(AbstractRemoteTestNG.java:114)
	at org.testng.remote.RemoteTestNG.initAndRun(RemoteTestNG.java:251)
	at org.testng.remote.RemoteTestNG.main(RemoteTestNG.java:77)
Caused by: java.lang.RuntimeException: Could not retrieve XPath &gt;//a[conatins(text(),&apos;Home&apos;)]&lt; on HtmlPage(http://newtours.demoaut.com/)@5685395
	at com.gargoylesoftware.htmlunit.html.xpath.XPathUtils.getByXPath(XPathUtils.java:99)
	at com.gargoylesoftware.htmlunit.html.DomNode.getByXPath(DomNode.java:1627)
	at com.gargoylesoftware.htmlunit.html.DomNode.getFirstByXPath(DomNode.java:1657)
	at com.gargoylesoftware.htmlunit.html.DomNode.getFirstByXPath(DomNode.java:1641)
	at org.openqa.selenium.htmlunit.HtmlUnitDriver.findElementByXPath(HtmlUnitDriver.java:1349)
	... 36 more
Caused by: javax.xml.transform.TransformerException: Could not find function: conatins
	at org.apache.xpath.compiler.XPathParser.error(XPathParser.java:610)
	at org.apache.xpath.compiler.XPathParser.FunctionCall(XPathParser.java:1507)
	at org.apache.xpath.compiler.XPathParser.PrimaryExpr(XPathParser.java:1446)
	at org.apache.xpath.compiler.XPathParser.FilterExpr(XPathParser.java:1345)
	at org.apache.xpath.compiler.XPathParser.PathExpr(XPathParser.java:1278)
	at org.apache.xpath.compiler.XPathParser.UnionExpr(XPathParser.java:1236)
	at org.apache.xpath.compiler.XPathParser.UnaryExpr(XPathParser.java:1142)
	at org.apache.xpath.compiler.XPathParser.MultiplicativeExpr(XPathParser.java:1063)
	at org.apache.xpath.compiler.XPathParser.AdditiveExpr(XPathParser.java:1005)
	at org.apache.xpath.compiler.XPathParser.RelationalExpr(XPathParser.java:930)
	at org.apache.xpath.compiler.XPathParser.EqualityExpr(XPathParser.java:870)
	at org.apache.xpath.compiler.XPathParser.AndExpr(XPathParser.java:834)
	at org.apache.xpath.compiler.XPathParser.OrExpr(XPathParser.java:807)
	at org.apache.xpath.compiler.XPathParser.Expr(XPathParser.java:790)
	at org.apache.xpath.compiler.XPathParser.PredicateExpr(XPathParser.java:1954)
	at org.apache.xpath.compiler.XPathParser.Predicate(XPathParser.java:1936)
	at org.apache.xpath.compiler.XPathParser.Step(XPathParser.java:1726)
	at org.apache.xpath.compiler.XPathParser.RelativeLocationPath(XPathParser.java:1626)
	at org.apache.xpath.compiler.XPathParser.LocationPath(XPathParser.java:1597)
	at org.apache.xpath.compiler.XPathParser.PathExpr(XPathParser.java:1317)
	at org.apache.xpath.compiler.XPathParser.UnionExpr(XPathParser.java:1236)
	at org.apache.xpath.compiler.XPathParser.UnaryExpr(XPathParser.java:1142)
	at org.apache.xpath.compiler.XPathParser.MultiplicativeExpr(XPathParser.java:1063)
	at org.apache.xpath.compiler.XPathParser.AdditiveExpr(XPathParser.java:1005)
	at org.apache.xpath.compiler.XPathParser.RelationalExpr(XPathParser.java:930)
	at org.apache.xpath.compiler.XPathParser.EqualityExpr(XPathParser.java:870)
	at org.apache.xpath.compiler.XPathParser.AndExpr(XPathParser.java:834)
	at org.apache.xpath.compiler.XPathParser.OrExpr(XPathParser.java:807)
	at org.apache.xpath.compiler.XPathParser.Expr(XPathParser.java:790)
	at org.apache.xpath.compiler.XPathParser.initXPath(XPathParser.java:129)
	at com.gargoylesoftware.htmlunit.html.xpath.XPathAdapter.&lt;init&gt;(XPathAdapter.java:82)
	at com.gargoylesoftware.htmlunit.html.xpath.XPathUtils.evaluateXPath(XPathUtils.java:143)
	at com.gargoylesoftware.htmlunit.html.xpath.XPathUtils.getByXPath(XPathUtils.java:77)
	... 40 more
</pre></div></td>
<td>0</td>
<td>com.qa.testcases.LoginPageTest@11053e1</td></tr>
<tr>
<td title='com.qa.testcases.LoginPageTest.validateLogincredentials()'><b>validateLogincredentials</b><br>Test class: com.qa.testcases.LoginPageTest<br>Parameters: TUTORIAL, TUTORIAL</td>
<td><div><pre>java.lang.AssertionError: Test Fail expected [Find a Flight: Mercury Tours:] but found [Sign-on: Mercury Tours]
	at com.qa.testcases.LoginPageTest.validateLogincredentials(LoginPageTest.java:85)
... Removed 30 stack frames</pre></div><a href='#' onClick='toggleBox("stack-trace17802479", this, "Click to show all stack frames", "Click to hide stack frames")'>Click to show all stack frames</a>
<div class='stack-trace' id='stack-trace17802479'><pre>java.lang.AssertionError: Test Fail expected [Find a Flight: Mercury Tours:] but found [Sign-on: Mercury Tours]
	at org.testng.Assert.fail(Assert.java:93)
	at org.testng.Assert.failNotEquals(Assert.java:512)
	at org.testng.Assert.assertEqualsImpl(Assert.java:134)
	at org.testng.Assert.assertEquals(Assert.java:115)
	at org.testng.Assert.assertEquals(Assert.java:189)
	at com.qa.testcases.LoginPageTest.validateLogincredentials(LoginPageTest.java:85)
	at sun.reflect.NativeMethodAccessorImpl.invoke0(Native Method)
	at sun.reflect.NativeMethodAccessorImpl.invoke(NativeMethodAccessorImpl.java:62)
	at sun.reflect.DelegatingMethodAccessorImpl.invoke(DelegatingMethodAccessorImpl.java:43)
	at java.lang.reflect.Method.invoke(Method.java:497)
	at org.testng.internal.MethodInvocationHelper.invokeMethod(MethodInvocationHelper.java:108)
	at org.testng.internal.Invoker.invokeMethod(Invoker.java:661)
	at org.testng.internal.Invoker.invokeTestMethod(Invoker.java:869)
	at org.testng.internal.Invoker.invokeTestMethods(Invoker.java:1193)
	at org.testng.internal.TestMethodWorker.invokeTestMethods(TestMethodWorker.java:126)
	at org.testng.internal.TestMethodWorker.run(TestMethodWorker.java:109)
	at org.testng.TestRunner.privateRun(TestRunner.java:744)
	at org.testng.TestRunner.run(TestRunner.java:602)
	at org.testng.SuiteRunner.runTest(SuiteRunner.java:380)
	at org.testng.SuiteRunner.runSequentially(SuiteRunner.java:375)
	at org.testng.SuiteRunner.privateRun(SuiteRunner.java:340)
	at org.testng.SuiteRunner.run(SuiteRunner.java:289)
	at org.testng.SuiteRunnerWorker.runSuite(SuiteRunnerWorker.java:52)
	at org.testng.SuiteRunnerWorker.run(SuiteRunnerWorker.java:86)
	at org.testng.TestNG.runSuitesSequentially(TestNG.java:1301)
	at org.testng.TestNG.runSuitesLocally(TestNG.java:1226)
	at org.testng.TestNG.runSuites(TestNG.java:1144)
	at org.testng.TestNG.run(TestNG.java:1115)
	at org.testng.remote.AbstractRemoteTestNG.run(AbstractRemoteTestNG.java:114)
	at org.testng.remote.RemoteTestNG.initAndRun(RemoteTestNG.java:251)
	at org.testng.remote.RemoteTestNG.main(RemoteTestNG.java:77)
</pre></div></td>
<td>1</td>
<td>com.qa.testcases.LoginPageTest@11053e1</td></tr>
<tr>
<td title='com.qa.testcases.LoginPageTest.validateLogincredentials()'><b>validateLogincredentials</b><br>Test class: com.qa.testcases.LoginPageTest<br>Parameters: TEST, TEST</td>
<td><div><pre>java.lang.AssertionError: Test Fail expected [Find a Flight: Mercury Tours:] but found [Sign-on: Mercury Tours]
	at com.qa.testcases.LoginPageTest.validateLogincredentials(LoginPageTest.java:85)
... Removed 30 stack frames</pre></div><a href='#' onClick='toggleBox("stack-trace29693827", this, "Click to show all stack frames", "Click to hide stack frames")'>Click to show all stack frames</a>
<div class='stack-trace' id='stack-trace29693827'><pre>java.lang.AssertionError: Test Fail expected [Find a Flight: Mercury Tours:] but found [Sign-on: Mercury Tours]
	at org.testng.Assert.fail(Assert.java:93)
	at org.testng.Assert.failNotEquals(Assert.java:512)
	at org.testng.Assert.assertEqualsImpl(Assert.java:134)
	at org.testng.Assert.assertEquals(Assert.java:115)
	at org.testng.Assert.assertEquals(Assert.java:189)
	at com.qa.testcases.LoginPageTest.validateLogincredentials(LoginPageTest.java:85)
	at sun.reflect.NativeMethodAccessorImpl.invoke0(Native Method)
	at sun.reflect.NativeMethodAccessorImpl.invoke(NativeMethodAccessorImpl.java:62)
	at sun.reflect.DelegatingMethodAccessorImpl.invoke(DelegatingMethodAccessorImpl.java:43)
	at java.lang.reflect.Method.invoke(Method.java:497)
	at org.testng.internal.MethodInvocationHelper.invokeMethod(MethodInvocationHelper.java:108)
	at org.testng.internal.Invoker.invokeMethod(Invoker.java:661)
	at org.testng.internal.Invoker.invokeTestMethod(Invoker.java:869)
	at org.testng.internal.Invoker.invokeTestMethods(Invoker.java:1193)
	at org.testng.internal.TestMethodWorker.invokeTestMethods(TestMethodWorker.java:126)
	at org.testng.internal.TestMethodWorker.run(TestMethodWorker.java:109)
	at org.testng.TestRunner.privateRun(TestRunner.java:744)
	at org.testng.TestRunner.run(TestRunner.java:602)
	at org.testng.SuiteRunner.runTest(SuiteRunner.java:380)
	at org.testng.SuiteRunner.runSequentially(SuiteRunner.java:375)
	at org.testng.SuiteRunner.privateRun(SuiteRunner.java:340)
	at org.testng.SuiteRunner.run(SuiteRunner.java:289)
	at org.testng.SuiteRunnerWorker.runSuite(SuiteRunnerWorker.java:52)
	at org.testng.SuiteRunnerWorker.run(SuiteRunnerWorker.java:86)
	at org.testng.TestNG.runSuitesSequentially(TestNG.java:1301)
	at org.testng.TestNG.runSuitesLocally(TestNG.java:1226)
	at org.testng.TestNG.runSuites(TestNG.java:1144)
	at org.testng.TestNG.run(TestNG.java:1115)
	at org.testng.remote.AbstractRemoteTestNG.run(AbstractRemoteTestNG.java:114)
	at org.testng.remote.RemoteTestNG.initAndRun(RemoteTestNG.java:251)
	at org.testng.remote.RemoteTestNG.main(RemoteTestNG.java:77)
</pre></div></td>
<td>1</td>
<td>com.qa.testcases.LoginPageTest@11053e1</td></tr>
<tr>
<td title='com.qa.testcases.LoginPageTest.validateLogincredentials()'><b>validateLogincredentials</b><br>Test class: com.qa.testcases.LoginPageTest<br>Parameters: test, test555</td>
<td><div><pre>java.lang.AssertionError: Test Fail expected [Find a Flight: Mercury Tours:] but found [Sign-on: Mercury Tours]
	at com.qa.testcases.LoginPageTest.validateLogincredentials(LoginPageTest.java:85)
... Removed 30 stack frames</pre></div><a href='#' onClick='toggleBox("stack-trace22648586", this, "Click to show all stack frames", "Click to hide stack frames")'>Click to show all stack frames</a>
<div class='stack-trace' id='stack-trace22648586'><pre>java.lang.AssertionError: Test Fail expected [Find a Flight: Mercury Tours:] but found [Sign-on: Mercury Tours]
	at org.testng.Assert.fail(Assert.java:93)
	at org.testng.Assert.failNotEquals(Assert.java:512)
	at org.testng.Assert.assertEqualsImpl(Assert.java:134)
	at org.testng.Assert.assertEquals(Assert.java:115)
	at org.testng.Assert.assertEquals(Assert.java:189)
	at com.qa.testcases.LoginPageTest.validateLogincredentials(LoginPageTest.java:85)
	at sun.reflect.NativeMethodAccessorImpl.invoke0(Native Method)
	at sun.reflect.NativeMethodAccessorImpl.invoke(NativeMethodAccessorImpl.java:62)
	at sun.reflect.DelegatingMethodAccessorImpl.invoke(DelegatingMethodAccessorImpl.java:43)
	at java.lang.reflect.Method.invoke(Method.java:497)
	at org.testng.internal.MethodInvocationHelper.invokeMethod(MethodInvocationHelper.java:108)
	at org.testng.internal.Invoker.invokeMethod(Invoker.java:661)
	at org.testng.internal.Invoker.invokeTestMethod(Invoker.java:869)
	at org.testng.internal.Invoker.invokeTestMethods(Invoker.java:1193)
	at org.testng.internal.TestMethodWorker.invokeTestMethods(TestMethodWorker.java:126)
	at org.testng.internal.TestMethodWorker.run(TestMethodWorker.java:109)
	at org.testng.TestRunner.privateRun(TestRunner.java:744)
	at org.testng.TestRunner.run(TestRunner.java:602)
	at org.testng.SuiteRunner.runTest(SuiteRunner.java:380)
	at org.testng.SuiteRunner.runSequentially(SuiteRunner.java:375)
	at org.testng.SuiteRunner.privateRun(SuiteRunner.java:340)
	at org.testng.SuiteRunner.run(SuiteRunner.java:289)
	at org.testng.SuiteRunnerWorker.runSuite(SuiteRunnerWorker.java:52)
	at org.testng.SuiteRunnerWorker.run(SuiteRunnerWorker.java:86)
	at org.testng.TestNG.runSuitesSequentially(TestNG.java:1301)
	at org.testng.TestNG.runSuitesLocally(TestNG.java:1226)
	at org.testng.TestNG.runSuites(TestNG.java:1144)
	at org.testng.TestNG.run(TestNG.java:1115)
	at org.testng.remote.AbstractRemoteTestNG.run(AbstractRemoteTestNG.java:114)
	at org.testng.remote.RemoteTestNG.initAndRun(RemoteTestNG.java:251)
	at org.testng.remote.RemoteTestNG.main(RemoteTestNG.java:77)
</pre></div></td>
<td>1</td>
<td>com.qa.testcases.LoginPageTest@11053e1</td></tr>
<tr>
<td title='com.qa.testcases.LoginPageTest.validateLogincredentials()'><b>validateLogincredentials</b><br>Test class: com.qa.testcases.LoginPageTest<br>Parameters: naveen, naveen@123</td>
<td><div><pre>java.lang.AssertionError: Test Fail expected [Find a Flight: Mercury Tours:] but found [Sign-on: Mercury Tours]
	at com.qa.testcases.LoginPageTest.validateLogincredentials(LoginPageTest.java:85)
... Removed 30 stack frames</pre></div><a href='#' onClick='toggleBox("stack-trace3115863", this, "Click to show all stack frames", "Click to hide stack frames")'>Click to show all stack frames</a>
<div class='stack-trace' id='stack-trace3115863'><pre>java.lang.AssertionError: Test Fail expected [Find a Flight: Mercury Tours:] but found [Sign-on: Mercury Tours]
	at org.testng.Assert.fail(Assert.java:93)
	at org.testng.Assert.failNotEquals(Assert.java:512)
	at org.testng.Assert.assertEqualsImpl(Assert.java:134)
	at org.testng.Assert.assertEquals(Assert.java:115)
	at org.testng.Assert.assertEquals(Assert.java:189)
	at com.qa.testcases.LoginPageTest.validateLogincredentials(LoginPageTest.java:85)
	at sun.reflect.NativeMethodAccessorImpl.invoke0(Native Method)
	at sun.reflect.NativeMethodAccessorImpl.invoke(NativeMethodAccessorImpl.java:62)
	at sun.reflect.DelegatingMethodAccessorImpl.invoke(DelegatingMethodAccessorImpl.java:43)
	at java.lang.reflect.Method.invoke(Method.java:497)
	at org.testng.internal.MethodInvocationHelper.invokeMethod(MethodInvocationHelper.java:108)
	at org.testng.internal.Invoker.invokeMethod(Invoker.java:661)
	at org.testng.internal.Invoker.invokeTestMethod(Invoker.java:869)
	at org.testng.internal.Invoker.invokeTestMethods(Invoker.java:1193)
	at org.testng.internal.TestMethodWorker.invokeTestMethods(TestMethodWorker.java:126)
	at org.testng.internal.TestMethodWorker.run(TestMethodWorker.java:109)
	at org.testng.TestRunner.privateRun(TestRunner.java:744)
	at org.testng.TestRunner.run(TestRunner.java:602)
	at org.testng.SuiteRunner.runTest(SuiteRunner.java:380)
	at org.testng.SuiteRunner.runSequentially(SuiteRunner.java:375)
	at org.testng.SuiteRunner.privateRun(SuiteRunner.java:340)
	at org.testng.SuiteRunner.run(SuiteRunner.java:289)
	at org.testng.SuiteRunnerWorker.runSuite(SuiteRunnerWorker.java:52)
	at org.testng.SuiteRunnerWorker.run(SuiteRunnerWorker.java:86)
	at org.testng.TestNG.runSuitesSequentially(TestNG.java:1301)
	at org.testng.TestNG.runSuitesLocally(TestNG.java:1226)
	at org.testng.TestNG.runSuites(TestNG.java:1144)
	at org.testng.TestNG.run(TestNG.java:1115)
	at org.testng.remote.AbstractRemoteTestNG.run(AbstractRemoteTestNG.java:114)
	at org.testng.remote.RemoteTestNG.initAndRun(RemoteTestNG.java:251)
	at org.testng.remote.RemoteTestNG.main(RemoteTestNG.java:77)
</pre></div></td>
<td>1</td>
<td>com.qa.testcases.LoginPageTest@11053e1</td></tr>
<tr>
<td title='com.qa.testcases.LoginPageTest.validateRegistrationPageLink()'><b>validateRegistrationPageLink</b><br>Test class: com.qa.testcases.LoginPageTest</td>
<td><div><pre>org.openqa.selenium.InvalidSelectorException: The xpath expression &apos;//a[conatins(text(),&apos;REGISTER&apos;)]&apos; cannot be evaluated
For documentation on this error, please visit: http://seleniumhq.org/exceptions/invalid_selector_exception.html
Build info: version: &apos;3.5.3&apos;, revision: &apos;a88d25fe6b&apos;, time: &apos;2017-08-29T12:42:44.417Z&apos;
System info: host: &apos;VEERANTI&apos;, ip: &apos;192.168.0.8&apos;, os.name: &apos;Windows 8&apos;, os.arch: &apos;x86&apos;, os.version: &apos;6.2&apos;, java.version: &apos;1.8.0_71&apos;
Driver info: driver.version: HtmlUnitDriver
	at org.openqa.selenium.htmlunit.HtmlUnitDriver.findElementByXPath(HtmlUnitDriver.java:1352)
	at org.openqa.selenium.By$ByXPath.findElement(By.java:361)
	at org.openqa.selenium.htmlunit.HtmlUnitDriver$4.call(HtmlUnitDriver.java:1970)
	at org.openqa.selenium.htmlunit.HtmlUnitDriver$4.call(HtmlUnitDriver.java:1)
	at org.openqa.selenium.htmlunit.HtmlUnitDriver.implicitlyWaitFor(HtmlUnitDriver.java:1606)
	at org.openqa.selenium.htmlunit.HtmlUnitDriver.findElement(HtmlUnitDriver.java:1966)
	at org.openqa.selenium.htmlunit.HtmlUnitDriver.findElement(HtmlUnitDriver.java:754)
	at org.openqa.selenium.support.pagefactory.DefaultElementLocator.findElement(DefaultElementLocator.java:69)
	at org.openqa.selenium.support.pagefactory.internal.LocatingElementHandler.invoke(LocatingElementHandler.java:38)
	at com.sun.proxy.$Proxy21.click(Unknown Source)
	at com.qa.pages.LoginPage.RegistrationPageLink(LoginPage.java:81)
	at com.qa.testcases.LoginPageTest.validateRegistrationPageLink(LoginPageTest.java:92)
Caused by: java.lang.RuntimeException: Could not retrieve XPath &gt;//a[conatins(text(),&apos;REGISTER&apos;)]&lt; on HtmlPage(http://newtours.demoaut.com/)@33043564
	at com.gargoylesoftware.htmlunit.html.xpath.XPathUtils.getByXPath(XPathUtils.java:99)
	at com.gargoylesoftware.htmlunit.html.DomNode.getByXPath(DomNode.java:1627)
	at com.gargoylesoftware.htmlunit.html.DomNode.getFirstByXPath(DomNode.java:1657)
	at com.gargoylesoftware.htmlunit.html.DomNode.getFirstByXPath(DomNode.java:1641)
	at org.openqa.selenium.htmlunit.HtmlUnitDriver.findElementByXPath(HtmlUnitDriver.java:1349)
	... 36 more
Caused by: javax.xml.transform.TransformerException: Could not find function: conatins
	at org.apache.xpath.compiler.XPathParser.error(XPathParser.java:610)
	at org.apache.xpath.compiler.XPathParser.FunctionCall(XPathParser.java:1507)
	at org.apache.xpath.compiler.XPathParser.PrimaryExpr(XPathParser.java:1446)
	at org.apache.xpath.compiler.XPathParser.FilterExpr(XPathParser.java:1345)
	at org.apache.xpath.compiler.XPathParser.PathExpr(XPathParser.java:1278)
	at org.apache.xpath.compiler.XPathParser.UnionExpr(XPathParser.java:1236)
	at org.apache.xpath.compiler.XPathParser.UnaryExpr(XPathParser.java:1142)
	at org.apache.xpath.compiler.XPathParser.MultiplicativeExpr(XPathParser.java:1063)
	at org.apache.xpath.compiler.XPathParser.AdditiveExpr(XPathParser.java:1005)
	at org.apache.xpath.compiler.XPathParser.RelationalExpr(XPathParser.java:930)
	at org.apache.xpath.compiler.XPathParser.EqualityExpr(XPathParser.java:870)
	at org.apache.xpath.compiler.XPathParser.AndExpr(XPathParser.java:834)
	at org.apache.xpath.compiler.XPathParser.OrExpr(XPathParser.java:807)
	at org.apache.xpath.compiler.XPathParser.Expr(XPathParser.java:790)
	at org.apache.xpath.compiler.XPathParser.PredicateExpr(XPathParser.java:1954)
	at org.apache.xpath.compiler.XPathParser.Predicate(XPathParser.java:1936)
	at org.apache.xpath.compiler.XPathParser.Step(XPathParser.java:1726)
	at org.apache.xpath.compiler.XPathParser.RelativeLocationPath(XPathParser.java:1626)
	at org.apache.xpath.compiler.XPathParser.LocationPath(XPathParser.java:1597)
	at org.apache.xpath.compiler.XPathParser.PathExpr(XPathParser.java:1317)
	at org.apache.xpath.compiler.XPathParser.UnionExpr(XPathParser.java:1236)
	at org.apache.xpath.compiler.XPathParser.UnaryExpr(XPathParser.java:1142)
	at org.apache.xpath.compiler.XPathParser.MultiplicativeExpr(XPathParser.java:1063)
	at org.apache.xpath.compiler.XPathParser.AdditiveExpr(XPathParser.java:1005)
	at org.apache.xpath.compiler.XPathParser.RelationalExpr(XPathParser.java:930)
	at org.apache.xpath.compiler.XPathParser.EqualityExpr(XPathParser.java:870)
	at org.apache.xpath.compiler.XPathParser.AndExpr(XPathParser.java:834)
	at org.apache.xpath.compiler.XPathParser.OrExpr(XPathParser.java:807)
	at org.apache.xpath.compiler.XPathParser.Expr(XPathParser.java:790)
	at org.apache.xpath.compiler.XPathParser.initXPath(XPathParser.java:129)
	at com.gargoylesoftware.htmlunit.html.xpath.XPathAdapter.&lt;init&gt;(XPathAdapter.java:82)
	at com.gargoylesoftware.htmlunit.html.xpath.XPathUtils.evaluateXPath(XPathUtils.java:143)
	at com.gargoylesoftware.htmlunit.html.xpath.XPathUtils.getByXPath(XPathUtils.java:77)
	... 40 more
... Removed 25 stack frames</pre></div><a href='#' onClick='toggleBox("stack-trace23842695", this, "Click to show all stack frames", "Click to hide stack frames")'>Click to show all stack frames</a>
<div class='stack-trace' id='stack-trace23842695'><pre>org.openqa.selenium.InvalidSelectorException: The xpath expression &apos;//a[conatins(text(),&apos;REGISTER&apos;)]&apos; cannot be evaluated
For documentation on this error, please visit: http://seleniumhq.org/exceptions/invalid_selector_exception.html
Build info: version: &apos;3.5.3&apos;, revision: &apos;a88d25fe6b&apos;, time: &apos;2017-08-29T12:42:44.417Z&apos;
System info: host: &apos;VEERANTI&apos;, ip: &apos;192.168.0.8&apos;, os.name: &apos;Windows 8&apos;, os.arch: &apos;x86&apos;, os.version: &apos;6.2&apos;, java.version: &apos;1.8.0_71&apos;
Driver info: driver.version: HtmlUnitDriver
	at org.openqa.selenium.htmlunit.HtmlUnitDriver.findElementByXPath(HtmlUnitDriver.java:1352)
	at org.openqa.selenium.By$ByXPath.findElement(By.java:361)
	at org.openqa.selenium.htmlunit.HtmlUnitDriver$4.call(HtmlUnitDriver.java:1970)
	at org.openqa.selenium.htmlunit.HtmlUnitDriver$4.call(HtmlUnitDriver.java:1)
	at org.openqa.selenium.htmlunit.HtmlUnitDriver.implicitlyWaitFor(HtmlUnitDriver.java:1606)
	at org.openqa.selenium.htmlunit.HtmlUnitDriver.findElement(HtmlUnitDriver.java:1966)
	at org.openqa.selenium.htmlunit.HtmlUnitDriver.findElement(HtmlUnitDriver.java:754)
	at org.openqa.selenium.support.pagefactory.DefaultElementLocator.findElement(DefaultElementLocator.java:69)
	at org.openqa.selenium.support.pagefactory.internal.LocatingElementHandler.invoke(LocatingElementHandler.java:38)
	at com.sun.proxy.$Proxy21.click(Unknown Source)
	at com.qa.pages.LoginPage.RegistrationPageLink(LoginPage.java:81)
	at com.qa.testcases.LoginPageTest.validateRegistrationPageLink(LoginPageTest.java:92)
	at sun.reflect.NativeMethodAccessorImpl.invoke0(Native Method)
	at sun.reflect.NativeMethodAccessorImpl.invoke(NativeMethodAccessorImpl.java:62)
	at sun.reflect.DelegatingMethodAccessorImpl.invoke(DelegatingMethodAccessorImpl.java:43)
	at java.lang.reflect.Method.invoke(Method.java:497)
	at org.testng.internal.MethodInvocationHelper.invokeMethod(MethodInvocationHelper.java:108)
	at org.testng.internal.Invoker.invokeMethod(Invoker.java:661)
	at org.testng.internal.Invoker.invokeTestMethod(Invoker.java:869)
	at org.testng.internal.Invoker.invokeTestMethods(Invoker.java:1193)
	at org.testng.internal.TestMethodWorker.invokeTestMethods(TestMethodWorker.java:126)
	at org.testng.internal.TestMethodWorker.run(TestMethodWorker.java:109)
	at org.testng.TestRunner.privateRun(TestRunner.java:744)
	at org.testng.TestRunner.run(TestRunner.java:602)
	at org.testng.SuiteRunner.runTest(SuiteRunner.java:380)
	at org.testng.SuiteRunner.runSequentially(SuiteRunner.java:375)
	at org.testng.SuiteRunner.privateRun(SuiteRunner.java:340)
	at org.testng.SuiteRunner.run(SuiteRunner.java:289)
	at org.testng.SuiteRunnerWorker.runSuite(SuiteRunnerWorker.java:52)
	at org.testng.SuiteRunnerWorker.run(SuiteRunnerWorker.java:86)
	at org.testng.TestNG.runSuitesSequentially(TestNG.java:1301)
	at org.testng.TestNG.runSuitesLocally(TestNG.java:1226)
	at org.testng.TestNG.runSuites(TestNG.java:1144)
	at org.testng.TestNG.run(TestNG.java:1115)
	at org.testng.remote.AbstractRemoteTestNG.run(AbstractRemoteTestNG.java:114)
	at org.testng.remote.RemoteTestNG.initAndRun(RemoteTestNG.java:251)
	at org.testng.remote.RemoteTestNG.main(RemoteTestNG.java:77)
Caused by: java.lang.RuntimeException: Could not retrieve XPath &gt;//a[conatins(text(),&apos;REGISTER&apos;)]&lt; on HtmlPage(http://newtours.demoaut.com/)@33043564
	at com.gargoylesoftware.htmlunit.html.xpath.XPathUtils.getByXPath(XPathUtils.java:99)
	at com.gargoylesoftware.htmlunit.html.DomNode.getByXPath(DomNode.java:1627)
	at com.gargoylesoftware.htmlunit.html.DomNode.getFirstByXPath(DomNode.java:1657)
	at com.gargoylesoftware.htmlunit.html.DomNode.getFirstByXPath(DomNode.java:1641)
	at org.openqa.selenium.htmlunit.HtmlUnitDriver.findElementByXPath(HtmlUnitDriver.java:1349)
	... 36 more
Caused by: javax.xml.transform.TransformerException: Could not find function: conatins
	at org.apache.xpath.compiler.XPathParser.error(XPathParser.java:610)
	at org.apache.xpath.compiler.XPathParser.FunctionCall(XPathParser.java:1507)
	at org.apache.xpath.compiler.XPathParser.PrimaryExpr(XPathParser.java:1446)
	at org.apache.xpath.compiler.XPathParser.FilterExpr(XPathParser.java:1345)
	at org.apache.xpath.compiler.XPathParser.PathExpr(XPathParser.java:1278)
	at org.apache.xpath.compiler.XPathParser.UnionExpr(XPathParser.java:1236)
	at org.apache.xpath.compiler.XPathParser.UnaryExpr(XPathParser.java:1142)
	at org.apache.xpath.compiler.XPathParser.MultiplicativeExpr(XPathParser.java:1063)
	at org.apache.xpath.compiler.XPathParser.AdditiveExpr(XPathParser.java:1005)
	at org.apache.xpath.compiler.XPathParser.RelationalExpr(XPathParser.java:930)
	at org.apache.xpath.compiler.XPathParser.EqualityExpr(XPathParser.java:870)
	at org.apache.xpath.compiler.XPathParser.AndExpr(XPathParser.java:834)
	at org.apache.xpath.compiler.XPathParser.OrExpr(XPathParser.java:807)
	at org.apache.xpath.compiler.XPathParser.Expr(XPathParser.java:790)
	at org.apache.xpath.compiler.XPathParser.PredicateExpr(XPathParser.java:1954)
	at org.apache.xpath.compiler.XPathParser.Predicate(XPathParser.java:1936)
	at org.apache.xpath.compiler.XPathParser.Step(XPathParser.java:1726)
	at org.apache.xpath.compiler.XPathParser.RelativeLocationPath(XPathParser.java:1626)
	at org.apache.xpath.compiler.XPathParser.LocationPath(XPathParser.java:1597)
	at org.apache.xpath.compiler.XPathParser.PathExpr(XPathParser.java:1317)
	at org.apache.xpath.compiler.XPathParser.UnionExpr(XPathParser.java:1236)
	at org.apache.xpath.compiler.XPathParser.UnaryExpr(XPathParser.java:1142)
	at org.apache.xpath.compiler.XPathParser.MultiplicativeExpr(XPathParser.java:1063)
	at org.apache.xpath.compiler.XPathParser.AdditiveExpr(XPathParser.java:1005)
	at org.apache.xpath.compiler.XPathParser.RelationalExpr(XPathParser.java:930)
	at org.apache.xpath.compiler.XPathParser.EqualityExpr(XPathParser.java:870)
	at org.apache.xpath.compiler.XPathParser.AndExpr(XPathParser.java:834)
	at org.apache.xpath.compiler.XPathParser.OrExpr(XPathParser.java:807)
	at org.apache.xpath.compiler.XPathParser.Expr(XPathParser.java:790)
	at org.apache.xpath.compiler.XPathParser.initXPath(XPathParser.java:129)
	at com.gargoylesoftware.htmlunit.html.xpath.XPathAdapter.&lt;init&gt;(XPathAdapter.java:82)
	at com.gargoylesoftware.htmlunit.html.xpath.XPathUtils.evaluateXPath(XPathUtils.java:143)
	at com.gargoylesoftware.htmlunit.html.xpath.XPathUtils.getByXPath(XPathUtils.java:77)
	... 40 more
</pre></div></td>
<td>0</td>
<td>com.qa.testcases.LoginPageTest@11053e1</td></tr>
<tr>
<td title='com.qa.testcases.LoginPageTest.validateSupportPageLink()'><b>validateSupportPageLink</b><br>Test class: com.qa.testcases.LoginPageTest</td>
<td><div><pre>org.openqa.selenium.InvalidSelectorException: The xpath expression &apos;//a[conatins(text(),&apos;SUPPORT&apos;)]&apos; cannot be evaluated
For documentation on this error, please visit: http://seleniumhq.org/exceptions/invalid_selector_exception.html
Build info: version: &apos;3.5.3&apos;, revision: &apos;a88d25fe6b&apos;, time: &apos;2017-08-29T12:42:44.417Z&apos;
System info: host: &apos;VEERANTI&apos;, ip: &apos;192.168.0.8&apos;, os.name: &apos;Windows 8&apos;, os.arch: &apos;x86&apos;, os.version: &apos;6.2&apos;, java.version: &apos;1.8.0_71&apos;
Driver info: driver.version: HtmlUnitDriver
	at org.openqa.selenium.htmlunit.HtmlUnitDriver.findElementByXPath(HtmlUnitDriver.java:1352)
	at org.openqa.selenium.By$ByXPath.findElement(By.java:361)
	at org.openqa.selenium.htmlunit.HtmlUnitDriver$4.call(HtmlUnitDriver.java:1970)
	at org.openqa.selenium.htmlunit.HtmlUnitDriver$4.call(HtmlUnitDriver.java:1)
	at org.openqa.selenium.htmlunit.HtmlUnitDriver.implicitlyWaitFor(HtmlUnitDriver.java:1606)
	at org.openqa.selenium.htmlunit.HtmlUnitDriver.findElement(HtmlUnitDriver.java:1966)
	at org.openqa.selenium.htmlunit.HtmlUnitDriver.findElement(HtmlUnitDriver.java:754)
	at org.openqa.selenium.support.pagefactory.DefaultElementLocator.findElement(DefaultElementLocator.java:69)
	at org.openqa.selenium.support.pagefactory.internal.LocatingElementHandler.invoke(LocatingElementHandler.java:38)
	at com.sun.proxy.$Proxy21.click(Unknown Source)
	at com.qa.pages.LoginPage.SupportPageLink(LoginPage.java:87)
	at com.qa.testcases.LoginPageTest.validateSupportPageLink(LoginPageTest.java:98)
Caused by: java.lang.RuntimeException: Could not retrieve XPath &gt;//a[conatins(text(),&apos;SUPPORT&apos;)]&lt; on HtmlPage(http://newtours.demoaut.com/)@11641503
	at com.gargoylesoftware.htmlunit.html.xpath.XPathUtils.getByXPath(XPathUtils.java:99)
	at com.gargoylesoftware.htmlunit.html.DomNode.getByXPath(DomNode.java:1627)
	at com.gargoylesoftware.htmlunit.html.DomNode.getFirstByXPath(DomNode.java:1657)
	at com.gargoylesoftware.htmlunit.html.DomNode.getFirstByXPath(DomNode.java:1641)
	at org.openqa.selenium.htmlunit.HtmlUnitDriver.findElementByXPath(HtmlUnitDriver.java:1349)
	... 36 more
Caused by: javax.xml.transform.TransformerException: Could not find function: conatins
	at org.apache.xpath.compiler.XPathParser.error(XPathParser.java:610)
	at org.apache.xpath.compiler.XPathParser.FunctionCall(XPathParser.java:1507)
	at org.apache.xpath.compiler.XPathParser.PrimaryExpr(XPathParser.java:1446)
	at org.apache.xpath.compiler.XPathParser.FilterExpr(XPathParser.java:1345)
	at org.apache.xpath.compiler.XPathParser.PathExpr(XPathParser.java:1278)
	at org.apache.xpath.compiler.XPathParser.UnionExpr(XPathParser.java:1236)
	at org.apache.xpath.compiler.XPathParser.UnaryExpr(XPathParser.java:1142)
	at org.apache.xpath.compiler.XPathParser.MultiplicativeExpr(XPathParser.java:1063)
	at org.apache.xpath.compiler.XPathParser.AdditiveExpr(XPathParser.java:1005)
	at org.apache.xpath.compiler.XPathParser.RelationalExpr(XPathParser.java:930)
	at org.apache.xpath.compiler.XPathParser.EqualityExpr(XPathParser.java:870)
	at org.apache.xpath.compiler.XPathParser.AndExpr(XPathParser.java:834)
	at org.apache.xpath.compiler.XPathParser.OrExpr(XPathParser.java:807)
	at org.apache.xpath.compiler.XPathParser.Expr(XPathParser.java:790)
	at org.apache.xpath.compiler.XPathParser.PredicateExpr(XPathParser.java:1954)
	at org.apache.xpath.compiler.XPathParser.Predicate(XPathParser.java:1936)
	at org.apache.xpath.compiler.XPathParser.Step(XPathParser.java:1726)
	at org.apache.xpath.compiler.XPathParser.RelativeLocationPath(XPathParser.java:1626)
	at org.apache.xpath.compiler.XPathParser.LocationPath(XPathParser.java:1597)
	at org.apache.xpath.compiler.XPathParser.PathExpr(XPathParser.java:1317)
	at org.apache.xpath.compiler.XPathParser.UnionExpr(XPathParser.java:1236)
	at org.apache.xpath.compiler.XPathParser.UnaryExpr(XPathParser.java:1142)
	at org.apache.xpath.compiler.XPathParser.MultiplicativeExpr(XPathParser.java:1063)
	at org.apache.xpath.compiler.XPathParser.AdditiveExpr(XPathParser.java:1005)
	at org.apache.xpath.compiler.XPathParser.RelationalExpr(XPathParser.java:930)
	at org.apache.xpath.compiler.XPathParser.EqualityExpr(XPathParser.java:870)
	at org.apache.xpath.compiler.XPathParser.AndExpr(XPathParser.java:834)
	at org.apache.xpath.compiler.XPathParser.OrExpr(XPathParser.java:807)
	at org.apache.xpath.compiler.XPathParser.Expr(XPathParser.java:790)
	at org.apache.xpath.compiler.XPathParser.initXPath(XPathParser.java:129)
	at com.gargoylesoftware.htmlunit.html.xpath.XPathAdapter.&lt;init&gt;(XPathAdapter.java:82)
	at com.gargoylesoftware.htmlunit.html.xpath.XPathUtils.evaluateXPath(XPathUtils.java:143)
	at com.gargoylesoftware.htmlunit.html.xpath.XPathUtils.getByXPath(XPathUtils.java:77)
	... 40 more
... Removed 25 stack frames</pre></div><a href='#' onClick='toggleBox("stack-trace27640104", this, "Click to show all stack frames", "Click to hide stack frames")'>Click to show all stack frames</a>
<div class='stack-trace' id='stack-trace27640104'><pre>org.openqa.selenium.InvalidSelectorException: The xpath expression &apos;//a[conatins(text(),&apos;SUPPORT&apos;)]&apos; cannot be evaluated
For documentation on this error, please visit: http://seleniumhq.org/exceptions/invalid_selector_exception.html
Build info: version: &apos;3.5.3&apos;, revision: &apos;a88d25fe6b&apos;, time: &apos;2017-08-29T12:42:44.417Z&apos;
System info: host: &apos;VEERANTI&apos;, ip: &apos;192.168.0.8&apos;, os.name: &apos;Windows 8&apos;, os.arch: &apos;x86&apos;, os.version: &apos;6.2&apos;, java.version: &apos;1.8.0_71&apos;
Driver info: driver.version: HtmlUnitDriver
	at org.openqa.selenium.htmlunit.HtmlUnitDriver.findElementByXPath(HtmlUnitDriver.java:1352)
	at org.openqa.selenium.By$ByXPath.findElement(By.java:361)
	at org.openqa.selenium.htmlunit.HtmlUnitDriver$4.call(HtmlUnitDriver.java:1970)
	at org.openqa.selenium.htmlunit.HtmlUnitDriver$4.call(HtmlUnitDriver.java:1)
	at org.openqa.selenium.htmlunit.HtmlUnitDriver.implicitlyWaitFor(HtmlUnitDriver.java:1606)
	at org.openqa.selenium.htmlunit.HtmlUnitDriver.findElement(HtmlUnitDriver.java:1966)
	at org.openqa.selenium.htmlunit.HtmlUnitDriver.findElement(HtmlUnitDriver.java:754)
	at org.openqa.selenium.support.pagefactory.DefaultElementLocator.findElement(DefaultElementLocator.java:69)
	at org.openqa.selenium.support.pagefactory.internal.LocatingElementHandler.invoke(LocatingElementHandler.java:38)
	at com.sun.proxy.$Proxy21.click(Unknown Source)
	at com.qa.pages.LoginPage.SupportPageLink(LoginPage.java:87)
	at com.qa.testcases.LoginPageTest.validateSupportPageLink(LoginPageTest.java:98)
	at sun.reflect.NativeMethodAccessorImpl.invoke0(Native Method)
	at sun.reflect.NativeMethodAccessorImpl.invoke(NativeMethodAccessorImpl.java:62)
	at sun.reflect.DelegatingMethodAccessorImpl.invoke(DelegatingMethodAccessorImpl.java:43)
	at java.lang.reflect.Method.invoke(Method.java:497)
	at org.testng.internal.MethodInvocationHelper.invokeMethod(MethodInvocationHelper.java:108)
	at org.testng.internal.Invoker.invokeMethod(Invoker.java:661)
	at org.testng.internal.Invoker.invokeTestMethod(Invoker.java:869)
	at org.testng.internal.Invoker.invokeTestMethods(Invoker.java:1193)
	at org.testng.internal.TestMethodWorker.invokeTestMethods(TestMethodWorker.java:126)
	at org.testng.internal.TestMethodWorker.run(TestMethodWorker.java:109)
	at org.testng.TestRunner.privateRun(TestRunner.java:744)
	at org.testng.TestRunner.run(TestRunner.java:602)
	at org.testng.SuiteRunner.runTest(SuiteRunner.java:380)
	at org.testng.SuiteRunner.runSequentially(SuiteRunner.java:375)
	at org.testng.SuiteRunner.privateRun(SuiteRunner.java:340)
	at org.testng.SuiteRunner.run(SuiteRunner.java:289)
	at org.testng.SuiteRunnerWorker.runSuite(SuiteRunnerWorker.java:52)
	at org.testng.SuiteRunnerWorker.run(SuiteRunnerWorker.java:86)
	at org.testng.TestNG.runSuitesSequentially(TestNG.java:1301)
	at org.testng.TestNG.runSuitesLocally(TestNG.java:1226)
	at org.testng.TestNG.runSuites(TestNG.java:1144)
	at org.testng.TestNG.run(TestNG.java:1115)
	at org.testng.remote.AbstractRemoteTestNG.run(AbstractRemoteTestNG.java:114)
	at org.testng.remote.RemoteTestNG.initAndRun(RemoteTestNG.java:251)
	at org.testng.remote.RemoteTestNG.main(RemoteTestNG.java:77)
Caused by: java.lang.RuntimeException: Could not retrieve XPath &gt;//a[conatins(text(),&apos;SUPPORT&apos;)]&lt; on HtmlPage(http://newtours.demoaut.com/)@11641503
	at com.gargoylesoftware.htmlunit.html.xpath.XPathUtils.getByXPath(XPathUtils.java:99)
	at com.gargoylesoftware.htmlunit.html.DomNode.getByXPath(DomNode.java:1627)
	at com.gargoylesoftware.htmlunit.html.DomNode.getFirstByXPath(DomNode.java:1657)
	at com.gargoylesoftware.htmlunit.html.DomNode.getFirstByXPath(DomNode.java:1641)
	at org.openqa.selenium.htmlunit.HtmlUnitDriver.findElementByXPath(HtmlUnitDriver.java:1349)
	... 36 more
Caused by: javax.xml.transform.TransformerException: Could not find function: conatins
	at org.apache.xpath.compiler.XPathParser.error(XPathParser.java:610)
	at org.apache.xpath.compiler.XPathParser.FunctionCall(XPathParser.java:1507)
	at org.apache.xpath.compiler.XPathParser.PrimaryExpr(XPathParser.java:1446)
	at org.apache.xpath.compiler.XPathParser.FilterExpr(XPathParser.java:1345)
	at org.apache.xpath.compiler.XPathParser.PathExpr(XPathParser.java:1278)
	at org.apache.xpath.compiler.XPathParser.UnionExpr(XPathParser.java:1236)
	at org.apache.xpath.compiler.XPathParser.UnaryExpr(XPathParser.java:1142)
	at org.apache.xpath.compiler.XPathParser.MultiplicativeExpr(XPathParser.java:1063)
	at org.apache.xpath.compiler.XPathParser.AdditiveExpr(XPathParser.java:1005)
	at org.apache.xpath.compiler.XPathParser.RelationalExpr(XPathParser.java:930)
	at org.apache.xpath.compiler.XPathParser.EqualityExpr(XPathParser.java:870)
	at org.apache.xpath.compiler.XPathParser.AndExpr(XPathParser.java:834)
	at org.apache.xpath.compiler.XPathParser.OrExpr(XPathParser.java:807)
	at org.apache.xpath.compiler.XPathParser.Expr(XPathParser.java:790)
	at org.apache.xpath.compiler.XPathParser.PredicateExpr(XPathParser.java:1954)
	at org.apache.xpath.compiler.XPathParser.Predicate(XPathParser.java:1936)
	at org.apache.xpath.compiler.XPathParser.Step(XPathParser.java:1726)
	at org.apache.xpath.compiler.XPathParser.RelativeLocationPath(XPathParser.java:1626)
	at org.apache.xpath.compiler.XPathParser.LocationPath(XPathParser.java:1597)
	at org.apache.xpath.compiler.XPathParser.PathExpr(XPathParser.java:1317)
	at org.apache.xpath.compiler.XPathParser.UnionExpr(XPathParser.java:1236)
	at org.apache.xpath.compiler.XPathParser.UnaryExpr(XPathParser.java:1142)
	at org.apache.xpath.compiler.XPathParser.MultiplicativeExpr(XPathParser.java:1063)
	at org.apache.xpath.compiler.XPathParser.AdditiveExpr(XPathParser.java:1005)
	at org.apache.xpath.compiler.XPathParser.RelationalExpr(XPathParser.java:930)
	at org.apache.xpath.compiler.XPathParser.EqualityExpr(XPathParser.java:870)
	at org.apache.xpath.compiler.XPathParser.AndExpr(XPathParser.java:834)
	at org.apache.xpath.compiler.XPathParser.OrExpr(XPathParser.java:807)
	at org.apache.xpath.compiler.XPathParser.Expr(XPathParser.java:790)
	at org.apache.xpath.compiler.XPathParser.initXPath(XPathParser.java:129)
	at com.gargoylesoftware.htmlunit.html.xpath.XPathAdapter.&lt;init&gt;(XPathAdapter.java:82)
	at com.gargoylesoftware.htmlunit.html.xpath.XPathUtils.evaluateXPath(XPathUtils.java:143)
	at com.gargoylesoftware.htmlunit.html.xpath.XPathUtils.getByXPath(XPathUtils.java:77)
	... 40 more
</pre></div></td>
<td>0</td>
<td>com.qa.testcases.LoginPageTest@11053e1</td></tr>
<tr>
<td title='com.qa.testcases.LoginPageTest.validateVacationsPageLink()'><b>validateVacationsPageLink</b><br>Test class: com.qa.testcases.LoginPageTest</td>
<td><div><pre>org.openqa.selenium.InvalidSelectorException: The xpath expression &apos;//a[conatins(text(),&apos;Vacations&apos;)]&apos; cannot be evaluated
For documentation on this error, please visit: http://seleniumhq.org/exceptions/invalid_selector_exception.html
Build info: version: &apos;3.5.3&apos;, revision: &apos;a88d25fe6b&apos;, time: &apos;2017-08-29T12:42:44.417Z&apos;
System info: host: &apos;VEERANTI&apos;, ip: &apos;192.168.0.8&apos;, os.name: &apos;Windows 8&apos;, os.arch: &apos;x86&apos;, os.version: &apos;6.2&apos;, java.version: &apos;1.8.0_71&apos;
Driver info: driver.version: HtmlUnitDriver
	at org.openqa.selenium.htmlunit.HtmlUnitDriver.findElementByXPath(HtmlUnitDriver.java:1352)
	at org.openqa.selenium.By$ByXPath.findElement(By.java:361)
	at org.openqa.selenium.htmlunit.HtmlUnitDriver$4.call(HtmlUnitDriver.java:1970)
	at org.openqa.selenium.htmlunit.HtmlUnitDriver$4.call(HtmlUnitDriver.java:1)
	at org.openqa.selenium.htmlunit.HtmlUnitDriver.implicitlyWaitFor(HtmlUnitDriver.java:1606)
	at org.openqa.selenium.htmlunit.HtmlUnitDriver.findElement(HtmlUnitDriver.java:1966)
	at org.openqa.selenium.htmlunit.HtmlUnitDriver.findElement(HtmlUnitDriver.java:754)
	at org.openqa.selenium.support.pagefactory.DefaultElementLocator.findElement(DefaultElementLocator.java:69)
	at org.openqa.selenium.support.pagefactory.internal.LocatingElementHandler.invoke(LocatingElementHandler.java:38)
	at com.sun.proxy.$Proxy21.click(Unknown Source)
	at com.qa.pages.LoginPage.VacationsPageLink(LoginPage.java:135)
	at com.qa.testcases.LoginPageTest.validateVacationsPageLink(LoginPageTest.java:135)
Caused by: java.lang.RuntimeException: Could not retrieve XPath &gt;//a[conatins(text(),&apos;Vacations&apos;)]&lt; on HtmlPage(http://newtours.demoaut.com/)@22006072
	at com.gargoylesoftware.htmlunit.html.xpath.XPathUtils.getByXPath(XPathUtils.java:99)
	at com.gargoylesoftware.htmlunit.html.DomNode.getByXPath(DomNode.java:1627)
	at com.gargoylesoftware.htmlunit.html.DomNode.getFirstByXPath(DomNode.java:1657)
	at com.gargoylesoftware.htmlunit.html.DomNode.getFirstByXPath(DomNode.java:1641)
	at org.openqa.selenium.htmlunit.HtmlUnitDriver.findElementByXPath(HtmlUnitDriver.java:1349)
	... 36 more
Caused by: javax.xml.transform.TransformerException: Could not find function: conatins
	at org.apache.xpath.compiler.XPathParser.error(XPathParser.java:610)
	at org.apache.xpath.compiler.XPathParser.FunctionCall(XPathParser.java:1507)
	at org.apache.xpath.compiler.XPathParser.PrimaryExpr(XPathParser.java:1446)
	at org.apache.xpath.compiler.XPathParser.FilterExpr(XPathParser.java:1345)
	at org.apache.xpath.compiler.XPathParser.PathExpr(XPathParser.java:1278)
	at org.apache.xpath.compiler.XPathParser.UnionExpr(XPathParser.java:1236)
	at org.apache.xpath.compiler.XPathParser.UnaryExpr(XPathParser.java:1142)
	at org.apache.xpath.compiler.XPathParser.MultiplicativeExpr(XPathParser.java:1063)
	at org.apache.xpath.compiler.XPathParser.AdditiveExpr(XPathParser.java:1005)
	at org.apache.xpath.compiler.XPathParser.RelationalExpr(XPathParser.java:930)
	at org.apache.xpath.compiler.XPathParser.EqualityExpr(XPathParser.java:870)
	at org.apache.xpath.compiler.XPathParser.AndExpr(XPathParser.java:834)
	at org.apache.xpath.compiler.XPathParser.OrExpr(XPathParser.java:807)
	at org.apache.xpath.compiler.XPathParser.Expr(XPathParser.java:790)
	at org.apache.xpath.compiler.XPathParser.PredicateExpr(XPathParser.java:1954)
	at org.apache.xpath.compiler.XPathParser.Predicate(XPathParser.java:1936)
	at org.apache.xpath.compiler.XPathParser.Step(XPathParser.java:1726)
	at org.apache.xpath.compiler.XPathParser.RelativeLocationPath(XPathParser.java:1626)
	at org.apache.xpath.compiler.XPathParser.LocationPath(XPathParser.java:1597)
	at org.apache.xpath.compiler.XPathParser.PathExpr(XPathParser.java:1317)
	at org.apache.xpath.compiler.XPathParser.UnionExpr(XPathParser.java:1236)
	at org.apache.xpath.compiler.XPathParser.UnaryExpr(XPathParser.java:1142)
	at org.apache.xpath.compiler.XPathParser.MultiplicativeExpr(XPathParser.java:1063)
	at org.apache.xpath.compiler.XPathParser.AdditiveExpr(XPathParser.java:1005)
	at org.apache.xpath.compiler.XPathParser.RelationalExpr(XPathParser.java:930)
	at org.apache.xpath.compiler.XPathParser.EqualityExpr(XPathParser.java:870)
	at org.apache.xpath.compiler.XPathParser.AndExpr(XPathParser.java:834)
	at org.apache.xpath.compiler.XPathParser.OrExpr(XPathParser.java:807)
	at org.apache.xpath.compiler.XPathParser.Expr(XPathParser.java:790)
	at org.apache.xpath.compiler.XPathParser.initXPath(XPathParser.java:129)
	at com.gargoylesoftware.htmlunit.html.xpath.XPathAdapter.&lt;init&gt;(XPathAdapter.java:82)
	at com.gargoylesoftware.htmlunit.html.xpath.XPathUtils.evaluateXPath(XPathUtils.java:143)
	at com.gargoylesoftware.htmlunit.html.xpath.XPathUtils.getByXPath(XPathUtils.java:77)
	... 40 more
... Removed 25 stack frames</pre></div><a href='#' onClick='toggleBox("stack-trace5605160", this, "Click to show all stack frames", "Click to hide stack frames")'>Click to show all stack frames</a>
<div class='stack-trace' id='stack-trace5605160'><pre>org.openqa.selenium.InvalidSelectorException: The xpath expression &apos;//a[conatins(text(),&apos;Vacations&apos;)]&apos; cannot be evaluated
For documentation on this error, please visit: http://seleniumhq.org/exceptions/invalid_selector_exception.html
Build info: version: &apos;3.5.3&apos;, revision: &apos;a88d25fe6b&apos;, time: &apos;2017-08-29T12:42:44.417Z&apos;
System info: host: &apos;VEERANTI&apos;, ip: &apos;192.168.0.8&apos;, os.name: &apos;Windows 8&apos;, os.arch: &apos;x86&apos;, os.version: &apos;6.2&apos;, java.version: &apos;1.8.0_71&apos;
Driver info: driver.version: HtmlUnitDriver
	at org.openqa.selenium.htmlunit.HtmlUnitDriver.findElementByXPath(HtmlUnitDriver.java:1352)
	at org.openqa.selenium.By$ByXPath.findElement(By.java:361)
	at org.openqa.selenium.htmlunit.HtmlUnitDriver$4.call(HtmlUnitDriver.java:1970)
	at org.openqa.selenium.htmlunit.HtmlUnitDriver$4.call(HtmlUnitDriver.java:1)
	at org.openqa.selenium.htmlunit.HtmlUnitDriver.implicitlyWaitFor(HtmlUnitDriver.java:1606)
	at org.openqa.selenium.htmlunit.HtmlUnitDriver.findElement(HtmlUnitDriver.java:1966)
	at org.openqa.selenium.htmlunit.HtmlUnitDriver.findElement(HtmlUnitDriver.java:754)
	at org.openqa.selenium.support.pagefactory.DefaultElementLocator.findElement(DefaultElementLocator.java:69)
	at org.openqa.selenium.support.pagefactory.internal.LocatingElementHandler.invoke(LocatingElementHandler.java:38)
	at com.sun.proxy.$Proxy21.click(Unknown Source)
	at com.qa.pages.LoginPage.VacationsPageLink(LoginPage.java:135)
	at com.qa.testcases.LoginPageTest.validateVacationsPageLink(LoginPageTest.java:135)
	at sun.reflect.NativeMethodAccessorImpl.invoke0(Native Method)
	at sun.reflect.NativeMethodAccessorImpl.invoke(NativeMethodAccessorImpl.java:62)
	at sun.reflect.DelegatingMethodAccessorImpl.invoke(DelegatingMethodAccessorImpl.java:43)
	at java.lang.reflect.Method.invoke(Method.java:497)
	at org.testng.internal.MethodInvocationHelper.invokeMethod(MethodInvocationHelper.java:108)
	at org.testng.internal.Invoker.invokeMethod(Invoker.java:661)
	at org.testng.internal.Invoker.invokeTestMethod(Invoker.java:869)
	at org.testng.internal.Invoker.invokeTestMethods(Invoker.java:1193)
	at org.testng.internal.TestMethodWorker.invokeTestMethods(TestMethodWorker.java:126)
	at org.testng.internal.TestMethodWorker.run(TestMethodWorker.java:109)
	at org.testng.TestRunner.privateRun(TestRunner.java:744)
	at org.testng.TestRunner.run(TestRunner.java:602)
	at org.testng.SuiteRunner.runTest(SuiteRunner.java:380)
	at org.testng.SuiteRunner.runSequentially(SuiteRunner.java:375)
	at org.testng.SuiteRunner.privateRun(SuiteRunner.java:340)
	at org.testng.SuiteRunner.run(SuiteRunner.java:289)
	at org.testng.SuiteRunnerWorker.runSuite(SuiteRunnerWorker.java:52)
	at org.testng.SuiteRunnerWorker.run(SuiteRunnerWorker.java:86)
	at org.testng.TestNG.runSuitesSequentially(TestNG.java:1301)
	at org.testng.TestNG.runSuitesLocally(TestNG.java:1226)
	at org.testng.TestNG.runSuites(TestNG.java:1144)
	at org.testng.TestNG.run(TestNG.java:1115)
	at org.testng.remote.AbstractRemoteTestNG.run(AbstractRemoteTestNG.java:114)
	at org.testng.remote.RemoteTestNG.initAndRun(RemoteTestNG.java:251)
	at org.testng.remote.RemoteTestNG.main(RemoteTestNG.java:77)
Caused by: java.lang.RuntimeException: Could not retrieve XPath &gt;//a[conatins(text(),&apos;Vacations&apos;)]&lt; on HtmlPage(http://newtours.demoaut.com/)@22006072
	at com.gargoylesoftware.htmlunit.html.xpath.XPathUtils.getByXPath(XPathUtils.java:99)
	at com.gargoylesoftware.htmlunit.html.DomNode.getByXPath(DomNode.java:1627)
	at com.gargoylesoftware.htmlunit.html.DomNode.getFirstByXPath(DomNode.java:1657)
	at com.gargoylesoftware.htmlunit.html.DomNode.getFirstByXPath(DomNode.java:1641)
	at org.openqa.selenium.htmlunit.HtmlUnitDriver.findElementByXPath(HtmlUnitDriver.java:1349)
	... 36 more
Caused by: javax.xml.transform.TransformerException: Could not find function: conatins
	at org.apache.xpath.compiler.XPathParser.error(XPathParser.java:610)
	at org.apache.xpath.compiler.XPathParser.FunctionCall(XPathParser.java:1507)
	at org.apache.xpath.compiler.XPathParser.PrimaryExpr(XPathParser.java:1446)
	at org.apache.xpath.compiler.XPathParser.FilterExpr(XPathParser.java:1345)
	at org.apache.xpath.compiler.XPathParser.PathExpr(XPathParser.java:1278)
	at org.apache.xpath.compiler.XPathParser.UnionExpr(XPathParser.java:1236)
	at org.apache.xpath.compiler.XPathParser.UnaryExpr(XPathParser.java:1142)
	at org.apache.xpath.compiler.XPathParser.MultiplicativeExpr(XPathParser.java:1063)
	at org.apache.xpath.compiler.XPathParser.AdditiveExpr(XPathParser.java:1005)
	at org.apache.xpath.compiler.XPathParser.RelationalExpr(XPathParser.java:930)
	at org.apache.xpath.compiler.XPathParser.EqualityExpr(XPathParser.java:870)
	at org.apache.xpath.compiler.XPathParser.AndExpr(XPathParser.java:834)
	at org.apache.xpath.compiler.XPathParser.OrExpr(XPathParser.java:807)
	at org.apache.xpath.compiler.XPathParser.Expr(XPathParser.java:790)
	at org.apache.xpath.compiler.XPathParser.PredicateExpr(XPathParser.java:1954)
	at org.apache.xpath.compiler.XPathParser.Predicate(XPathParser.java:1936)
	at org.apache.xpath.compiler.XPathParser.Step(XPathParser.java:1726)
	at org.apache.xpath.compiler.XPathParser.RelativeLocationPath(XPathParser.java:1626)
	at org.apache.xpath.compiler.XPathParser.LocationPath(XPathParser.java:1597)
	at org.apache.xpath.compiler.XPathParser.PathExpr(XPathParser.java:1317)
	at org.apache.xpath.compiler.XPathParser.UnionExpr(XPathParser.java:1236)
	at org.apache.xpath.compiler.XPathParser.UnaryExpr(XPathParser.java:1142)
	at org.apache.xpath.compiler.XPathParser.MultiplicativeExpr(XPathParser.java:1063)
	at org.apache.xpath.compiler.XPathParser.AdditiveExpr(XPathParser.java:1005)
	at org.apache.xpath.compiler.XPathParser.RelationalExpr(XPathParser.java:930)
	at org.apache.xpath.compiler.XPathParser.EqualityExpr(XPathParser.java:870)
	at org.apache.xpath.compiler.XPathParser.AndExpr(XPathParser.java:834)
	at org.apache.xpath.compiler.XPathParser.OrExpr(XPathParser.java:807)
	at org.apache.xpath.compiler.XPathParser.Expr(XPathParser.java:790)
	at org.apache.xpath.compiler.XPathParser.initXPath(XPathParser.java:129)
	at com.gargoylesoftware.htmlunit.html.xpath.XPathAdapter.&lt;init&gt;(XPathAdapter.java:82)
	at com.gargoylesoftware.htmlunit.html.xpath.XPathUtils.evaluateXPath(XPathUtils.java:143)
	at com.gargoylesoftware.htmlunit.html.xpath.XPathUtils.getByXPath(XPathUtils.java:77)
	... 40 more
</pre></div></td>
<td>0</td>
<td>com.qa.testcases.LoginPageTest@11053e1</td></tr>
</table><p>
<table width='100%' border='1' class='invocation-passed'>
<tr><td colspan='4' align='center'><b>PASSED TESTS</b></td></tr>
<tr><td><b>Test method</b></td>
<td width="30%"><b>Exception</b></td>
<td width="10%"><b>Time (seconds)</b></td>
<td><b>Instance</b></td>
</tr>
<tr>
<td title='com.qa.testcases.LoginPageTest.validateLogincredentials()'><b>validateLogincredentials</b><br>Test class: com.qa.testcases.LoginPageTest<br>Parameters: tutorial, tutorial</td>
<td></td>
<td>3</td>
<td>com.qa.testcases.LoginPageTest@11053e1</td></tr>
<tr>
<td title='com.qa.testcases.LoginPageTest.validateLogincredentials()'><b>validateLogincredentials</b><br>Test class: com.qa.testcases.LoginPageTest<br>Parameters: tutorial, tutorial</td>
<td></td>
<td>3</td>
<td>com.qa.testcases.LoginPageTest@11053e1</td></tr>
<tr>
<td title='com.qa.testcases.LoginPageTest.validateLogincredentials()'><b>validateLogincredentials</b><br>Test class: com.qa.testcases.LoginPageTest<br>Parameters: tutorial, tutorial</td>
<td></td>
<td>3</td>
<td>com.qa.testcases.LoginPageTest@11053e1</td></tr>
<tr>
<td title='com.qa.testcases.LoginPageTest.validateLogincredentials()'><b>validateLogincredentials</b><br>Test class: com.qa.testcases.LoginPageTest<br>Parameters: tutorial, tutorial</td>
<td></td>
<td>3</td>
<td>com.qa.testcases.LoginPageTest@11053e1</td></tr>
<tr>
<td title='com.qa.testcases.LoginPageTest.validateLogincredentials()'><b>validateLogincredentials</b><br>Test class: com.qa.testcases.LoginPageTest<br>Parameters: tutorial, tutorial</td>
<td></td>
<td>4</td>
<td>com.qa.testcases.LoginPageTest@11053e1</td></tr>
<tr>
<td title='com.qa.testcases.LoginPageTest.validateLogincredentials()'><b>validateLogincredentials</b><br>Test class: com.qa.testcases.LoginPageTest<br>Parameters: tutorial, tutorial</td>
<td></td>
<td>3</td>
<td>com.qa.testcases.LoginPageTest@11053e1</td></tr>
</table><p>
</body>
</html>