<?xml version="1.0" encoding="UTF-8"?>
<!-- Generated by org.testng.reporters.JUnitXMLReporter -->
<testsuite hostname="Veeranti" ignored="2" name="Free CRM App Test Cases" tests="19" failures="13" timestamp="11 Jun 2018 02:58:32 GMT" time="56.92" errors="0">
  <testcase name="validateLogincredentials" time="3.916" classname="com.qa.testcases.LoginPageTest"/>
  <testcase name="validateLogincredentials" time="1.273" classname="com.qa.testcases.LoginPageTest">
    <failure type="java.lang.AssertionError" message="Test Fail expected [Find a Flight: Mercury Tours:] but found [Sign-on: Mercury Tours]">
      <![CDATA[java.lang.AssertionError: Test Fail expected [Find a Flight: Mercury Tours:] but found [Sign-on: Mercury Tours]
	at com.qa.testcases.LoginPageTest.validateLogincredentials(LoginPageTest.java:85)
... Removed 30 stack frames]]>
    </failure>
  </testcase> <!-- validateLogincredentials -->
  <testcase name="validateLogincredentials" time="1.371" classname="com.qa.testcases.LoginPageTest">
    <failure type="java.lang.AssertionError" message="Test Fail expected [Find a Flight: Mercury Tours:] but found [Sign-on: Mercury Tours]">
      <![CDATA[java.lang.AssertionError: Test Fail expected [Find a Flight: Mercury Tours:] but found [Sign-on: Mercury Tours]
	at com.qa.testcases.LoginPageTest.validateLogincredentials(LoginPageTest.java:85)
... Removed 30 stack frames]]>
    </failure>
  </testcase> <!-- validateLogincredentials -->
  <testcase name="validateLogincredentials" time="3.624" classname="com.qa.testcases.LoginPageTest"/>
  <testcase name="validateLogincredentials" time="1.265" classname="com.qa.testcases.LoginPageTest">
    <failure type="java.lang.AssertionError" message="Test Fail expected [Find a Flight: Mercury Tours:] but found [Sign-on: Mercury Tours]">
      <![CDATA[java.lang.AssertionError: Test Fail expected [Find a Flight: Mercury Tours:] but found [Sign-on: Mercury Tours]
	at com.qa.testcases.LoginPageTest.validateLogincredentials(LoginPageTest.java:85)
... Removed 30 stack frames]]>
    </failure>
  </testcase> <!-- validateLogincredentials -->
  <testcase name="validateLogincredentials" time="1.226" classname="com.qa.testcases.LoginPageTest">
    <failure type="java.lang.AssertionError" message="Test Fail expected [Find a Flight: Mercury Tours:] but found [Sign-on: Mercury Tours]">
      <![CDATA[java.lang.AssertionError: Test Fail expected [Find a Flight: Mercury Tours:] but found [Sign-on: Mercury Tours]
	at com.qa.testcases.LoginPageTest.validateLogincredentials(LoginPageTest.java:85)
... Removed 30 stack frames]]>
    </failure>
  </testcase> <!-- validateLogincredentials -->
  <testcase name="validateLogincredentials" time="3.629" classname="com.qa.testcases.LoginPageTest"/>
  <testcase name="validateLogincredentials" time="3.971" classname="com.qa.testcases.LoginPageTest"/>
  <testcase name="validateLogincredentials" time="4.51" classname="com.qa.testcases.LoginPageTest"/>
  <testcase name="validateLogincredentials" time="3.662" classname="com.qa.testcases.LoginPageTest"/>
  <testcase name="validateRegistrationPageLink" time="0.213" classname="com.qa.testcases.LoginPageTest">
    <failure type="org.openqa.selenium.InvalidSelectorException" message="The xpath expression &amp;apos;//a[conatins(text(),&amp;apos;REGISTER&amp;apos;)]&amp;apos; cannot be evaluated
For documentation on this error, please visit: http://seleniumhq.org/exceptions/invalid_selector_exception.html
Build info: version: &amp;apos;3.5.3&amp;apos;, revision: &amp;apos;a88d25fe6b&amp;apos;, time: &amp;apos;2017-08-29T12:42:44.417Z&amp;apos;
System info: host: &amp;apos;VEERANTI&amp;apos;, ip: &amp;apos;192.168.0.8&amp;apos;, os.name: &amp;apos;Windows 8&amp;apos;, os.arch: &amp;apos;x86&amp;apos;, os.version: &amp;apos;6.2&amp;apos;, java.version: &amp;apos;1.8.0_71&amp;apos;
Driver info: driver.version: HtmlUnitDriver">
      <![CDATA[org.openqa.selenium.InvalidSelectorException: The xpath expression '//a[conatins(text(),'REGISTER')]' cannot be evaluated
For documentation on this error, please visit: http://seleniumhq.org/exceptions/invalid_selector_exception.html
Build info: version: '3.5.3', revision: 'a88d25fe6b', time: '2017-08-29T12:42:44.417Z'
System info: host: 'VEERANTI', ip: '192.168.0.8', os.name: 'Windows 8', os.arch: 'x86', os.version: '6.2', java.version: '1.8.0_71'
Driver info: driver.version: HtmlUnitDriver
	at org.openqa.selenium.htmlunit.HtmlUnitDriver.findElementByXPath(HtmlUnitDriver.java:1352)
	at org.openqa.selenium.By$ByXPath.findElement(By.java:361)
	at org.openqa.selenium.htmlunit.HtmlUnitDriver$4.call(HtmlUnitDriver.java:1970)
	at org.openqa.selenium.htmlunit.HtmlUnitDriver$4.call(HtmlUnitDriver.java:1)
	at org.openqa.selenium.htmlunit.HtmlUnitDriver.implicitlyWaitFor(HtmlUnitDriver.java:1606)
	at org.openqa.selenium.htmlunit.HtmlUnitDriver.findElement(HtmlUnitDriver.java:1966)
	at org.openqa.selenium.htmlunit.HtmlUnitDriver.findElement(HtmlUnitDriver.java:754)
	at org.openqa.selenium.support.pagefactory.DefaultElementLocator.findElement(DefaultElementLocator.java:69)
	at org.openqa.selenium.support.pagefactory.internal.LocatingElementHandler.invoke(LocatingElementHandler.java:38)
	at com.sun.proxy.$Proxy21.click(Unknown Source)
	at com.qa.pages.LoginPage.RegistrationPageLink(LoginPage.java:81)
	at com.qa.testcases.LoginPageTest.validateRegistrationPageLink(LoginPageTest.java:92)
Caused by: java.lang.RuntimeException: Could not retrieve XPath >//a[conatins(text(),'REGISTER')]< on HtmlPage(http://newtours.demoaut.com/)@33043564
	at com.gargoylesoftware.htmlunit.html.xpath.XPathUtils.getByXPath(XPathUtils.java:99)
	at com.gargoylesoftware.htmlunit.html.DomNode.getByXPath(DomNode.java:1627)
	at com.gargoylesoftware.htmlunit.html.DomNode.getFirstByXPath(DomNode.java:1657)
	at com.gargoylesoftware.htmlunit.html.DomNode.getFirstByXPath(DomNode.java:1641)
	at org.openqa.selenium.htmlunit.HtmlUnitDriver.findElementByXPath(HtmlUnitDriver.java:1349)
	... 36 more
Caused by: javax.xml.transform.TransformerException: Could not find function: conatins
	at org.apache.xpath.compiler.XPathParser.error(XPathParser.java:610)
	at org.apache.xpath.compiler.XPathParser.FunctionCall(XPathParser.java:1507)
	at org.apache.xpath.compiler.XPathParser.PrimaryExpr(XPathParser.java:1446)
	at org.apache.xpath.compiler.XPathParser.FilterExpr(XPathParser.java:1345)
	at org.apache.xpath.compiler.XPathParser.PathExpr(XPathParser.java:1278)
	at org.apache.xpath.compiler.XPathParser.UnionExpr(XPathParser.java:1236)
	at org.apache.xpath.compiler.XPathParser.UnaryExpr(XPathParser.java:1142)
	at org.apache.xpath.compiler.XPathParser.MultiplicativeExpr(XPathParser.java:1063)
	at org.apache.xpath.compiler.XPathParser.AdditiveExpr(XPathParser.java:1005)
	at org.apache.xpath.compiler.XPathParser.RelationalExpr(XPathParser.java:930)
	at org.apache.xpath.compiler.XPathParser.EqualityExpr(XPathParser.java:870)
	at org.apache.xpath.compiler.XPathParser.AndExpr(XPathParser.java:834)
	at org.apache.xpath.compiler.XPathParser.OrExpr(XPathParser.java:807)
	at org.apache.xpath.compiler.XPathParser.Expr(XPathParser.java:790)
	at org.apache.xpath.compiler.XPathParser.PredicateExpr(XPathParser.java:1954)
	at org.apache.xpath.compiler.XPathParser.Predicate(XPathParser.java:1936)
	at org.apache.xpath.compiler.XPathParser.Step(XPathParser.java:1726)
	at org.apache.xpath.compiler.XPathParser.RelativeLocationPath(XPathParser.java:1626)
	at org.apache.xpath.compiler.XPathParser.LocationPath(XPathParser.java:1597)
	at org.apache.xpath.compiler.XPathParser.PathExpr(XPathParser.java:1317)
	at org.apache.xpath.compiler.XPathParser.UnionExpr(XPathParser.java:1236)
	at org.apache.xpath.compiler.XPathParser.UnaryExpr(XPathParser.java:1142)
	at org.apache.xpath.compiler.XPathParser.MultiplicativeExpr(XPathParser.java:1063)
	at org.apache.xpath.compiler.XPathParser.AdditiveExpr(XPathParser.java:1005)
	at org.apache.xpath.compiler.XPathParser.RelationalExpr(XPathParser.java:930)
	at org.apache.xpath.compiler.XPathParser.EqualityExpr(XPathParser.java:870)
	at org.apache.xpath.compiler.XPathParser.AndExpr(XPathParser.java:834)
	at org.apache.xpath.compiler.XPathParser.OrExpr(XPathParser.java:807)
	at org.apache.xpath.compiler.XPathParser.Expr(XPathParser.java:790)
	at org.apache.xpath.compiler.XPathParser.initXPath(XPathParser.java:129)
	at com.gargoylesoftware.htmlunit.html.xpath.XPathAdapter.<init>(XPathAdapter.java:82)
	at com.gargoylesoftware.htmlunit.html.xpath.XPathUtils.evaluateXPath(XPathUtils.java:143)
	at com.gargoylesoftware.htmlunit.html.xpath.XPathUtils.getByXPath(XPathUtils.java:77)
	... 40 more
... Removed 25 stack frames]]>
    </failure>
  </testcase> <!-- validateRegistrationPageLink -->
  <testcase name="validateSupportPageLink" time="0.203" classname="com.qa.testcases.LoginPageTest">
    <failure type="org.openqa.selenium.InvalidSelectorException" message="The xpath expression &amp;apos;//a[conatins(text(),&amp;apos;SUPPORT&amp;apos;)]&amp;apos; cannot be evaluated
For documentation on this error, please visit: http://seleniumhq.org/exceptions/invalid_selector_exception.html
Build info: version: &amp;apos;3.5.3&amp;apos;, revision: &amp;apos;a88d25fe6b&amp;apos;, time: &amp;apos;2017-08-29T12:42:44.417Z&amp;apos;
System info: host: &amp;apos;VEERANTI&amp;apos;, ip: &amp;apos;192.168.0.8&amp;apos;, os.name: &amp;apos;Windows 8&amp;apos;, os.arch: &amp;apos;x86&amp;apos;, os.version: &amp;apos;6.2&amp;apos;, java.version: &amp;apos;1.8.0_71&amp;apos;
Driver info: driver.version: HtmlUnitDriver">
      <![CDATA[org.openqa.selenium.InvalidSelectorException: The xpath expression '//a[conatins(text(),'SUPPORT')]' cannot be evaluated
For documentation on this error, please visit: http://seleniumhq.org/exceptions/invalid_selector_exception.html
Build info: version: '3.5.3', revision: 'a88d25fe6b', time: '2017-08-29T12:42:44.417Z'
System info: host: 'VEERANTI', ip: '192.168.0.8', os.name: 'Windows 8', os.arch: 'x86', os.version: '6.2', java.version: '1.8.0_71'
Driver info: driver.version: HtmlUnitDriver
	at org.openqa.selenium.htmlunit.HtmlUnitDriver.findElementByXPath(HtmlUnitDriver.java:1352)
	at org.openqa.selenium.By$ByXPath.findElement(By.java:361)
	at org.openqa.selenium.htmlunit.HtmlUnitDriver$4.call(HtmlUnitDriver.java:1970)
	at org.openqa.selenium.htmlunit.HtmlUnitDriver$4.call(HtmlUnitDriver.java:1)
	at org.openqa.selenium.htmlunit.HtmlUnitDriver.implicitlyWaitFor(HtmlUnitDriver.java:1606)
	at org.openqa.selenium.htmlunit.HtmlUnitDriver.findElement(HtmlUnitDriver.java:1966)
	at org.openqa.selenium.htmlunit.HtmlUnitDriver.findElement(HtmlUnitDriver.java:754)
	at org.openqa.selenium.support.pagefactory.DefaultElementLocator.findElement(DefaultElementLocator.java:69)
	at org.openqa.selenium.support.pagefactory.internal.LocatingElementHandler.invoke(LocatingElementHandler.java:38)
	at com.sun.proxy.$Proxy21.click(Unknown Source)
	at com.qa.pages.LoginPage.SupportPageLink(LoginPage.java:87)
	at com.qa.testcases.LoginPageTest.validateSupportPageLink(LoginPageTest.java:98)
Caused by: java.lang.RuntimeException: Could not retrieve XPath >//a[conatins(text(),'SUPPORT')]< on HtmlPage(http://newtours.demoaut.com/)@11641503
	at com.gargoylesoftware.htmlunit.html.xpath.XPathUtils.getByXPath(XPathUtils.java:99)
	at com.gargoylesoftware.htmlunit.html.DomNode.getByXPath(DomNode.java:1627)
	at com.gargoylesoftware.htmlunit.html.DomNode.getFirstByXPath(DomNode.java:1657)
	at com.gargoylesoftware.htmlunit.html.DomNode.getFirstByXPath(DomNode.java:1641)
	at org.openqa.selenium.htmlunit.HtmlUnitDriver.findElementByXPath(HtmlUnitDriver.java:1349)
	... 36 more
Caused by: javax.xml.transform.TransformerException: Could not find function: conatins
	at org.apache.xpath.compiler.XPathParser.error(XPathParser.java:610)
	at org.apache.xpath.compiler.XPathParser.FunctionCall(XPathParser.java:1507)
	at org.apache.xpath.compiler.XPathParser.PrimaryExpr(XPathParser.java:1446)
	at org.apache.xpath.compiler.XPathParser.FilterExpr(XPathParser.java:1345)
	at org.apache.xpath.compiler.XPathParser.PathExpr(XPathParser.java:1278)
	at org.apache.xpath.compiler.XPathParser.UnionExpr(XPathParser.java:1236)
	at org.apache.xpath.compiler.XPathParser.UnaryExpr(XPathParser.java:1142)
	at org.apache.xpath.compiler.XPathParser.MultiplicativeExpr(XPathParser.java:1063)
	at org.apache.xpath.compiler.XPathParser.AdditiveExpr(XPathParser.java:1005)
	at org.apache.xpath.compiler.XPathParser.RelationalExpr(XPathParser.java:930)
	at org.apache.xpath.compiler.XPathParser.EqualityExpr(XPathParser.java:870)
	at org.apache.xpath.compiler.XPathParser.AndExpr(XPathParser.java:834)
	at org.apache.xpath.compiler.XPathParser.OrExpr(XPathParser.java:807)
	at org.apache.xpath.compiler.XPathParser.Expr(XPathParser.java:790)
	at org.apache.xpath.compiler.XPathParser.PredicateExpr(XPathParser.java:1954)
	at org.apache.xpath.compiler.XPathParser.Predicate(XPathParser.java:1936)
	at org.apache.xpath.compiler.XPathParser.Step(XPathParser.java:1726)
	at org.apache.xpath.compiler.XPathParser.RelativeLocationPath(XPathParser.java:1626)
	at org.apache.xpath.compiler.XPathParser.LocationPath(XPathParser.java:1597)
	at org.apache.xpath.compiler.XPathParser.PathExpr(XPathParser.java:1317)
	at org.apache.xpath.compiler.XPathParser.UnionExpr(XPathParser.java:1236)
	at org.apache.xpath.compiler.XPathParser.UnaryExpr(XPathParser.java:1142)
	at org.apache.xpath.compiler.XPathParser.MultiplicativeExpr(XPathParser.java:1063)
	at org.apache.xpath.compiler.XPathParser.AdditiveExpr(XPathParser.java:1005)
	at org.apache.xpath.compiler.XPathParser.RelationalExpr(XPathParser.java:930)
	at org.apache.xpath.compiler.XPathParser.EqualityExpr(XPathParser.java:870)
	at org.apache.xpath.compiler.XPathParser.AndExpr(XPathParser.java:834)
	at org.apache.xpath.compiler.XPathParser.OrExpr(XPathParser.java:807)
	at org.apache.xpath.compiler.XPathParser.Expr(XPathParser.java:790)
	at org.apache.xpath.compiler.XPathParser.initXPath(XPathParser.java:129)
	at com.gargoylesoftware.htmlunit.html.xpath.XPathAdapter.<init>(XPathAdapter.java:82)
	at com.gargoylesoftware.htmlunit.html.xpath.XPathUtils.evaluateXPath(XPathUtils.java:143)
	at com.gargoylesoftware.htmlunit.html.xpath.XPathUtils.getByXPath(XPathUtils.java:77)
	... 40 more
... Removed 25 stack frames]]>
    </failure>
  </testcase> <!-- validateSupportPageLink -->
  <testcase name="validateLoginPageLink" time="0.203" classname="com.qa.testcases.LoginPageTest">
    <failure type="org.openqa.selenium.InvalidSelectorException" message="The xpath expression &amp;apos;//a[conatins(text(),&amp;apos;Home&amp;apos;)]&amp;apos; cannot be evaluated
For documentation on this error, please visit: http://seleniumhq.org/exceptions/invalid_selector_exception.html
Build info: version: &amp;apos;3.5.3&amp;apos;, revision: &amp;apos;a88d25fe6b&amp;apos;, time: &amp;apos;2017-08-29T12:42:44.417Z&amp;apos;
System info: host: &amp;apos;VEERANTI&amp;apos;, ip: &amp;apos;192.168.0.8&amp;apos;, os.name: &amp;apos;Windows 8&amp;apos;, os.arch: &amp;apos;x86&amp;apos;, os.version: &amp;apos;6.2&amp;apos;, java.version: &amp;apos;1.8.0_71&amp;apos;
Driver info: driver.version: HtmlUnitDriver">
      <![CDATA[org.openqa.selenium.InvalidSelectorException: The xpath expression '//a[conatins(text(),'Home')]' cannot be evaluated
For documentation on this error, please visit: http://seleniumhq.org/exceptions/invalid_selector_exception.html
Build info: version: '3.5.3', revision: 'a88d25fe6b', time: '2017-08-29T12:42:44.417Z'
System info: host: 'VEERANTI', ip: '192.168.0.8', os.name: 'Windows 8', os.arch: 'x86', os.version: '6.2', java.version: '1.8.0_71'
Driver info: driver.version: HtmlUnitDriver
	at org.openqa.selenium.htmlunit.HtmlUnitDriver.findElementByXPath(HtmlUnitDriver.java:1352)
	at org.openqa.selenium.By$ByXPath.findElement(By.java:361)
	at org.openqa.selenium.htmlunit.HtmlUnitDriver$4.call(HtmlUnitDriver.java:1970)
	at org.openqa.selenium.htmlunit.HtmlUnitDriver$4.call(HtmlUnitDriver.java:1)
	at org.openqa.selenium.htmlunit.HtmlUnitDriver.implicitlyWaitFor(HtmlUnitDriver.java:1606)
	at org.openqa.selenium.htmlunit.HtmlUnitDriver.findElement(HtmlUnitDriver.java:1966)
	at org.openqa.selenium.htmlunit.HtmlUnitDriver.findElement(HtmlUnitDriver.java:754)
	at org.openqa.selenium.support.pagefactory.DefaultElementLocator.findElement(DefaultElementLocator.java:69)
	at org.openqa.selenium.support.pagefactory.internal.LocatingElementHandler.invoke(LocatingElementHandler.java:38)
	at com.sun.proxy.$Proxy21.click(Unknown Source)
	at com.qa.pages.LoginPage.LoginPageLink(LoginPage.java:99)
	at com.qa.testcases.LoginPageTest.validateLoginPageLink(LoginPageTest.java:103)
Caused by: java.lang.RuntimeException: Could not retrieve XPath >//a[conatins(text(),'Home')]< on HtmlPage(http://newtours.demoaut.com/)@5685395
	at com.gargoylesoftware.htmlunit.html.xpath.XPathUtils.getByXPath(XPathUtils.java:99)
	at com.gargoylesoftware.htmlunit.html.DomNode.getByXPath(DomNode.java:1627)
	at com.gargoylesoftware.htmlunit.html.DomNode.getFirstByXPath(DomNode.java:1657)
	at com.gargoylesoftware.htmlunit.html.DomNode.getFirstByXPath(DomNode.java:1641)
	at org.openqa.selenium.htmlunit.HtmlUnitDriver.findElementByXPath(HtmlUnitDriver.java:1349)
	... 36 more
Caused by: javax.xml.transform.TransformerException: Could not find function: conatins
	at org.apache.xpath.compiler.XPathParser.error(XPathParser.java:610)
	at org.apache.xpath.compiler.XPathParser.FunctionCall(XPathParser.java:1507)
	at org.apache.xpath.compiler.XPathParser.PrimaryExpr(XPathParser.java:1446)
	at org.apache.xpath.compiler.XPathParser.FilterExpr(XPathParser.java:1345)
	at org.apache.xpath.compiler.XPathParser.PathExpr(XPathParser.java:1278)
	at org.apache.xpath.compiler.XPathParser.UnionExpr(XPathParser.java:1236)
	at org.apache.xpath.compiler.XPathParser.UnaryExpr(XPathParser.java:1142)
	at org.apache.xpath.compiler.XPathParser.MultiplicativeExpr(XPathParser.java:1063)
	at org.apache.xpath.compiler.XPathParser.AdditiveExpr(XPathParser.java:1005)
	at org.apache.xpath.compiler.XPathParser.RelationalExpr(XPathParser.java:930)
	at org.apache.xpath.compiler.XPathParser.EqualityExpr(XPathParser.java:870)
	at org.apache.xpath.compiler.XPathParser.AndExpr(XPathParser.java:834)
	at org.apache.xpath.compiler.XPathParser.OrExpr(XPathParser.java:807)
	at org.apache.xpath.compiler.XPathParser.Expr(XPathParser.java:790)
	at org.apache.xpath.compiler.XPathParser.PredicateExpr(XPathParser.java:1954)
	at org.apache.xpath.compiler.XPathParser.Predicate(XPathParser.java:1936)
	at org.apache.xpath.compiler.XPathParser.Step(XPathParser.java:1726)
	at org.apache.xpath.compiler.XPathParser.RelativeLocationPath(XPathParser.java:1626)
	at org.apache.xpath.compiler.XPathParser.LocationPath(XPathParser.java:1597)
	at org.apache.xpath.compiler.XPathParser.PathExpr(XPathParser.java:1317)
	at org.apache.xpath.compiler.XPathParser.UnionExpr(XPathParser.java:1236)
	at org.apache.xpath.compiler.XPathParser.UnaryExpr(XPathParser.java:1142)
	at org.apache.xpath.compiler.XPathParser.MultiplicativeExpr(XPathParser.java:1063)
	at org.apache.xpath.compiler.XPathParser.AdditiveExpr(XPathParser.java:1005)
	at org.apache.xpath.compiler.XPathParser.RelationalExpr(XPathParser.java:930)
	at org.apache.xpath.compiler.XPathParser.EqualityExpr(XPathParser.java:870)
	at org.apache.xpath.compiler.XPathParser.AndExpr(XPathParser.java:834)
	at org.apache.xpath.compiler.XPathParser.OrExpr(XPathParser.java:807)
	at org.apache.xpath.compiler.XPathParser.Expr(XPathParser.java:790)
	at org.apache.xpath.compiler.XPathParser.initXPath(XPathParser.java:129)
	at com.gargoylesoftware.htmlunit.html.xpath.XPathAdapter.<init>(XPathAdapter.java:82)
	at com.gargoylesoftware.htmlunit.html.xpath.XPathUtils.evaluateXPath(XPathUtils.java:143)
	at com.gargoylesoftware.htmlunit.html.xpath.XPathUtils.getByXPath(XPathUtils.java:77)
	... 40 more
... Removed 25 stack frames]]>
    </failure>
  </testcase> <!-- validateLoginPageLink -->
  <testcase name="validateFlightsPageLink" time="0.202" classname="com.qa.testcases.LoginPageTest">
    <failure type="org.openqa.selenium.InvalidSelectorException" message="The xpath expression &amp;apos;//a[conatins(text(),&amp;apos;Flights&amp;apos;)]&amp;apos; cannot be evaluated
For documentation on this error, please visit: http://seleniumhq.org/exceptions/invalid_selector_exception.html
Build info: version: &amp;apos;3.5.3&amp;apos;, revision: &amp;apos;a88d25fe6b&amp;apos;, time: &amp;apos;2017-08-29T12:42:44.417Z&amp;apos;
System info: host: &amp;apos;VEERANTI&amp;apos;, ip: &amp;apos;192.168.0.8&amp;apos;, os.name: &amp;apos;Windows 8&amp;apos;, os.arch: &amp;apos;x86&amp;apos;, os.version: &amp;apos;6.2&amp;apos;, java.version: &amp;apos;1.8.0_71&amp;apos;
Driver info: driver.version: HtmlUnitDriver">
      <![CDATA[org.openqa.selenium.InvalidSelectorException: The xpath expression '//a[conatins(text(),'Flights')]' cannot be evaluated
For documentation on this error, please visit: http://seleniumhq.org/exceptions/invalid_selector_exception.html
Build info: version: '3.5.3', revision: 'a88d25fe6b', time: '2017-08-29T12:42:44.417Z'
System info: host: 'VEERANTI', ip: '192.168.0.8', os.name: 'Windows 8', os.arch: 'x86', os.version: '6.2', java.version: '1.8.0_71'
Driver info: driver.version: HtmlUnitDriver
	at org.openqa.selenium.htmlunit.HtmlUnitDriver.findElementByXPath(HtmlUnitDriver.java:1352)
	at org.openqa.selenium.By$ByXPath.findElement(By.java:361)
	at org.openqa.selenium.htmlunit.HtmlUnitDriver$4.call(HtmlUnitDriver.java:1970)
	at org.openqa.selenium.htmlunit.HtmlUnitDriver$4.call(HtmlUnitDriver.java:1)
	at org.openqa.selenium.htmlunit.HtmlUnitDriver.implicitlyWaitFor(HtmlUnitDriver.java:1606)
	at org.openqa.selenium.htmlunit.HtmlUnitDriver.findElement(HtmlUnitDriver.java:1966)
	at org.openqa.selenium.htmlunit.HtmlUnitDriver.findElement(HtmlUnitDriver.java:754)
	at org.openqa.selenium.support.pagefactory.DefaultElementLocator.findElement(DefaultElementLocator.java:69)
	at org.openqa.selenium.support.pagefactory.internal.LocatingElementHandler.invoke(LocatingElementHandler.java:38)
	at com.sun.proxy.$Proxy21.click(Unknown Source)
	at com.qa.pages.LoginPage.FlightsPageLink(LoginPage.java:105)
	at com.qa.testcases.LoginPageTest.validateFlightsPageLink(LoginPageTest.java:109)
Caused by: java.lang.RuntimeException: Could not retrieve XPath >//a[conatins(text(),'Flights')]< on HtmlPage(http://newtours.demoaut.com/)@5124952
	at com.gargoylesoftware.htmlunit.html.xpath.XPathUtils.getByXPath(XPathUtils.java:99)
	at com.gargoylesoftware.htmlunit.html.DomNode.getByXPath(DomNode.java:1627)
	at com.gargoylesoftware.htmlunit.html.DomNode.getFirstByXPath(DomNode.java:1657)
	at com.gargoylesoftware.htmlunit.html.DomNode.getFirstByXPath(DomNode.java:1641)
	at org.openqa.selenium.htmlunit.HtmlUnitDriver.findElementByXPath(HtmlUnitDriver.java:1349)
	... 36 more
Caused by: javax.xml.transform.TransformerException: Could not find function: conatins
	at org.apache.xpath.compiler.XPathParser.error(XPathParser.java:610)
	at org.apache.xpath.compiler.XPathParser.FunctionCall(XPathParser.java:1507)
	at org.apache.xpath.compiler.XPathParser.PrimaryExpr(XPathParser.java:1446)
	at org.apache.xpath.compiler.XPathParser.FilterExpr(XPathParser.java:1345)
	at org.apache.xpath.compiler.XPathParser.PathExpr(XPathParser.java:1278)
	at org.apache.xpath.compiler.XPathParser.UnionExpr(XPathParser.java:1236)
	at org.apache.xpath.compiler.XPathParser.UnaryExpr(XPathParser.java:1142)
	at org.apache.xpath.compiler.XPathParser.MultiplicativeExpr(XPathParser.java:1063)
	at org.apache.xpath.compiler.XPathParser.AdditiveExpr(XPathParser.java:1005)
	at org.apache.xpath.compiler.XPathParser.RelationalExpr(XPathParser.java:930)
	at org.apache.xpath.compiler.XPathParser.EqualityExpr(XPathParser.java:870)
	at org.apache.xpath.compiler.XPathParser.AndExpr(XPathParser.java:834)
	at org.apache.xpath.compiler.XPathParser.OrExpr(XPathParser.java:807)
	at org.apache.xpath.compiler.XPathParser.Expr(XPathParser.java:790)
	at org.apache.xpath.compiler.XPathParser.PredicateExpr(XPathParser.java:1954)
	at org.apache.xpath.compiler.XPathParser.Predicate(XPathParser.java:1936)
	at org.apache.xpath.compiler.XPathParser.Step(XPathParser.java:1726)
	at org.apache.xpath.compiler.XPathParser.RelativeLocationPath(XPathParser.java:1626)
	at org.apache.xpath.compiler.XPathParser.LocationPath(XPathParser.java:1597)
	at org.apache.xpath.compiler.XPathParser.PathExpr(XPathParser.java:1317)
	at org.apache.xpath.compiler.XPathParser.UnionExpr(XPathParser.java:1236)
	at org.apache.xpath.compiler.XPathParser.UnaryExpr(XPathParser.java:1142)
	at org.apache.xpath.compiler.XPathParser.MultiplicativeExpr(XPathParser.java:1063)
	at org.apache.xpath.compiler.XPathParser.AdditiveExpr(XPathParser.java:1005)
	at org.apache.xpath.compiler.XPathParser.RelationalExpr(XPathParser.java:930)
	at org.apache.xpath.compiler.XPathParser.EqualityExpr(XPathParser.java:870)
	at org.apache.xpath.compiler.XPathParser.AndExpr(XPathParser.java:834)
	at org.apache.xpath.compiler.XPathParser.OrExpr(XPathParser.java:807)
	at org.apache.xpath.compiler.XPathParser.Expr(XPathParser.java:790)
	at org.apache.xpath.compiler.XPathParser.initXPath(XPathParser.java:129)
	at com.gargoylesoftware.htmlunit.html.xpath.XPathAdapter.<init>(XPathAdapter.java:82)
	at com.gargoylesoftware.htmlunit.html.xpath.XPathUtils.evaluateXPath(XPathUtils.java:143)
	at com.gargoylesoftware.htmlunit.html.xpath.XPathUtils.getByXPath(XPathUtils.java:77)
	... 40 more
... Removed 25 stack frames]]>
    </failure>
  </testcase> <!-- validateFlightsPageLink -->
  <testcase name="validateHotelsPageLink" time="0.203" classname="com.qa.testcases.LoginPageTest">
    <failure type="org.openqa.selenium.InvalidSelectorException" message="The xpath expression &amp;apos;//a[conatins(text(),&amp;apos;Hotels&amp;apos;)]&amp;apos; cannot be evaluated
For documentation on this error, please visit: http://seleniumhq.org/exceptions/invalid_selector_exception.html
Build info: version: &amp;apos;3.5.3&amp;apos;, revision: &amp;apos;a88d25fe6b&amp;apos;, time: &amp;apos;2017-08-29T12:42:44.417Z&amp;apos;
System info: host: &amp;apos;VEERANTI&amp;apos;, ip: &amp;apos;192.168.0.8&amp;apos;, os.name: &amp;apos;Windows 8&amp;apos;, os.arch: &amp;apos;x86&amp;apos;, os.version: &amp;apos;6.2&amp;apos;, java.version: &amp;apos;1.8.0_71&amp;apos;
Driver info: driver.version: HtmlUnitDriver">
      <![CDATA[org.openqa.selenium.InvalidSelectorException: The xpath expression '//a[conatins(text(),'Hotels')]' cannot be evaluated
For documentation on this error, please visit: http://seleniumhq.org/exceptions/invalid_selector_exception.html
Build info: version: '3.5.3', revision: 'a88d25fe6b', time: '2017-08-29T12:42:44.417Z'
System info: host: 'VEERANTI', ip: '192.168.0.8', os.name: 'Windows 8', os.arch: 'x86', os.version: '6.2', java.version: '1.8.0_71'
Driver info: driver.version: HtmlUnitDriver
	at org.openqa.selenium.htmlunit.HtmlUnitDriver.findElementByXPath(HtmlUnitDriver.java:1352)
	at org.openqa.selenium.By$ByXPath.findElement(By.java:361)
	at org.openqa.selenium.htmlunit.HtmlUnitDriver$4.call(HtmlUnitDriver.java:1970)
	at org.openqa.selenium.htmlunit.HtmlUnitDriver$4.call(HtmlUnitDriver.java:1)
	at org.openqa.selenium.htmlunit.HtmlUnitDriver.implicitlyWaitFor(HtmlUnitDriver.java:1606)
	at org.openqa.selenium.htmlunit.HtmlUnitDriver.findElement(HtmlUnitDriver.java:1966)
	at org.openqa.selenium.htmlunit.HtmlUnitDriver.findElement(HtmlUnitDriver.java:754)
	at org.openqa.selenium.support.pagefactory.DefaultElementLocator.findElement(DefaultElementLocator.java:69)
	at org.openqa.selenium.support.pagefactory.internal.LocatingElementHandler.invoke(LocatingElementHandler.java:38)
	at com.sun.proxy.$Proxy21.click(Unknown Source)
	at com.qa.pages.LoginPage.HotelsPageLink(LoginPage.java:111)
	at com.qa.testcases.LoginPageTest.validateHotelsPageLink(LoginPageTest.java:114)
Caused by: java.lang.RuntimeException: Could not retrieve XPath >//a[conatins(text(),'Hotels')]< on HtmlPage(http://newtours.demoaut.com/)@2214448
	at com.gargoylesoftware.htmlunit.html.xpath.XPathUtils.getByXPath(XPathUtils.java:99)
	at com.gargoylesoftware.htmlunit.html.DomNode.getByXPath(DomNode.java:1627)
	at com.gargoylesoftware.htmlunit.html.DomNode.getFirstByXPath(DomNode.java:1657)
	at com.gargoylesoftware.htmlunit.html.DomNode.getFirstByXPath(DomNode.java:1641)
	at org.openqa.selenium.htmlunit.HtmlUnitDriver.findElementByXPath(HtmlUnitDriver.java:1349)
	... 36 more
Caused by: javax.xml.transform.TransformerException: Could not find function: conatins
	at org.apache.xpath.compiler.XPathParser.error(XPathParser.java:610)
	at org.apache.xpath.compiler.XPathParser.FunctionCall(XPathParser.java:1507)
	at org.apache.xpath.compiler.XPathParser.PrimaryExpr(XPathParser.java:1446)
	at org.apache.xpath.compiler.XPathParser.FilterExpr(XPathParser.java:1345)
	at org.apache.xpath.compiler.XPathParser.PathExpr(XPathParser.java:1278)
	at org.apache.xpath.compiler.XPathParser.UnionExpr(XPathParser.java:1236)
	at org.apache.xpath.compiler.XPathParser.UnaryExpr(XPathParser.java:1142)
	at org.apache.xpath.compiler.XPathParser.MultiplicativeExpr(XPathParser.java:1063)
	at org.apache.xpath.compiler.XPathParser.AdditiveExpr(XPathParser.java:1005)
	at org.apache.xpath.compiler.XPathParser.RelationalExpr(XPathParser.java:930)
	at org.apache.xpath.compiler.XPathParser.EqualityExpr(XPathParser.java:870)
	at org.apache.xpath.compiler.XPathParser.AndExpr(XPathParser.java:834)
	at org.apache.xpath.compiler.XPathParser.OrExpr(XPathParser.java:807)
	at org.apache.xpath.compiler.XPathParser.Expr(XPathParser.java:790)
	at org.apache.xpath.compiler.XPathParser.PredicateExpr(XPathParser.java:1954)
	at org.apache.xpath.compiler.XPathParser.Predicate(XPathParser.java:1936)
	at org.apache.xpath.compiler.XPathParser.Step(XPathParser.java:1726)
	at org.apache.xpath.compiler.XPathParser.RelativeLocationPath(XPathParser.java:1626)
	at org.apache.xpath.compiler.XPathParser.LocationPath(XPathParser.java:1597)
	at org.apache.xpath.compiler.XPathParser.PathExpr(XPathParser.java:1317)
	at org.apache.xpath.compiler.XPathParser.UnionExpr(XPathParser.java:1236)
	at org.apache.xpath.compiler.XPathParser.UnaryExpr(XPathParser.java:1142)
	at org.apache.xpath.compiler.XPathParser.MultiplicativeExpr(XPathParser.java:1063)
	at org.apache.xpath.compiler.XPathParser.AdditiveExpr(XPathParser.java:1005)
	at org.apache.xpath.compiler.XPathParser.RelationalExpr(XPathParser.java:930)
	at org.apache.xpath.compiler.XPathParser.EqualityExpr(XPathParser.java:870)
	at org.apache.xpath.compiler.XPathParser.AndExpr(XPathParser.java:834)
	at org.apache.xpath.compiler.XPathParser.OrExpr(XPathParser.java:807)
	at org.apache.xpath.compiler.XPathParser.Expr(XPathParser.java:790)
	at org.apache.xpath.compiler.XPathParser.initXPath(XPathParser.java:129)
	at com.gargoylesoftware.htmlunit.html.xpath.XPathAdapter.<init>(XPathAdapter.java:82)
	at com.gargoylesoftware.htmlunit.html.xpath.XPathUtils.evaluateXPath(XPathUtils.java:143)
	at com.gargoylesoftware.htmlunit.html.xpath.XPathUtils.getByXPath(XPathUtils.java:77)
	... 40 more
... Removed 25 stack frames]]>
    </failure>
  </testcase> <!-- validateHotelsPageLink -->
  <testcase name="validateCarRentalsPageLink" time="0.203" classname="com.qa.testcases.LoginPageTest">
    <failure type="org.openqa.selenium.InvalidSelectorException" message="The xpath expression &amp;apos;//a[conatins(text(),&amp;apos;Car Rentals&amp;apos;)]&amp;apos; cannot be evaluated
For documentation on this error, please visit: http://seleniumhq.org/exceptions/invalid_selector_exception.html
Build info: version: &amp;apos;3.5.3&amp;apos;, revision: &amp;apos;a88d25fe6b&amp;apos;, time: &amp;apos;2017-08-29T12:42:44.417Z&amp;apos;
System info: host: &amp;apos;VEERANTI&amp;apos;, ip: &amp;apos;192.168.0.8&amp;apos;, os.name: &amp;apos;Windows 8&amp;apos;, os.arch: &amp;apos;x86&amp;apos;, os.version: &amp;apos;6.2&amp;apos;, java.version: &amp;apos;1.8.0_71&amp;apos;
Driver info: driver.version: HtmlUnitDriver">
      <![CDATA[org.openqa.selenium.InvalidSelectorException: The xpath expression '//a[conatins(text(),'Car Rentals')]' cannot be evaluated
For documentation on this error, please visit: http://seleniumhq.org/exceptions/invalid_selector_exception.html
Build info: version: '3.5.3', revision: 'a88d25fe6b', time: '2017-08-29T12:42:44.417Z'
System info: host: 'VEERANTI', ip: '192.168.0.8', os.name: 'Windows 8', os.arch: 'x86', os.version: '6.2', java.version: '1.8.0_71'
Driver info: driver.version: HtmlUnitDriver
	at org.openqa.selenium.htmlunit.HtmlUnitDriver.findElementByXPath(HtmlUnitDriver.java:1352)
	at org.openqa.selenium.By$ByXPath.findElement(By.java:361)
	at org.openqa.selenium.htmlunit.HtmlUnitDriver$4.call(HtmlUnitDriver.java:1970)
	at org.openqa.selenium.htmlunit.HtmlUnitDriver$4.call(HtmlUnitDriver.java:1)
	at org.openqa.selenium.htmlunit.HtmlUnitDriver.implicitlyWaitFor(HtmlUnitDriver.java:1606)
	at org.openqa.selenium.htmlunit.HtmlUnitDriver.findElement(HtmlUnitDriver.java:1966)
	at org.openqa.selenium.htmlunit.HtmlUnitDriver.findElement(HtmlUnitDriver.java:754)
	at org.openqa.selenium.support.pagefactory.DefaultElementLocator.findElement(DefaultElementLocator.java:69)
	at org.openqa.selenium.support.pagefactory.internal.LocatingElementHandler.invoke(LocatingElementHandler.java:38)
	at com.sun.proxy.$Proxy21.click(Unknown Source)
	at com.qa.pages.LoginPage.carRentalsPageLink(LoginPage.java:117)
	at com.qa.testcases.LoginPageTest.validateCarRentalsPageLink(LoginPageTest.java:119)
Caused by: java.lang.RuntimeException: Could not retrieve XPath >//a[conatins(text(),'Car Rentals')]< on HtmlPage(http://newtours.demoaut.com/)@7309814
	at com.gargoylesoftware.htmlunit.html.xpath.XPathUtils.getByXPath(XPathUtils.java:99)
	at com.gargoylesoftware.htmlunit.html.DomNode.getByXPath(DomNode.java:1627)
	at com.gargoylesoftware.htmlunit.html.DomNode.getFirstByXPath(DomNode.java:1657)
	at com.gargoylesoftware.htmlunit.html.DomNode.getFirstByXPath(DomNode.java:1641)
	at org.openqa.selenium.htmlunit.HtmlUnitDriver.findElementByXPath(HtmlUnitDriver.java:1349)
	... 36 more
Caused by: javax.xml.transform.TransformerException: Could not find function: conatins
	at org.apache.xpath.compiler.XPathParser.error(XPathParser.java:610)
	at org.apache.xpath.compiler.XPathParser.FunctionCall(XPathParser.java:1507)
	at org.apache.xpath.compiler.XPathParser.PrimaryExpr(XPathParser.java:1446)
	at org.apache.xpath.compiler.XPathParser.FilterExpr(XPathParser.java:1345)
	at org.apache.xpath.compiler.XPathParser.PathExpr(XPathParser.java:1278)
	at org.apache.xpath.compiler.XPathParser.UnionExpr(XPathParser.java:1236)
	at org.apache.xpath.compiler.XPathParser.UnaryExpr(XPathParser.java:1142)
	at org.apache.xpath.compiler.XPathParser.MultiplicativeExpr(XPathParser.java:1063)
	at org.apache.xpath.compiler.XPathParser.AdditiveExpr(XPathParser.java:1005)
	at org.apache.xpath.compiler.XPathParser.RelationalExpr(XPathParser.java:930)
	at org.apache.xpath.compiler.XPathParser.EqualityExpr(XPathParser.java:870)
	at org.apache.xpath.compiler.XPathParser.AndExpr(XPathParser.java:834)
	at org.apache.xpath.compiler.XPathParser.OrExpr(XPathParser.java:807)
	at org.apache.xpath.compiler.XPathParser.Expr(XPathParser.java:790)
	at org.apache.xpath.compiler.XPathParser.PredicateExpr(XPathParser.java:1954)
	at org.apache.xpath.compiler.XPathParser.Predicate(XPathParser.java:1936)
	at org.apache.xpath.compiler.XPathParser.Step(XPathParser.java:1726)
	at org.apache.xpath.compiler.XPathParser.RelativeLocationPath(XPathParser.java:1626)
	at org.apache.xpath.compiler.XPathParser.LocationPath(XPathParser.java:1597)
	at org.apache.xpath.compiler.XPathParser.PathExpr(XPathParser.java:1317)
	at org.apache.xpath.compiler.XPathParser.UnionExpr(XPathParser.java:1236)
	at org.apache.xpath.compiler.XPathParser.UnaryExpr(XPathParser.java:1142)
	at org.apache.xpath.compiler.XPathParser.MultiplicativeExpr(XPathParser.java:1063)
	at org.apache.xpath.compiler.XPathParser.AdditiveExpr(XPathParser.java:1005)
	at org.apache.xpath.compiler.XPathParser.RelationalExpr(XPathParser.java:930)
	at org.apache.xpath.compiler.XPathParser.EqualityExpr(XPathParser.java:870)
	at org.apache.xpath.compiler.XPathParser.AndExpr(XPathParser.java:834)
	at org.apache.xpath.compiler.XPathParser.OrExpr(XPathParser.java:807)
	at org.apache.xpath.compiler.XPathParser.Expr(XPathParser.java:790)
	at org.apache.xpath.compiler.XPathParser.initXPath(XPathParser.java:129)
	at com.gargoylesoftware.htmlunit.html.xpath.XPathAdapter.<init>(XPathAdapter.java:82)
	at com.gargoylesoftware.htmlunit.html.xpath.XPathUtils.evaluateXPath(XPathUtils.java:143)
	at com.gargoylesoftware.htmlunit.html.xpath.XPathUtils.getByXPath(XPathUtils.java:77)
	... 40 more
... Removed 25 stack frames]]>
    </failure>
  </testcase> <!-- validateCarRentalsPageLink -->
  <testcase name="validateCruisesPageLink" time="0.203" classname="com.qa.testcases.LoginPageTest">
    <failure type="org.openqa.selenium.InvalidSelectorException" message="The xpath expression &amp;apos;//a[conatins(text(),&amp;apos;Cruises&amp;apos;)]&amp;apos; cannot be evaluated
For documentation on this error, please visit: http://seleniumhq.org/exceptions/invalid_selector_exception.html
Build info: version: &amp;apos;3.5.3&amp;apos;, revision: &amp;apos;a88d25fe6b&amp;apos;, time: &amp;apos;2017-08-29T12:42:44.417Z&amp;apos;
System info: host: &amp;apos;VEERANTI&amp;apos;, ip: &amp;apos;192.168.0.8&amp;apos;, os.name: &amp;apos;Windows 8&amp;apos;, os.arch: &amp;apos;x86&amp;apos;, os.version: &amp;apos;6.2&amp;apos;, java.version: &amp;apos;1.8.0_71&amp;apos;
Driver info: driver.version: HtmlUnitDriver">
      <![CDATA[org.openqa.selenium.InvalidSelectorException: The xpath expression '//a[conatins(text(),'Cruises')]' cannot be evaluated
For documentation on this error, please visit: http://seleniumhq.org/exceptions/invalid_selector_exception.html
Build info: version: '3.5.3', revision: 'a88d25fe6b', time: '2017-08-29T12:42:44.417Z'
System info: host: 'VEERANTI', ip: '192.168.0.8', os.name: 'Windows 8', os.arch: 'x86', os.version: '6.2', java.version: '1.8.0_71'
Driver info: driver.version: HtmlUnitDriver
	at org.openqa.selenium.htmlunit.HtmlUnitDriver.findElementByXPath(HtmlUnitDriver.java:1352)
	at org.openqa.selenium.By$ByXPath.findElement(By.java:361)
	at org.openqa.selenium.htmlunit.HtmlUnitDriver$4.call(HtmlUnitDriver.java:1970)
	at org.openqa.selenium.htmlunit.HtmlUnitDriver$4.call(HtmlUnitDriver.java:1)
	at org.openqa.selenium.htmlunit.HtmlUnitDriver.implicitlyWaitFor(HtmlUnitDriver.java:1606)
	at org.openqa.selenium.htmlunit.HtmlUnitDriver.findElement(HtmlUnitDriver.java:1966)
	at org.openqa.selenium.htmlunit.HtmlUnitDriver.findElement(HtmlUnitDriver.java:754)
	at org.openqa.selenium.support.pagefactory.DefaultElementLocator.findElement(DefaultElementLocator.java:69)
	at org.openqa.selenium.support.pagefactory.internal.LocatingElementHandler.invoke(LocatingElementHandler.java:38)
	at com.sun.proxy.$Proxy21.click(Unknown Source)
	at com.qa.pages.LoginPage.CruisesPageLink(LoginPage.java:123)
	at com.qa.testcases.LoginPageTest.validateCruisesPageLink(LoginPageTest.java:125)
Caused by: java.lang.RuntimeException: Could not retrieve XPath >//a[conatins(text(),'Cruises')]< on HtmlPage(http://newtours.demoaut.com/)@7624558
	at com.gargoylesoftware.htmlunit.html.xpath.XPathUtils.getByXPath(XPathUtils.java:99)
	at com.gargoylesoftware.htmlunit.html.DomNode.getByXPath(DomNode.java:1627)
	at com.gargoylesoftware.htmlunit.html.DomNode.getFirstByXPath(DomNode.java:1657)
	at com.gargoylesoftware.htmlunit.html.DomNode.getFirstByXPath(DomNode.java:1641)
	at org.openqa.selenium.htmlunit.HtmlUnitDriver.findElementByXPath(HtmlUnitDriver.java:1349)
	... 36 more
Caused by: javax.xml.transform.TransformerException: Could not find function: conatins
	at org.apache.xpath.compiler.XPathParser.error(XPathParser.java:610)
	at org.apache.xpath.compiler.XPathParser.FunctionCall(XPathParser.java:1507)
	at org.apache.xpath.compiler.XPathParser.PrimaryExpr(XPathParser.java:1446)
	at org.apache.xpath.compiler.XPathParser.FilterExpr(XPathParser.java:1345)
	at org.apache.xpath.compiler.XPathParser.PathExpr(XPathParser.java:1278)
	at org.apache.xpath.compiler.XPathParser.UnionExpr(XPathParser.java:1236)
	at org.apache.xpath.compiler.XPathParser.UnaryExpr(XPathParser.java:1142)
	at org.apache.xpath.compiler.XPathParser.MultiplicativeExpr(XPathParser.java:1063)
	at org.apache.xpath.compiler.XPathParser.AdditiveExpr(XPathParser.java:1005)
	at org.apache.xpath.compiler.XPathParser.RelationalExpr(XPathParser.java:930)
	at org.apache.xpath.compiler.XPathParser.EqualityExpr(XPathParser.java:870)
	at org.apache.xpath.compiler.XPathParser.AndExpr(XPathParser.java:834)
	at org.apache.xpath.compiler.XPathParser.OrExpr(XPathParser.java:807)
	at org.apache.xpath.compiler.XPathParser.Expr(XPathParser.java:790)
	at org.apache.xpath.compiler.XPathParser.PredicateExpr(XPathParser.java:1954)
	at org.apache.xpath.compiler.XPathParser.Predicate(XPathParser.java:1936)
	at org.apache.xpath.compiler.XPathParser.Step(XPathParser.java:1726)
	at org.apache.xpath.compiler.XPathParser.RelativeLocationPath(XPathParser.java:1626)
	at org.apache.xpath.compiler.XPathParser.LocationPath(XPathParser.java:1597)
	at org.apache.xpath.compiler.XPathParser.PathExpr(XPathParser.java:1317)
	at org.apache.xpath.compiler.XPathParser.UnionExpr(XPathParser.java:1236)
	at org.apache.xpath.compiler.XPathParser.UnaryExpr(XPathParser.java:1142)
	at org.apache.xpath.compiler.XPathParser.MultiplicativeExpr(XPathParser.java:1063)
	at org.apache.xpath.compiler.XPathParser.AdditiveExpr(XPathParser.java:1005)
	at org.apache.xpath.compiler.XPathParser.RelationalExpr(XPathParser.java:930)
	at org.apache.xpath.compiler.XPathParser.EqualityExpr(XPathParser.java:870)
	at org.apache.xpath.compiler.XPathParser.AndExpr(XPathParser.java:834)
	at org.apache.xpath.compiler.XPathParser.OrExpr(XPathParser.java:807)
	at org.apache.xpath.compiler.XPathParser.Expr(XPathParser.java:790)
	at org.apache.xpath.compiler.XPathParser.initXPath(XPathParser.java:129)
	at com.gargoylesoftware.htmlunit.html.xpath.XPathAdapter.<init>(XPathAdapter.java:82)
	at com.gargoylesoftware.htmlunit.html.xpath.XPathUtils.evaluateXPath(XPathUtils.java:143)
	at com.gargoylesoftware.htmlunit.html.xpath.XPathUtils.getByXPath(XPathUtils.java:77)
	... 40 more
... Removed 25 stack frames]]>
    </failure>
  </testcase> <!-- validateCruisesPageLink -->
  <testcase name="validateDestinationPageLink" time="0.202" classname="com.qa.testcases.LoginPageTest">
    <failure type="org.openqa.selenium.InvalidSelectorException" message="The xpath expression &amp;apos;//a[conatins(text(),&amp;apos;Destinations&amp;apos;)]&amp;apos; cannot be evaluated
For documentation on this error, please visit: http://seleniumhq.org/exceptions/invalid_selector_exception.html
Build info: version: &amp;apos;3.5.3&amp;apos;, revision: &amp;apos;a88d25fe6b&amp;apos;, time: &amp;apos;2017-08-29T12:42:44.417Z&amp;apos;
System info: host: &amp;apos;VEERANTI&amp;apos;, ip: &amp;apos;192.168.0.8&amp;apos;, os.name: &amp;apos;Windows 8&amp;apos;, os.arch: &amp;apos;x86&amp;apos;, os.version: &amp;apos;6.2&amp;apos;, java.version: &amp;apos;1.8.0_71&amp;apos;
Driver info: driver.version: HtmlUnitDriver">
      <![CDATA[org.openqa.selenium.InvalidSelectorException: The xpath expression '//a[conatins(text(),'Destinations')]' cannot be evaluated
For documentation on this error, please visit: http://seleniumhq.org/exceptions/invalid_selector_exception.html
Build info: version: '3.5.3', revision: 'a88d25fe6b', time: '2017-08-29T12:42:44.417Z'
System info: host: 'VEERANTI', ip: '192.168.0.8', os.name: 'Windows 8', os.arch: 'x86', os.version: '6.2', java.version: '1.8.0_71'
Driver info: driver.version: HtmlUnitDriver
	at org.openqa.selenium.htmlunit.HtmlUnitDriver.findElementByXPath(HtmlUnitDriver.java:1352)
	at org.openqa.selenium.By$ByXPath.findElement(By.java:361)
	at org.openqa.selenium.htmlunit.HtmlUnitDriver$4.call(HtmlUnitDriver.java:1970)
	at org.openqa.selenium.htmlunit.HtmlUnitDriver$4.call(HtmlUnitDriver.java:1)
	at org.openqa.selenium.htmlunit.HtmlUnitDriver.implicitlyWaitFor(HtmlUnitDriver.java:1606)
	at org.openqa.selenium.htmlunit.HtmlUnitDriver.findElement(HtmlUnitDriver.java:1966)
	at org.openqa.selenium.htmlunit.HtmlUnitDriver.findElement(HtmlUnitDriver.java:754)
	at org.openqa.selenium.support.pagefactory.DefaultElementLocator.findElement(DefaultElementLocator.java:69)
	at org.openqa.selenium.support.pagefactory.internal.LocatingElementHandler.invoke(LocatingElementHandler.java:38)
	at com.sun.proxy.$Proxy21.click(Unknown Source)
	at com.qa.pages.LoginPage.DestinationsPageLink(LoginPage.java:129)
	at com.qa.testcases.LoginPageTest.validateDestinationPageLink(LoginPageTest.java:130)
Caused by: java.lang.RuntimeException: Could not retrieve XPath >//a[conatins(text(),'Destinations')]< on HtmlPage(http://newtours.demoaut.com/)@11655500
	at com.gargoylesoftware.htmlunit.html.xpath.XPathUtils.getByXPath(XPathUtils.java:99)
	at com.gargoylesoftware.htmlunit.html.DomNode.getByXPath(DomNode.java:1627)
	at com.gargoylesoftware.htmlunit.html.DomNode.getFirstByXPath(DomNode.java:1657)
	at com.gargoylesoftware.htmlunit.html.DomNode.getFirstByXPath(DomNode.java:1641)
	at org.openqa.selenium.htmlunit.HtmlUnitDriver.findElementByXPath(HtmlUnitDriver.java:1349)
	... 36 more
Caused by: javax.xml.transform.TransformerException: Could not find function: conatins
	at org.apache.xpath.compiler.XPathParser.error(XPathParser.java:610)
	at org.apache.xpath.compiler.XPathParser.FunctionCall(XPathParser.java:1507)
	at org.apache.xpath.compiler.XPathParser.PrimaryExpr(XPathParser.java:1446)
	at org.apache.xpath.compiler.XPathParser.FilterExpr(XPathParser.java:1345)
	at org.apache.xpath.compiler.XPathParser.PathExpr(XPathParser.java:1278)
	at org.apache.xpath.compiler.XPathParser.UnionExpr(XPathParser.java:1236)
	at org.apache.xpath.compiler.XPathParser.UnaryExpr(XPathParser.java:1142)
	at org.apache.xpath.compiler.XPathParser.MultiplicativeExpr(XPathParser.java:1063)
	at org.apache.xpath.compiler.XPathParser.AdditiveExpr(XPathParser.java:1005)
	at org.apache.xpath.compiler.XPathParser.RelationalExpr(XPathParser.java:930)
	at org.apache.xpath.compiler.XPathParser.EqualityExpr(XPathParser.java:870)
	at org.apache.xpath.compiler.XPathParser.AndExpr(XPathParser.java:834)
	at org.apache.xpath.compiler.XPathParser.OrExpr(XPathParser.java:807)
	at org.apache.xpath.compiler.XPathParser.Expr(XPathParser.java:790)
	at org.apache.xpath.compiler.XPathParser.PredicateExpr(XPathParser.java:1954)
	at org.apache.xpath.compiler.XPathParser.Predicate(XPathParser.java:1936)
	at org.apache.xpath.compiler.XPathParser.Step(XPathParser.java:1726)
	at org.apache.xpath.compiler.XPathParser.RelativeLocationPath(XPathParser.java:1626)
	at org.apache.xpath.compiler.XPathParser.LocationPath(XPathParser.java:1597)
	at org.apache.xpath.compiler.XPathParser.PathExpr(XPathParser.java:1317)
	at org.apache.xpath.compiler.XPathParser.UnionExpr(XPathParser.java:1236)
	at org.apache.xpath.compiler.XPathParser.UnaryExpr(XPathParser.java:1142)
	at org.apache.xpath.compiler.XPathParser.MultiplicativeExpr(XPathParser.java:1063)
	at org.apache.xpath.compiler.XPathParser.AdditiveExpr(XPathParser.java:1005)
	at org.apache.xpath.compiler.XPathParser.RelationalExpr(XPathParser.java:930)
	at org.apache.xpath.compiler.XPathParser.EqualityExpr(XPathParser.java:870)
	at org.apache.xpath.compiler.XPathParser.AndExpr(XPathParser.java:834)
	at org.apache.xpath.compiler.XPathParser.OrExpr(XPathParser.java:807)
	at org.apache.xpath.compiler.XPathParser.Expr(XPathParser.java:790)
	at org.apache.xpath.compiler.XPathParser.initXPath(XPathParser.java:129)
	at com.gargoylesoftware.htmlunit.html.xpath.XPathAdapter.<init>(XPathAdapter.java:82)
	at com.gargoylesoftware.htmlunit.html.xpath.XPathUtils.evaluateXPath(XPathUtils.java:143)
	at com.gargoylesoftware.htmlunit.html.xpath.XPathUtils.getByXPath(XPathUtils.java:77)
	... 40 more
... Removed 25 stack frames]]>
    </failure>
  </testcase> <!-- validateDestinationPageLink -->
  <testcase name="validateVacationsPageLink" time="0.201" classname="com.qa.testcases.LoginPageTest">
    <failure type="org.openqa.selenium.InvalidSelectorException" message="The xpath expression &amp;apos;//a[conatins(text(),&amp;apos;Vacations&amp;apos;)]&amp;apos; cannot be evaluated
For documentation on this error, please visit: http://seleniumhq.org/exceptions/invalid_selector_exception.html
Build info: version: &amp;apos;3.5.3&amp;apos;, revision: &amp;apos;a88d25fe6b&amp;apos;, time: &amp;apos;2017-08-29T12:42:44.417Z&amp;apos;
System info: host: &amp;apos;VEERANTI&amp;apos;, ip: &amp;apos;192.168.0.8&amp;apos;, os.name: &amp;apos;Windows 8&amp;apos;, os.arch: &amp;apos;x86&amp;apos;, os.version: &amp;apos;6.2&amp;apos;, java.version: &amp;apos;1.8.0_71&amp;apos;
Driver info: driver.version: HtmlUnitDriver">
      <![CDATA[org.openqa.selenium.InvalidSelectorException: The xpath expression '//a[conatins(text(),'Vacations')]' cannot be evaluated
For documentation on this error, please visit: http://seleniumhq.org/exceptions/invalid_selector_exception.html
Build info: version: '3.5.3', revision: 'a88d25fe6b', time: '2017-08-29T12:42:44.417Z'
System info: host: 'VEERANTI', ip: '192.168.0.8', os.name: 'Windows 8', os.arch: 'x86', os.version: '6.2', java.version: '1.8.0_71'
Driver info: driver.version: HtmlUnitDriver
	at org.openqa.selenium.htmlunit.HtmlUnitDriver.findElementByXPath(HtmlUnitDriver.java:1352)
	at org.openqa.selenium.By$ByXPath.findElement(By.java:361)
	at org.openqa.selenium.htmlunit.HtmlUnitDriver$4.call(HtmlUnitDriver.java:1970)
	at org.openqa.selenium.htmlunit.HtmlUnitDriver$4.call(HtmlUnitDriver.java:1)
	at org.openqa.selenium.htmlunit.HtmlUnitDriver.implicitlyWaitFor(HtmlUnitDriver.java:1606)
	at org.openqa.selenium.htmlunit.HtmlUnitDriver.findElement(HtmlUnitDriver.java:1966)
	at org.openqa.selenium.htmlunit.HtmlUnitDriver.findElement(HtmlUnitDriver.java:754)
	at org.openqa.selenium.support.pagefactory.DefaultElementLocator.findElement(DefaultElementLocator.java:69)
	at org.openqa.selenium.support.pagefactory.internal.LocatingElementHandler.invoke(LocatingElementHandler.java:38)
	at com.sun.proxy.$Proxy21.click(Unknown Source)
	at com.qa.pages.LoginPage.VacationsPageLink(LoginPage.java:135)
	at com.qa.testcases.LoginPageTest.validateVacationsPageLink(LoginPageTest.java:135)
Caused by: java.lang.RuntimeException: Could not retrieve XPath >//a[conatins(text(),'Vacations')]< on HtmlPage(http://newtours.demoaut.com/)@22006072
	at com.gargoylesoftware.htmlunit.html.xpath.XPathUtils.getByXPath(XPathUtils.java:99)
	at com.gargoylesoftware.htmlunit.html.DomNode.getByXPath(DomNode.java:1627)
	at com.gargoylesoftware.htmlunit.html.DomNode.getFirstByXPath(DomNode.java:1657)
	at com.gargoylesoftware.htmlunit.html.DomNode.getFirstByXPath(DomNode.java:1641)
	at org.openqa.selenium.htmlunit.HtmlUnitDriver.findElementByXPath(HtmlUnitDriver.java:1349)
	... 36 more
Caused by: javax.xml.transform.TransformerException: Could not find function: conatins
	at org.apache.xpath.compiler.XPathParser.error(XPathParser.java:610)
	at org.apache.xpath.compiler.XPathParser.FunctionCall(XPathParser.java:1507)
	at org.apache.xpath.compiler.XPathParser.PrimaryExpr(XPathParser.java:1446)
	at org.apache.xpath.compiler.XPathParser.FilterExpr(XPathParser.java:1345)
	at org.apache.xpath.compiler.XPathParser.PathExpr(XPathParser.java:1278)
	at org.apache.xpath.compiler.XPathParser.UnionExpr(XPathParser.java:1236)
	at org.apache.xpath.compiler.XPathParser.UnaryExpr(XPathParser.java:1142)
	at org.apache.xpath.compiler.XPathParser.MultiplicativeExpr(XPathParser.java:1063)
	at org.apache.xpath.compiler.XPathParser.AdditiveExpr(XPathParser.java:1005)
	at org.apache.xpath.compiler.XPathParser.RelationalExpr(XPathParser.java:930)
	at org.apache.xpath.compiler.XPathParser.EqualityExpr(XPathParser.java:870)
	at org.apache.xpath.compiler.XPathParser.AndExpr(XPathParser.java:834)
	at org.apache.xpath.compiler.XPathParser.OrExpr(XPathParser.java:807)
	at org.apache.xpath.compiler.XPathParser.Expr(XPathParser.java:790)
	at org.apache.xpath.compiler.XPathParser.PredicateExpr(XPathParser.java:1954)
	at org.apache.xpath.compiler.XPathParser.Predicate(XPathParser.java:1936)
	at org.apache.xpath.compiler.XPathParser.Step(XPathParser.java:1726)
	at org.apache.xpath.compiler.XPathParser.RelativeLocationPath(XPathParser.java:1626)
	at org.apache.xpath.compiler.XPathParser.LocationPath(XPathParser.java:1597)
	at org.apache.xpath.compiler.XPathParser.PathExpr(XPathParser.java:1317)
	at org.apache.xpath.compiler.XPathParser.UnionExpr(XPathParser.java:1236)
	at org.apache.xpath.compiler.XPathParser.UnaryExpr(XPathParser.java:1142)
	at org.apache.xpath.compiler.XPathParser.MultiplicativeExpr(XPathParser.java:1063)
	at org.apache.xpath.compiler.XPathParser.AdditiveExpr(XPathParser.java:1005)
	at org.apache.xpath.compiler.XPathParser.RelationalExpr(XPathParser.java:930)
	at org.apache.xpath.compiler.XPathParser.EqualityExpr(XPathParser.java:870)
	at org.apache.xpath.compiler.XPathParser.AndExpr(XPathParser.java:834)
	at org.apache.xpath.compiler.XPathParser.OrExpr(XPathParser.java:807)
	at org.apache.xpath.compiler.XPathParser.Expr(XPathParser.java:790)
	at org.apache.xpath.compiler.XPathParser.initXPath(XPathParser.java:129)
	at com.gargoylesoftware.htmlunit.html.xpath.XPathAdapter.<init>(XPathAdapter.java:82)
	at com.gargoylesoftware.htmlunit.html.xpath.XPathUtils.evaluateXPath(XPathUtils.java:143)
	at com.gargoylesoftware.htmlunit.html.xpath.XPathUtils.getByXPath(XPathUtils.java:77)
	... 40 more
... Removed 25 stack frames]]>
    </failure>
  </testcase> <!-- validateVacationsPageLink -->
  <testcase name="validateLoginPageTitleTest" time="0.0" classname="com.qa.testcases.LoginPageTest">
    <ignored/>
  </testcase> <!-- validateLoginPageTitleTest -->
  <testcase name="validateNewToursLogoTest" time="0.0" classname="com.qa.testcases.LoginPageTest">
    <ignored/>
  </testcase> <!-- validateNewToursLogoTest -->
</testsuite> <!-- Free CRM App Test Cases -->
