<?xml version="1.0" encoding="UTF-8"?>
<!-- Generated by org.testng.reporters.JUnitXMLReporter -->
<testsuite hostname="Veeranti" ignored="0" name="New Tours Project Test Cases" tests="12" failures="12" timestamp="11 Jun 2018 06:00:43 GMT" time="8.068" errors="0">
  <testcase name="validateLoginPageTitleTest" time="0.017" classname="com.qa.testcases.LoginPageTest">
    <failure type="java.lang.AssertionError" message="expected [555 Welcome: Mercury Tours] but found [null]">
      <![CDATA[java.lang.AssertionError: expected [555 Welcome: Mercury Tours] but found [null]
	at com.qa.testcases.LoginPageTest.validateLoginPageTitleTest(LoginPageTest.java:60)
... Removed 31 stack frames]]>
    </failure>
  </testcase> <!-- validateLoginPageTitleTest -->
  <testcase name="validateNewToursLogoTest" time="0.204" classname="com.qa.testcases.LoginPageTest">
    <failure type="java.lang.IllegalStateException" message="Unable to locate element by xpath for com.gargoylesoftware.htmlunit.UnexpectedPage@1240f9b">
      <![CDATA[java.lang.IllegalStateException: Unable to locate element by xpath for com.gargoylesoftware.htmlunit.UnexpectedPage@1240f9b
	at org.openqa.selenium.htmlunit.HtmlUnitDriver.findElementByXPath(HtmlUnitDriver.java:1344)
	at org.openqa.selenium.By$ByXPath.findElement(By.java:361)
	at org.openqa.selenium.htmlunit.HtmlUnitDriver$4.call(HtmlUnitDriver.java:1970)
	at org.openqa.selenium.htmlunit.HtmlUnitDriver$4.call(HtmlUnitDriver.java:1)
	at org.openqa.selenium.htmlunit.HtmlUnitDriver.implicitlyWaitFor(HtmlUnitDriver.java:1606)
	at org.openqa.selenium.htmlunit.HtmlUnitDriver.findElement(HtmlUnitDriver.java:1966)
	at org.openqa.selenium.htmlunit.HtmlUnitDriver.findElement(HtmlUnitDriver.java:754)
	at org.openqa.selenium.support.pagefactory.DefaultElementLocator.findElement(DefaultElementLocator.java:69)
	at org.openqa.selenium.support.pagefactory.internal.LocatingElementHandler.invoke(LocatingElementHandler.java:38)
	at com.sun.proxy.$Proxy21.isDisplayed(Unknown Source)
	at com.qa.pages.LoginPage.validateNewToursLogo(LoginPage.java:68)
	at com.qa.testcases.LoginPageTest.validateNewToursLogoTest(LoginPageTest.java:66)
... Removed 25 stack frames]]>
    </failure>
  </testcase> <!-- validateNewToursLogoTest -->
  <testcase name="validateLogincredentials" time="0.202" classname="com.qa.testcases.LoginPageTest">
    <failure type="java.lang.IllegalStateException" message="Unable to locate element by name for com.gargoylesoftware.htmlunit.UnexpectedPage@fc612c">
      <![CDATA[java.lang.IllegalStateException: Unable to locate element by name for com.gargoylesoftware.htmlunit.UnexpectedPage@fc612c
	at org.openqa.selenium.htmlunit.HtmlUnitDriver.findElementByName(HtmlUnitDriver.java:1285)
	at org.openqa.selenium.By$ByName.findElement(By.java:303)
	at org.openqa.selenium.htmlunit.HtmlUnitDriver$4.call(HtmlUnitDriver.java:1970)
	at org.openqa.selenium.htmlunit.HtmlUnitDriver$4.call(HtmlUnitDriver.java:1)
	at org.openqa.selenium.htmlunit.HtmlUnitDriver.implicitlyWaitFor(HtmlUnitDriver.java:1606)
	at org.openqa.selenium.htmlunit.HtmlUnitDriver.findElement(HtmlUnitDriver.java:1966)
	at org.openqa.selenium.htmlunit.HtmlUnitDriver.findElement(HtmlUnitDriver.java:754)
	at org.openqa.selenium.support.pagefactory.DefaultElementLocator.findElement(DefaultElementLocator.java:69)
	at org.openqa.selenium.support.pagefactory.internal.LocatingElementHandler.invoke(LocatingElementHandler.java:38)
	at com.sun.proxy.$Proxy21.sendKeys(Unknown Source)
	at com.qa.pages.LoginPage.Login(LoginPage.java:72)
	at com.qa.testcases.LoginPageTest.validateLogincredentials(LoginPageTest.java:80)
... Removed 25 stack frames]]>
    </failure>
  </testcase> <!-- validateLogincredentials -->
  <testcase name="validateRegistrationPageLink" time="0.201" classname="com.qa.testcases.LoginPageTest">
    <failure type="java.lang.IllegalStateException" message="Unable to locate element by xpath for com.gargoylesoftware.htmlunit.UnexpectedPage@1ed9436">
      <![CDATA[java.lang.IllegalStateException: Unable to locate element by xpath for com.gargoylesoftware.htmlunit.UnexpectedPage@1ed9436
	at org.openqa.selenium.htmlunit.HtmlUnitDriver.findElementByXPath(HtmlUnitDriver.java:1344)
	at org.openqa.selenium.By$ByXPath.findElement(By.java:361)
	at org.openqa.selenium.htmlunit.HtmlUnitDriver$4.call(HtmlUnitDriver.java:1970)
	at org.openqa.selenium.htmlunit.HtmlUnitDriver$4.call(HtmlUnitDriver.java:1)
	at org.openqa.selenium.htmlunit.HtmlUnitDriver.implicitlyWaitFor(HtmlUnitDriver.java:1606)
	at org.openqa.selenium.htmlunit.HtmlUnitDriver.findElement(HtmlUnitDriver.java:1966)
	at org.openqa.selenium.htmlunit.HtmlUnitDriver.findElement(HtmlUnitDriver.java:754)
	at org.openqa.selenium.support.pagefactory.DefaultElementLocator.findElement(DefaultElementLocator.java:69)
	at org.openqa.selenium.support.pagefactory.internal.LocatingElementHandler.invoke(LocatingElementHandler.java:38)
	at com.sun.proxy.$Proxy21.click(Unknown Source)
	at com.qa.pages.LoginPage.RegistrationPageLink(LoginPage.java:81)
	at com.qa.testcases.LoginPageTest.validateRegistrationPageLink(LoginPageTest.java:90)
... Removed 25 stack frames]]>
    </failure>
  </testcase> <!-- validateRegistrationPageLink -->
  <testcase name="validateSupportPageLink" time="0.204" classname="com.qa.testcases.LoginPageTest">
    <failure type="java.lang.IllegalStateException" message="Unable to locate element by xpath for com.gargoylesoftware.htmlunit.UnexpectedPage@6b0e0e">
      <![CDATA[java.lang.IllegalStateException: Unable to locate element by xpath for com.gargoylesoftware.htmlunit.UnexpectedPage@6b0e0e
	at org.openqa.selenium.htmlunit.HtmlUnitDriver.findElementByXPath(HtmlUnitDriver.java:1344)
	at org.openqa.selenium.By$ByXPath.findElement(By.java:361)
	at org.openqa.selenium.htmlunit.HtmlUnitDriver$4.call(HtmlUnitDriver.java:1970)
	at org.openqa.selenium.htmlunit.HtmlUnitDriver$4.call(HtmlUnitDriver.java:1)
	at org.openqa.selenium.htmlunit.HtmlUnitDriver.implicitlyWaitFor(HtmlUnitDriver.java:1606)
	at org.openqa.selenium.htmlunit.HtmlUnitDriver.findElement(HtmlUnitDriver.java:1966)
	at org.openqa.selenium.htmlunit.HtmlUnitDriver.findElement(HtmlUnitDriver.java:754)
	at org.openqa.selenium.support.pagefactory.DefaultElementLocator.findElement(DefaultElementLocator.java:69)
	at org.openqa.selenium.support.pagefactory.internal.LocatingElementHandler.invoke(LocatingElementHandler.java:38)
	at com.sun.proxy.$Proxy21.click(Unknown Source)
	at com.qa.pages.LoginPage.SupportPageLink(LoginPage.java:87)
	at com.qa.testcases.LoginPageTest.validateSupportPageLink(LoginPageTest.java:96)
... Removed 25 stack frames]]>
    </failure>
  </testcase> <!-- validateSupportPageLink -->
  <testcase name="validateLoginPageLink" time="0.202" classname="com.qa.testcases.LoginPageTest">
    <failure type="java.lang.IllegalStateException" message="Unable to locate element by xpath for com.gargoylesoftware.htmlunit.UnexpectedPage@a5ec99">
      <![CDATA[java.lang.IllegalStateException: Unable to locate element by xpath for com.gargoylesoftware.htmlunit.UnexpectedPage@a5ec99
	at org.openqa.selenium.htmlunit.HtmlUnitDriver.findElementByXPath(HtmlUnitDriver.java:1344)
	at org.openqa.selenium.By$ByXPath.findElement(By.java:361)
	at org.openqa.selenium.htmlunit.HtmlUnitDriver$4.call(HtmlUnitDriver.java:1970)
	at org.openqa.selenium.htmlunit.HtmlUnitDriver$4.call(HtmlUnitDriver.java:1)
	at org.openqa.selenium.htmlunit.HtmlUnitDriver.implicitlyWaitFor(HtmlUnitDriver.java:1606)
	at org.openqa.selenium.htmlunit.HtmlUnitDriver.findElement(HtmlUnitDriver.java:1966)
	at org.openqa.selenium.htmlunit.HtmlUnitDriver.findElement(HtmlUnitDriver.java:754)
	at org.openqa.selenium.support.pagefactory.DefaultElementLocator.findElement(DefaultElementLocator.java:69)
	at org.openqa.selenium.support.pagefactory.internal.LocatingElementHandler.invoke(LocatingElementHandler.java:38)
	at com.sun.proxy.$Proxy21.click(Unknown Source)
	at com.qa.pages.LoginPage.LoginPageLink(LoginPage.java:99)
	at com.qa.testcases.LoginPageTest.validateLoginPageLink(LoginPageTest.java:101)
... Removed 25 stack frames]]>
    </failure>
  </testcase> <!-- validateLoginPageLink -->
  <testcase name="validateFlightsPageLink" time="0.202" classname="com.qa.testcases.LoginPageTest">
    <failure type="java.lang.IllegalStateException" message="Unable to locate element by xpath for com.gargoylesoftware.htmlunit.UnexpectedPage@17faf5c">
      <![CDATA[java.lang.IllegalStateException: Unable to locate element by xpath for com.gargoylesoftware.htmlunit.UnexpectedPage@17faf5c
	at org.openqa.selenium.htmlunit.HtmlUnitDriver.findElementByXPath(HtmlUnitDriver.java:1344)
	at org.openqa.selenium.By$ByXPath.findElement(By.java:361)
	at org.openqa.selenium.htmlunit.HtmlUnitDriver$4.call(HtmlUnitDriver.java:1970)
	at org.openqa.selenium.htmlunit.HtmlUnitDriver$4.call(HtmlUnitDriver.java:1)
	at org.openqa.selenium.htmlunit.HtmlUnitDriver.implicitlyWaitFor(HtmlUnitDriver.java:1606)
	at org.openqa.selenium.htmlunit.HtmlUnitDriver.findElement(HtmlUnitDriver.java:1966)
	at org.openqa.selenium.htmlunit.HtmlUnitDriver.findElement(HtmlUnitDriver.java:754)
	at org.openqa.selenium.support.pagefactory.DefaultElementLocator.findElement(DefaultElementLocator.java:69)
	at org.openqa.selenium.support.pagefactory.internal.LocatingElementHandler.invoke(LocatingElementHandler.java:38)
	at com.sun.proxy.$Proxy21.click(Unknown Source)
	at com.qa.pages.LoginPage.FlightsPageLink(LoginPage.java:105)
	at com.qa.testcases.LoginPageTest.validateFlightsPageLink(LoginPageTest.java:107)
... Removed 25 stack frames]]>
    </failure>
  </testcase> <!-- validateFlightsPageLink -->
  <testcase name="validateHotelsPageLink" time="0.2" classname="com.qa.testcases.LoginPageTest">
    <failure type="java.lang.IllegalStateException" message="Unable to locate element by xpath for com.gargoylesoftware.htmlunit.UnexpectedPage@953f42">
      <![CDATA[java.lang.IllegalStateException: Unable to locate element by xpath for com.gargoylesoftware.htmlunit.UnexpectedPage@953f42
	at org.openqa.selenium.htmlunit.HtmlUnitDriver.findElementByXPath(HtmlUnitDriver.java:1344)
	at org.openqa.selenium.By$ByXPath.findElement(By.java:361)
	at org.openqa.selenium.htmlunit.HtmlUnitDriver$4.call(HtmlUnitDriver.java:1970)
	at org.openqa.selenium.htmlunit.HtmlUnitDriver$4.call(HtmlUnitDriver.java:1)
	at org.openqa.selenium.htmlunit.HtmlUnitDriver.implicitlyWaitFor(HtmlUnitDriver.java:1606)
	at org.openqa.selenium.htmlunit.HtmlUnitDriver.findElement(HtmlUnitDriver.java:1966)
	at org.openqa.selenium.htmlunit.HtmlUnitDriver.findElement(HtmlUnitDriver.java:754)
	at org.openqa.selenium.support.pagefactory.DefaultElementLocator.findElement(DefaultElementLocator.java:69)
	at org.openqa.selenium.support.pagefactory.internal.LocatingElementHandler.invoke(LocatingElementHandler.java:38)
	at com.sun.proxy.$Proxy21.click(Unknown Source)
	at com.qa.pages.LoginPage.HotelsPageLink(LoginPage.java:111)
	at com.qa.testcases.LoginPageTest.validateHotelsPageLink(LoginPageTest.java:112)
... Removed 25 stack frames]]>
    </failure>
  </testcase> <!-- validateHotelsPageLink -->
  <testcase name="validateCarRentalsPageLink" time="0.205" classname="com.qa.testcases.LoginPageTest">
    <failure type="java.lang.IllegalStateException" message="Unable to locate element by xpath for com.gargoylesoftware.htmlunit.UnexpectedPage@c77705">
      <![CDATA[java.lang.IllegalStateException: Unable to locate element by xpath for com.gargoylesoftware.htmlunit.UnexpectedPage@c77705
	at org.openqa.selenium.htmlunit.HtmlUnitDriver.findElementByXPath(HtmlUnitDriver.java:1344)
	at org.openqa.selenium.By$ByXPath.findElement(By.java:361)
	at org.openqa.selenium.htmlunit.HtmlUnitDriver$4.call(HtmlUnitDriver.java:1970)
	at org.openqa.selenium.htmlunit.HtmlUnitDriver$4.call(HtmlUnitDriver.java:1)
	at org.openqa.selenium.htmlunit.HtmlUnitDriver.implicitlyWaitFor(HtmlUnitDriver.java:1606)
	at org.openqa.selenium.htmlunit.HtmlUnitDriver.findElement(HtmlUnitDriver.java:1966)
	at org.openqa.selenium.htmlunit.HtmlUnitDriver.findElement(HtmlUnitDriver.java:754)
	at org.openqa.selenium.support.pagefactory.DefaultElementLocator.findElement(DefaultElementLocator.java:69)
	at org.openqa.selenium.support.pagefactory.internal.LocatingElementHandler.invoke(LocatingElementHandler.java:38)
	at com.sun.proxy.$Proxy21.click(Unknown Source)
	at com.qa.pages.LoginPage.carRentalsPageLink(LoginPage.java:117)
	at com.qa.testcases.LoginPageTest.validateCarRentalsPageLink(LoginPageTest.java:117)
... Removed 25 stack frames]]>
    </failure>
  </testcase> <!-- validateCarRentalsPageLink -->
  <testcase name="validateCruisesPageLink" time="0.202" classname="com.qa.testcases.LoginPageTest">
    <failure type="java.lang.IllegalStateException" message="Unable to locate element by xpath for com.gargoylesoftware.htmlunit.UnexpectedPage@1264114">
      <![CDATA[java.lang.IllegalStateException: Unable to locate element by xpath for com.gargoylesoftware.htmlunit.UnexpectedPage@1264114
	at org.openqa.selenium.htmlunit.HtmlUnitDriver.findElementByXPath(HtmlUnitDriver.java:1344)
	at org.openqa.selenium.By$ByXPath.findElement(By.java:361)
	at org.openqa.selenium.htmlunit.HtmlUnitDriver$4.call(HtmlUnitDriver.java:1970)
	at org.openqa.selenium.htmlunit.HtmlUnitDriver$4.call(HtmlUnitDriver.java:1)
	at org.openqa.selenium.htmlunit.HtmlUnitDriver.implicitlyWaitFor(HtmlUnitDriver.java:1606)
	at org.openqa.selenium.htmlunit.HtmlUnitDriver.findElement(HtmlUnitDriver.java:1966)
	at org.openqa.selenium.htmlunit.HtmlUnitDriver.findElement(HtmlUnitDriver.java:754)
	at org.openqa.selenium.support.pagefactory.DefaultElementLocator.findElement(DefaultElementLocator.java:69)
	at org.openqa.selenium.support.pagefactory.internal.LocatingElementHandler.invoke(LocatingElementHandler.java:38)
	at com.sun.proxy.$Proxy21.click(Unknown Source)
	at com.qa.pages.LoginPage.CruisesPageLink(LoginPage.java:123)
	at com.qa.testcases.LoginPageTest.validateCruisesPageLink(LoginPageTest.java:123)
... Removed 25 stack frames]]>
    </failure>
  </testcase> <!-- validateCruisesPageLink -->
  <testcase name="validateDestinationPageLink" time="0.201" classname="com.qa.testcases.LoginPageTest">
    <failure type="java.lang.IllegalStateException" message="Unable to locate element by xpath for com.gargoylesoftware.htmlunit.UnexpectedPage@1410fdd">
      <![CDATA[java.lang.IllegalStateException: Unable to locate element by xpath for com.gargoylesoftware.htmlunit.UnexpectedPage@1410fdd
	at org.openqa.selenium.htmlunit.HtmlUnitDriver.findElementByXPath(HtmlUnitDriver.java:1344)
	at org.openqa.selenium.By$ByXPath.findElement(By.java:361)
	at org.openqa.selenium.htmlunit.HtmlUnitDriver$4.call(HtmlUnitDriver.java:1970)
	at org.openqa.selenium.htmlunit.HtmlUnitDriver$4.call(HtmlUnitDriver.java:1)
	at org.openqa.selenium.htmlunit.HtmlUnitDriver.implicitlyWaitFor(HtmlUnitDriver.java:1606)
	at org.openqa.selenium.htmlunit.HtmlUnitDriver.findElement(HtmlUnitDriver.java:1966)
	at org.openqa.selenium.htmlunit.HtmlUnitDriver.findElement(HtmlUnitDriver.java:754)
	at org.openqa.selenium.support.pagefactory.DefaultElementLocator.findElement(DefaultElementLocator.java:69)
	at org.openqa.selenium.support.pagefactory.internal.LocatingElementHandler.invoke(LocatingElementHandler.java:38)
	at com.sun.proxy.$Proxy21.click(Unknown Source)
	at com.qa.pages.LoginPage.DestinationsPageLink(LoginPage.java:129)
	at com.qa.testcases.LoginPageTest.validateDestinationPageLink(LoginPageTest.java:128)
... Removed 25 stack frames]]>
    </failure>
  </testcase> <!-- validateDestinationPageLink -->
  <testcase name="validateVacationsPageLink" time="0.203" classname="com.qa.testcases.LoginPageTest">
    <failure type="java.lang.IllegalStateException" message="Unable to locate element by xpath for com.gargoylesoftware.htmlunit.UnexpectedPage@7b6c39">
      <![CDATA[java.lang.IllegalStateException: Unable to locate element by xpath for com.gargoylesoftware.htmlunit.UnexpectedPage@7b6c39
	at org.openqa.selenium.htmlunit.HtmlUnitDriver.findElementByXPath(HtmlUnitDriver.java:1344)
	at org.openqa.selenium.By$ByXPath.findElement(By.java:361)
	at org.openqa.selenium.htmlunit.HtmlUnitDriver$4.call(HtmlUnitDriver.java:1970)
	at org.openqa.selenium.htmlunit.HtmlUnitDriver$4.call(HtmlUnitDriver.java:1)
	at org.openqa.selenium.htmlunit.HtmlUnitDriver.implicitlyWaitFor(HtmlUnitDriver.java:1606)
	at org.openqa.selenium.htmlunit.HtmlUnitDriver.findElement(HtmlUnitDriver.java:1966)
	at org.openqa.selenium.htmlunit.HtmlUnitDriver.findElement(HtmlUnitDriver.java:754)
	at org.openqa.selenium.support.pagefactory.DefaultElementLocator.findElement(DefaultElementLocator.java:69)
	at org.openqa.selenium.support.pagefactory.internal.LocatingElementHandler.invoke(LocatingElementHandler.java:38)
	at com.sun.proxy.$Proxy21.click(Unknown Source)
	at com.qa.pages.LoginPage.VacationsPageLink(LoginPage.java:135)
	at com.qa.testcases.LoginPageTest.validateVacationsPageLink(LoginPageTest.java:133)
... Removed 25 stack frames]]>
    </failure>
  </testcase> <!-- validateVacationsPageLink -->
</testsuite> <!-- New Tours Project Test Cases -->
