<?xml version="1.0" encoding="UTF-8"?>
<!-- Generated by org.testng.reporters.JUnitXMLReporter -->
<testsuite hostname="Veeranti" ignored="0" name="Test 2" tests="4" failures="1" timestamp="13 Jun 2018 04:08:41 GMT" time="159.913" errors="0">
  <testcase name="validateLogincredentialsTest" time="3.386" classname="com.qa.testcases.RegistrationPageTest"/>
  <testcase name="validateLogincredentialsTest" time="5.162" classname="com.qa.testcases.RegistrationPageTest"/>
  <testcase name="validateLogincredentialsTest" time="3.605" classname="com.qa.testcases.RegistrationPageTest"/>
  <testcase name="validateLogincredentialsTest" time="3.059" classname="com.qa.testcases.RegistrationPageTest">
    <failure type="org.openqa.selenium.NoSuchElementException" message="Cannot locate element with text: aaaaaaaaa
For documentation on this error, please visit: http://seleniumhq.org/exceptions/no_such_element.html
Build info: version: &amp;apos;3.5.3&amp;apos;, revision: &amp;apos;a88d25fe6b&amp;apos;, time: &amp;apos;2017-08-29T12:42:44.417Z&amp;apos;
System info: host: &amp;apos;VEERANTI&amp;apos;, ip: &amp;apos;192.168.0.10&amp;apos;, os.name: &amp;apos;Windows 8&amp;apos;, os.arch: &amp;apos;x86&amp;apos;, os.version: &amp;apos;6.2&amp;apos;, java.version: &amp;apos;1.8.0_71&amp;apos;
Driver info: driver.version: unknown">
      <![CDATA[org.openqa.selenium.NoSuchElementException: Cannot locate element with text: aaaaaaaaa
For documentation on this error, please visit: http://seleniumhq.org/exceptions/no_such_element.html
Build info: version: '3.5.3', revision: 'a88d25fe6b', time: '2017-08-29T12:42:44.417Z'
System info: host: 'VEERANTI', ip: '192.168.0.10', os.name: 'Windows 8', os.arch: 'x86', os.version: '6.2', java.version: '1.8.0_71'
Driver info: driver.version: unknown
	at org.openqa.selenium.support.ui.Select.selectByVisibleText(Select.java:151)
	at com.qa.pages.RegistrationPage.RegisterUsers(RegistrationPage.java:78)
	at com.qa.testcases.RegistrationPageTest.validateLogincredentialsTest(RegistrationPageTest.java:50)
... Removed 25 stack frames]]>
    </failure>
  </testcase> <!-- validateLogincredentialsTest -->
</testsuite> <!-- Test 2 -->
