<?xml version="1.0" encoding="UTF-8"?>
<testng-results skipped="0" failed="5" ignored="0" total="19" passed="14">
  <reporter-output>
  </reporter-output>
  <suite name="New Tours Application Test Automation Test Suite" duration-ms="726918" started-at="2018-06-13T03:58:39Z" finished-at="2018-06-13T04:10:46Z">
    <groups>
    </groups>
    <test name="Test 1" duration-ms="440966" started-at="2018-06-13T03:58:39Z" finished-at="2018-06-13T04:06:00Z">
      <class name="com.qa.testcases.LoginPageTest">
        <test-method status="PASS" signature="Setup()[pri:0, instance:com.qa.testcases.LoginPageTest@1686d1f]" name="Setup" is-config="true" duration-ms="32142" started-at="2018-06-13T09:28:40Z" finished-at="2018-06-13T09:29:12Z">
          <reporter-output>
          </reporter-output>
        </test-method> <!-- Setup -->
        <test-method status="PASS" signature="validateLoginPageTitleTest()[pri:1, instance:com.qa.testcases.LoginPageTest@1686d1f]" name="validateLoginPageTitleTest" duration-ms="37" started-at="2018-06-13T09:29:12Z" finished-at="2018-06-13T09:29:12Z">
          <reporter-output>
          </reporter-output>
        </test-method> <!-- validateLoginPageTitleTest -->
        <test-method status="PASS" signature="TearDown()[pri:0, instance:com.qa.testcases.LoginPageTest@1686d1f]" name="TearDown" is-config="true" duration-ms="2177" started-at="2018-06-13T09:29:12Z" finished-at="2018-06-13T09:29:14Z">
          <reporter-output>
          </reporter-output>
        </test-method> <!-- TearDown -->
        <test-method status="PASS" signature="Setup()[pri:0, instance:com.qa.testcases.LoginPageTest@1686d1f]" name="Setup" is-config="true" duration-ms="38778" started-at="2018-06-13T09:29:14Z" finished-at="2018-06-13T09:29:53Z">
          <reporter-output>
          </reporter-output>
        </test-method> <!-- Setup -->
        <test-method status="FAIL" signature="validateNewToursLogoTest()[pri:2, instance:com.qa.testcases.LoginPageTest@1686d1f]" name="validateNewToursLogoTest" duration-ms="720" started-at="2018-06-13T09:29:53Z" finished-at="2018-06-13T09:29:53Z">
          <exception class="org.openqa.selenium.NoSuchElementException">
            <message>
              <![CDATA[no such element: Unable to locate element: {"method":"xpath","selector":"//img[src='http://newtours.demoaut.com/images/nav/logo.gif']"}
  (Session info: chrome=66.0.3359.139)
  (Driver info: chromedriver=2.36.540470 (e522d04694c7ebea4ba8821272dbef4f9b818c91),platform=Windows NT 6.2.9200 x86) (WARNING: The server did not provide any stacktrace information)
Command duration or timeout: 0 milliseconds
For documentation on this error, please visit: http://seleniumhq.org/exceptions/no_such_element.html
Build info: version: '3.5.3', revision: 'a88d25fe6b', time: '2017-08-29T12:42:44.417Z'
System info: host: 'VEERANTI', ip: '192.168.0.10', os.name: 'Windows 8', os.arch: 'x86', os.version: '6.2', java.version: '1.8.0_71'
Driver info: org.openqa.selenium.chrome.ChromeDriver
Capabilities [{mobileEmulationEnabled=false, hasTouchScreen=false, platform=WIN8, acceptSslCerts=false, acceptInsecureCerts=false, webStorageEnabled=true, browserName=chrome, takesScreenshot=true, javascriptEnabled=true, platformName=WIN8, setWindowRect=true, unexpectedAlertBehaviour=, applicationCacheEnabled=false, rotatable=false, networkConnectionEnabled=false, chrome={chromedriverVersion=2.36.540470 (e522d04694c7ebea4ba8821272dbef4f9b818c91), userDataDir=C:\Users\ramya\AppData\Local\Temp\scoped_dir5204_8243}, takesHeapSnapshot=true, pageLoadStrategy=normal, unhandledPromptBehavior=, databaseEnabled=false, handlesAlerts=true, version=66.0.3359.139, browserConnectionEnabled=false, nativeEvents=true, locationContextEnabled=true, cssSelectorsEnabled=true}]
Session ID: e3b1058b28a56ec71826d8e14cf57eae
*** Element info: {Using=xpath, value=//img[src='http://newtours.demoaut.com/images/nav/logo.gif']}]]>
            </message>
            <full-stacktrace>
              <![CDATA[org.openqa.selenium.NoSuchElementException: no such element: Unable to locate element: {"method":"xpath","selector":"//img[src='http://newtours.demoaut.com/images/nav/logo.gif']"}
  (Session info: chrome=66.0.3359.139)
  (Driver info: chromedriver=2.36.540470 (e522d04694c7ebea4ba8821272dbef4f9b818c91),platform=Windows NT 6.2.9200 x86) (WARNING: The server did not provide any stacktrace information)
Command duration or timeout: 0 milliseconds
For documentation on this error, please visit: http://seleniumhq.org/exceptions/no_such_element.html
Build info: version: '3.5.3', revision: 'a88d25fe6b', time: '2017-08-29T12:42:44.417Z'
System info: host: 'VEERANTI', ip: '192.168.0.10', os.name: 'Windows 8', os.arch: 'x86', os.version: '6.2', java.version: '1.8.0_71'
Driver info: org.openqa.selenium.chrome.ChromeDriver
Capabilities [{mobileEmulationEnabled=false, hasTouchScreen=false, platform=WIN8, acceptSslCerts=false, acceptInsecureCerts=false, webStorageEnabled=true, browserName=chrome, takesScreenshot=true, javascriptEnabled=true, platformName=WIN8, setWindowRect=true, unexpectedAlertBehaviour=, applicationCacheEnabled=false, rotatable=false, networkConnectionEnabled=false, chrome={chromedriverVersion=2.36.540470 (e522d04694c7ebea4ba8821272dbef4f9b818c91), userDataDir=C:\Users\ramya\AppData\Local\Temp\scoped_dir5204_8243}, takesHeapSnapshot=true, pageLoadStrategy=normal, unhandledPromptBehavior=, databaseEnabled=false, handlesAlerts=true, version=66.0.3359.139, browserConnectionEnabled=false, nativeEvents=true, locationContextEnabled=true, cssSelectorsEnabled=true}]
Session ID: e3b1058b28a56ec71826d8e14cf57eae
*** Element info: {Using=xpath, value=//img[src='http://newtours.demoaut.com/images/nav/logo.gif']}
	at sun.reflect.NativeConstructorAccessorImpl.newInstance0(Native Method)
	at sun.reflect.NativeConstructorAccessorImpl.newInstance(NativeConstructorAccessorImpl.java:62)
	at sun.reflect.DelegatingConstructorAccessorImpl.newInstance(DelegatingConstructorAccessorImpl.java:45)
	at java.lang.reflect.Constructor.newInstance(Constructor.java:422)
	at org.openqa.selenium.remote.ErrorHandler.createThrowable(ErrorHandler.java:215)
	at org.openqa.selenium.remote.ErrorHandler.throwIfResponseFailed(ErrorHandler.java:167)
	at org.openqa.selenium.remote.http.JsonHttpResponseCodec.reconstructValue(JsonHttpResponseCodec.java:40)
	at org.openqa.selenium.remote.http.AbstractHttpResponseCodec.decode(AbstractHttpResponseCodec.java:82)
	at org.openqa.selenium.remote.http.AbstractHttpResponseCodec.decode(AbstractHttpResponseCodec.java:45)
	at org.openqa.selenium.remote.HttpCommandExecutor.execute(HttpCommandExecutor.java:164)
	at org.openqa.selenium.remote.service.DriverCommandExecutor.execute(DriverCommandExecutor.java:82)
	at org.openqa.selenium.remote.RemoteWebDriver.execute(RemoteWebDriver.java:646)
	at org.openqa.selenium.remote.RemoteWebDriver.findElement(RemoteWebDriver.java:416)
	at org.openqa.selenium.remote.RemoteWebDriver.findElementByXPath(RemoteWebDriver.java:518)
	at org.openqa.selenium.By$ByXPath.findElement(By.java:361)
	at org.openqa.selenium.remote.RemoteWebDriver.findElement(RemoteWebDriver.java:408)
	at sun.reflect.NativeMethodAccessorImpl.invoke0(Native Method)
	at sun.reflect.NativeMethodAccessorImpl.invoke(NativeMethodAccessorImpl.java:62)
	at sun.reflect.DelegatingMethodAccessorImpl.invoke(DelegatingMethodAccessorImpl.java:43)
	at java.lang.reflect.Method.invoke(Method.java:497)
	at org.openqa.selenium.support.events.EventFiringWebDriver$2.invoke(EventFiringWebDriver.java:105)
	at com.sun.proxy.$Proxy8.findElement(Unknown Source)
	at org.openqa.selenium.support.events.EventFiringWebDriver.findElement(EventFiringWebDriver.java:189)
	at org.openqa.selenium.support.pagefactory.DefaultElementLocator.findElement(DefaultElementLocator.java:69)
	at org.openqa.selenium.support.pagefactory.internal.LocatingElementHandler.invoke(LocatingElementHandler.java:38)
	at com.sun.proxy.$Proxy12.isDisplayed(Unknown Source)
	at com.qa.pages.LoginPage.validateNewToursLogo(LoginPage.java:68)
	at com.qa.testcases.LoginPageTest.validateNewToursLogoTest(LoginPageTest.java:66)
	at sun.reflect.NativeMethodAccessorImpl.invoke0(Native Method)
	at sun.reflect.NativeMethodAccessorImpl.invoke(NativeMethodAccessorImpl.java:62)
	at sun.reflect.DelegatingMethodAccessorImpl.invoke(DelegatingMethodAccessorImpl.java:43)
	at java.lang.reflect.Method.invoke(Method.java:497)
	at org.testng.internal.MethodInvocationHelper.invokeMethod(MethodInvocationHelper.java:108)
	at org.testng.internal.Invoker.invokeMethod(Invoker.java:661)
	at org.testng.internal.Invoker.invokeTestMethod(Invoker.java:869)
	at org.testng.internal.Invoker.invokeTestMethods(Invoker.java:1193)
	at org.testng.internal.TestMethodWorker.invokeTestMethods(TestMethodWorker.java:126)
	at org.testng.internal.TestMethodWorker.run(TestMethodWorker.java:109)
	at org.testng.TestRunner.privateRun(TestRunner.java:744)
	at org.testng.TestRunner.run(TestRunner.java:602)
	at org.testng.SuiteRunner.runTest(SuiteRunner.java:380)
	at org.testng.SuiteRunner.runSequentially(SuiteRunner.java:375)
	at org.testng.SuiteRunner.privateRun(SuiteRunner.java:340)
	at org.testng.SuiteRunner.run(SuiteRunner.java:289)
	at org.testng.SuiteRunnerWorker.runSuite(SuiteRunnerWorker.java:52)
	at org.testng.SuiteRunnerWorker.run(SuiteRunnerWorker.java:86)
	at org.testng.TestNG.runSuitesSequentially(TestNG.java:1301)
	at org.testng.TestNG.runSuitesLocally(TestNG.java:1226)
	at org.testng.TestNG.runSuites(TestNG.java:1144)
	at org.testng.TestNG.run(TestNG.java:1115)
	at org.testng.remote.AbstractRemoteTestNG.run(AbstractRemoteTestNG.java:114)
	at org.testng.remote.RemoteTestNG.initAndRun(RemoteTestNG.java:251)
	at org.testng.remote.RemoteTestNG.main(RemoteTestNG.java:77)
]]>
            </full-stacktrace>
          </exception> <!-- org.openqa.selenium.NoSuchElementException -->
          <reporter-output>
          </reporter-output>
        </test-method> <!-- validateNewToursLogoTest -->
        <test-method status="PASS" signature="TearDown()[pri:0, instance:com.qa.testcases.LoginPageTest@1686d1f]" name="TearDown" is-config="true" duration-ms="2468" started-at="2018-06-13T09:29:53Z" finished-at="2018-06-13T09:29:56Z">
          <reporter-output>
          </reporter-output>
        </test-method> <!-- TearDown -->
        <test-method status="PASS" signature="Setup()[pri:0, instance:com.qa.testcases.LoginPageTest@1686d1f]" name="Setup" is-config="true" duration-ms="32396" started-at="2018-06-13T09:29:58Z" finished-at="2018-06-13T09:30:30Z">
          <reporter-output>
          </reporter-output>
        </test-method> <!-- Setup -->
        <test-method status="PASS" signature="validateLogincredentials(java.lang.String, java.lang.String)[pri:3, instance:com.qa.testcases.LoginPageTest@1686d1f]" name="validateLogincredentials" duration-ms="5746" started-at="2018-06-13T09:30:30Z" data-provider="LoginTestDetails" finished-at="2018-06-13T09:30:36Z">
          <params>
            <param index="0">
              <value>
                <![CDATA[tutorial]]>
              </value>
            </param>
            <param index="1">
              <value>
                <![CDATA[tutorial]]>
              </value>
            </param>
          </params>
          <reporter-output>
          </reporter-output>
        </test-method> <!-- validateLogincredentials -->
        <test-method status="PASS" signature="TearDown()[pri:0, instance:com.qa.testcases.LoginPageTest@1686d1f]" name="TearDown" is-config="true" duration-ms="2515" started-at="2018-06-13T09:30:36Z" finished-at="2018-06-13T09:30:38Z">
          <reporter-output>
          </reporter-output>
        </test-method> <!-- TearDown -->
        <test-method status="PASS" signature="Setup()[pri:0, instance:com.qa.testcases.LoginPageTest@1686d1f]" name="Setup" is-config="true" duration-ms="32616" started-at="2018-06-13T09:30:38Z" finished-at="2018-06-13T09:31:11Z">
          <reporter-output>
          </reporter-output>
        </test-method> <!-- Setup -->
        <test-method status="PASS" signature="validateRegistrationPageLink()[pri:4, instance:com.qa.testcases.LoginPageTest@1686d1f]" name="validateRegistrationPageLink" duration-ms="1389" started-at="2018-06-13T09:31:11Z" finished-at="2018-06-13T09:31:12Z">
          <reporter-output>
          </reporter-output>
        </test-method> <!-- validateRegistrationPageLink -->
        <test-method status="PASS" signature="TearDown()[pri:0, instance:com.qa.testcases.LoginPageTest@1686d1f]" name="TearDown" is-config="true" duration-ms="2234" started-at="2018-06-13T09:31:12Z" finished-at="2018-06-13T09:31:15Z">
          <reporter-output>
          </reporter-output>
        </test-method> <!-- TearDown -->
        <test-method status="PASS" signature="Setup()[pri:0, instance:com.qa.testcases.LoginPageTest@1686d1f]" name="Setup" is-config="true" duration-ms="29072" started-at="2018-06-13T09:31:15Z" finished-at="2018-06-13T09:31:44Z">
          <reporter-output>
          </reporter-output>
        </test-method> <!-- Setup -->
        <test-method status="PASS" signature="validateSupportPageLink()[pri:5, instance:com.qa.testcases.LoginPageTest@1686d1f]" name="validateSupportPageLink" duration-ms="901" started-at="2018-06-13T09:31:44Z" finished-at="2018-06-13T09:31:45Z">
          <reporter-output>
          </reporter-output>
        </test-method> <!-- validateSupportPageLink -->
        <test-method status="PASS" signature="TearDown()[pri:0, instance:com.qa.testcases.LoginPageTest@1686d1f]" name="TearDown" is-config="true" duration-ms="2176" started-at="2018-06-13T09:31:45Z" finished-at="2018-06-13T09:31:47Z">
          <reporter-output>
          </reporter-output>
        </test-method> <!-- TearDown -->
        <test-method status="PASS" signature="Setup()[pri:0, instance:com.qa.testcases.LoginPageTest@1686d1f]" name="Setup" is-config="true" duration-ms="40869" started-at="2018-06-13T09:31:47Z" finished-at="2018-06-13T09:32:28Z">
          <reporter-output>
          </reporter-output>
        </test-method> <!-- Setup -->
        <test-method status="PASS" signature="validateLoginPageLink()[pri:6, instance:com.qa.testcases.LoginPageTest@1686d1f]" name="validateLoginPageLink" duration-ms="3191" started-at="2018-06-13T09:32:28Z" finished-at="2018-06-13T09:32:31Z">
          <reporter-output>
          </reporter-output>
        </test-method> <!-- validateLoginPageLink -->
        <test-method status="PASS" signature="TearDown()[pri:0, instance:com.qa.testcases.LoginPageTest@1686d1f]" name="TearDown" is-config="true" duration-ms="300" started-at="2018-06-13T09:32:31Z" finished-at="2018-06-13T09:32:31Z">
          <reporter-output>
          </reporter-output>
        </test-method> <!-- TearDown -->
        <test-method status="PASS" signature="Setup()[pri:0, instance:com.qa.testcases.LoginPageTest@1686d1f]" name="Setup" is-config="true" duration-ms="32694" started-at="2018-06-13T09:32:31Z" finished-at="2018-06-13T09:33:04Z">
          <reporter-output>
          </reporter-output>
        </test-method> <!-- Setup -->
        <test-method status="PASS" signature="validateFlightsPageLink()[pri:7, instance:com.qa.testcases.LoginPageTest@1686d1f]" name="validateFlightsPageLink" duration-ms="1670" started-at="2018-06-13T09:33:04Z" finished-at="2018-06-13T09:33:05Z">
          <reporter-output>
          </reporter-output>
        </test-method> <!-- validateFlightsPageLink -->
        <test-method status="PASS" signature="TearDown()[pri:0, instance:com.qa.testcases.LoginPageTest@1686d1f]" name="TearDown" is-config="true" duration-ms="108" started-at="2018-06-13T09:33:05Z" finished-at="2018-06-13T09:33:06Z">
          <reporter-output>
          </reporter-output>
        </test-method> <!-- TearDown -->
        <test-method status="PASS" signature="Setup()[pri:0, instance:com.qa.testcases.LoginPageTest@1686d1f]" name="Setup" is-config="true" duration-ms="32859" started-at="2018-06-13T09:33:06Z" finished-at="2018-06-13T09:33:38Z">
          <reporter-output>
          </reporter-output>
        </test-method> <!-- Setup -->
        <test-method status="PASS" signature="validateHotelsPageLink()[pri:8, instance:com.qa.testcases.LoginPageTest@1686d1f]" name="validateHotelsPageLink" duration-ms="1121" started-at="2018-06-13T09:33:38Z" finished-at="2018-06-13T09:33:40Z">
          <reporter-output>
          </reporter-output>
        </test-method> <!-- validateHotelsPageLink -->
        <test-method status="PASS" signature="TearDown()[pri:0, instance:com.qa.testcases.LoginPageTest@1686d1f]" name="TearDown" is-config="true" duration-ms="2048" started-at="2018-06-13T09:33:40Z" finished-at="2018-06-13T09:33:42Z">
          <reporter-output>
          </reporter-output>
        </test-method> <!-- TearDown -->
        <test-method status="PASS" signature="Setup()[pri:0, instance:com.qa.testcases.LoginPageTest@1686d1f]" name="Setup" is-config="true" duration-ms="31054" started-at="2018-06-13T09:33:42Z" finished-at="2018-06-13T09:34:13Z">
          <reporter-output>
          </reporter-output>
        </test-method> <!-- Setup -->
        <test-method status="PASS" signature="validateCarRentalsPageLink()[pri:9, instance:com.qa.testcases.LoginPageTest@1686d1f]" name="validateCarRentalsPageLink" duration-ms="802" started-at="2018-06-13T09:34:13Z" finished-at="2018-06-13T09:34:14Z">
          <reporter-output>
          </reporter-output>
        </test-method> <!-- validateCarRentalsPageLink -->
        <test-method status="PASS" signature="TearDown()[pri:0, instance:com.qa.testcases.LoginPageTest@1686d1f]" name="TearDown" is-config="true" duration-ms="290" started-at="2018-06-13T09:34:14Z" finished-at="2018-06-13T09:34:14Z">
          <reporter-output>
          </reporter-output>
        </test-method> <!-- TearDown -->
        <test-method status="PASS" signature="Setup()[pri:0, instance:com.qa.testcases.LoginPageTest@1686d1f]" name="Setup" is-config="true" duration-ms="37420" started-at="2018-06-13T09:34:14Z" finished-at="2018-06-13T09:34:51Z">
          <reporter-output>
          </reporter-output>
        </test-method> <!-- Setup -->
        <test-method status="PASS" signature="validateCruisesPageLink()[pri:10, instance:com.qa.testcases.LoginPageTest@1686d1f]" name="validateCruisesPageLink" duration-ms="1503" started-at="2018-06-13T09:34:51Z" finished-at="2018-06-13T09:34:53Z">
          <reporter-output>
          </reporter-output>
        </test-method> <!-- validateCruisesPageLink -->
        <test-method status="PASS" signature="TearDown()[pri:0, instance:com.qa.testcases.LoginPageTest@1686d1f]" name="TearDown" is-config="true" duration-ms="164" started-at="2018-06-13T09:34:53Z" finished-at="2018-06-13T09:34:53Z">
          <reporter-output>
          </reporter-output>
        </test-method> <!-- TearDown -->
        <test-method status="PASS" signature="Setup()[pri:0, instance:com.qa.testcases.LoginPageTest@1686d1f]" name="Setup" is-config="true" duration-ms="32260" started-at="2018-06-13T09:34:53Z" finished-at="2018-06-13T09:35:25Z">
          <reporter-output>
          </reporter-output>
        </test-method> <!-- Setup -->
        <test-method status="PASS" signature="validateDestinationPageLink()[pri:11, instance:com.qa.testcases.LoginPageTest@1686d1f]" name="validateDestinationPageLink" duration-ms="1488" started-at="2018-06-13T09:35:25Z" finished-at="2018-06-13T09:35:27Z">
          <reporter-output>
          </reporter-output>
        </test-method> <!-- validateDestinationPageLink -->
        <test-method status="PASS" signature="TearDown()[pri:0, instance:com.qa.testcases.LoginPageTest@1686d1f]" name="TearDown" is-config="true" duration-ms="48" started-at="2018-06-13T09:35:27Z" finished-at="2018-06-13T09:35:27Z">
          <reporter-output>
          </reporter-output>
        </test-method> <!-- TearDown -->
        <test-method status="PASS" signature="Setup()[pri:0, instance:com.qa.testcases.LoginPageTest@1686d1f]" name="Setup" is-config="true" duration-ms="29598" started-at="2018-06-13T09:35:27Z" finished-at="2018-06-13T09:35:56Z">
          <reporter-output>
          </reporter-output>
        </test-method> <!-- Setup -->
        <test-method status="PASS" signature="validateVacationsPageLink()[pri:12, instance:com.qa.testcases.LoginPageTest@1686d1f]" name="validateVacationsPageLink" duration-ms="847" started-at="2018-06-13T09:35:56Z" finished-at="2018-06-13T09:35:57Z">
          <reporter-output>
          </reporter-output>
        </test-method> <!-- validateVacationsPageLink -->
        <test-method status="PASS" signature="TearDown()[pri:0, instance:com.qa.testcases.LoginPageTest@1686d1f]" name="TearDown" is-config="true" duration-ms="3170" started-at="2018-06-13T09:35:57Z" finished-at="2018-06-13T09:36:00Z">
          <reporter-output>
          </reporter-output>
        </test-method> <!-- TearDown -->
      </class> <!-- com.qa.testcases.LoginPageTest -->
    </test> <!-- Test 1 -->
    <test name="Test 2" duration-ms="159913" started-at="2018-06-13T04:06:01Z" finished-at="2018-06-13T04:08:41Z">
      <class name="com.qa.testcases.RegistrationPageTest">
        <test-method status="PASS" signature="setUp()[pri:0, instance:com.qa.testcases.RegistrationPageTest@49fd9b]" name="setUp" is-config="true" duration-ms="32953" started-at="2018-06-13T09:36:01Z" finished-at="2018-06-13T09:36:34Z">
          <reporter-output>
          </reporter-output>
        </test-method> <!-- setUp -->
        <test-method status="PASS" signature="validateLogincredentialsTest(java.lang.String, java.lang.String, java.lang.String, java.lang.String, java.lang.String, java.lang.String, java.lang.String, java.lang.String, java.lang.String, java.lang.String, java.lang.String, java.lang.String, java.lang.String)[pri:0, instance:com.qa.testcases.RegistrationPageTest@49fd9b]" name="validateLogincredentialsTest" duration-ms="3386" started-at="2018-06-13T09:36:34Z" data-provider="RegTestDetails" finished-at="2018-06-13T09:36:37Z">
          <params>
            <param index="0">
              <value>
                <![CDATA[raju]]>
              </value>
            </param>
            <param index="1">
              <value>
                <![CDATA[rajesh]]>
              </value>
            </param>
            <param index="2">
              <value>
                <![CDATA[7445645.0]]>
              </value>
            </param>
            <param index="3">
              <value>
                <![CDATA[raju@gma.com]]>
              </value>
            </param>
            <param index="4">
              <value>
                <![CDATA[aaaa]]>
              </value>
            </param>
            <param index="5">
              <value>
                <![CDATA[bbbb]]>
              </value>
            </param>
            <param index="6">
              <value>
                <![CDATA[wgl]]>
              </value>
            </param>
            <param index="7">
              <value>
                <![CDATA[ap]]>
              </value>
            </param>
            <param index="8">
              <value>
                <![CDATA[505612.0]]>
              </value>
            </param>
            <param index="9">
              <value>
                <![CDATA[INDIA]]>
              </value>
            </param>
            <param index="10">
              <value>
                <![CDATA[raju@gma.com]]>
              </value>
            </param>
            <param index="11">
              <value>
                <![CDATA[test@123]]>
              </value>
            </param>
            <param index="12">
              <value>
                <![CDATA[test@123]]>
              </value>
            </param>
          </params>
          <reporter-output>
          </reporter-output>
        </test-method> <!-- validateLogincredentialsTest -->
        <test-method status="PASS" signature="tearDown()[pri:0, instance:com.qa.testcases.RegistrationPageTest@49fd9b]" name="tearDown" is-config="true" duration-ms="139" started-at="2018-06-13T09:36:37Z" finished-at="2018-06-13T09:36:38Z">
          <reporter-output>
          </reporter-output>
        </test-method> <!-- tearDown -->
        <test-method status="PASS" signature="setUp()[pri:0, instance:com.qa.testcases.RegistrationPageTest@49fd9b]" name="setUp" is-config="true" duration-ms="27472" started-at="2018-06-13T09:36:38Z" finished-at="2018-06-13T09:37:05Z">
          <reporter-output>
          </reporter-output>
        </test-method> <!-- setUp -->
        <test-method status="PASS" signature="validateLogincredentialsTest(java.lang.String, java.lang.String, java.lang.String, java.lang.String, java.lang.String, java.lang.String, java.lang.String, java.lang.String, java.lang.String, java.lang.String, java.lang.String, java.lang.String, java.lang.String)[pri:0, instance:com.qa.testcases.RegistrationPageTest@49fd9b]" name="validateLogincredentialsTest" duration-ms="5162" started-at="2018-06-13T09:37:05Z" data-provider="RegTestDetails" finished-at="2018-06-13T09:37:10Z">
          <params>
            <param index="0">
              <value>
                <![CDATA[rohith]]>
              </value>
            </param>
            <param index="1">
              <value>
                <![CDATA[raju]]>
              </value>
            </param>
            <param index="2">
              <value>
                <![CDATA[4.8654654654E10]]>
              </value>
            </param>
            <param index="3">
              <value>
                <![CDATA[rohithraju@hma.com]]>
              </value>
            </param>
            <param index="4">
              <value>
                <![CDATA[jhdsagd]]>
              </value>
            </param>
            <param index="5">
              <value>
                <![CDATA[sdfahjdsgsag]]>
              </value>
            </param>
            <param index="6">
              <value>
                <![CDATA[hydeere]]>
              </value>
            </param>
            <param index="7">
              <value>
                <![CDATA[telangana]]>
              </value>
            </param>
            <param index="8">
              <value>
                <![CDATA[1.4564561E7]]>
              </value>
            </param>
            <param index="9">
              <value>
                <![CDATA[ALBANIA ]]>
              </value>
            </param>
            <param index="10">
              <value>
                <![CDATA[rohithraju@hma.com]]>
              </value>
            </param>
            <param index="11">
              <value>
                <![CDATA[abc@123]]>
              </value>
            </param>
            <param index="12">
              <value>
                <![CDATA[abc@123]]>
              </value>
            </param>
          </params>
          <reporter-output>
          </reporter-output>
        </test-method> <!-- validateLogincredentialsTest -->
        <test-method status="PASS" signature="tearDown()[pri:0, instance:com.qa.testcases.RegistrationPageTest@49fd9b]" name="tearDown" is-config="true" duration-ms="2509" started-at="2018-06-13T09:37:10Z" finished-at="2018-06-13T09:37:13Z">
          <reporter-output>
          </reporter-output>
        </test-method> <!-- tearDown -->
        <test-method status="PASS" signature="setUp()[pri:0, instance:com.qa.testcases.RegistrationPageTest@49fd9b]" name="setUp" is-config="true" duration-ms="28711" started-at="2018-06-13T09:37:13Z" finished-at="2018-06-13T09:37:41Z">
          <reporter-output>
          </reporter-output>
        </test-method> <!-- setUp -->
        <test-method status="PASS" signature="validateLogincredentialsTest(java.lang.String, java.lang.String, java.lang.String, java.lang.String, java.lang.String, java.lang.String, java.lang.String, java.lang.String, java.lang.String, java.lang.String, java.lang.String, java.lang.String, java.lang.String)[pri:0, instance:com.qa.testcases.RegistrationPageTest@49fd9b]" name="validateLogincredentialsTest" duration-ms="3605" started-at="2018-06-13T09:37:41Z" data-provider="RegTestDetails" finished-at="2018-06-13T09:37:45Z">
          <params>
            <param index="0">
              <value>
                <![CDATA[rohith]]>
              </value>
            </param>
            <param index="1">
              <value>
                <![CDATA[raju]]>
              </value>
            </param>
            <param index="2">
              <value>
                <![CDATA[4.8654654654E10]]>
              </value>
            </param>
            <param index="3">
              <value>
                <![CDATA[rohithraju@hma.com]]>
              </value>
            </param>
            <param index="4">
              <value>
                <![CDATA[jhdsagd]]>
              </value>
            </param>
            <param index="5">
              <value>
                <![CDATA[sdfahjdsgsag]]>
              </value>
            </param>
            <param index="6">
              <value>
                <![CDATA[hydeere]]>
              </value>
            </param>
            <param index="7">
              <value>
                <![CDATA[telangana]]>
              </value>
            </param>
            <param index="8">
              <value>
                <![CDATA[1.4564561E7]]>
              </value>
            </param>
            <param index="9">
              <value>
                <![CDATA[ANGOLA ]]>
              </value>
            </param>
            <param index="10">
              <value>
                <![CDATA[rohithraju@hma.com]]>
              </value>
            </param>
            <param index="11">
              <value>
                <![CDATA[abc@123]]>
              </value>
            </param>
            <param index="12">
              <value>
                <![CDATA[abc@123]]>
              </value>
            </param>
          </params>
          <reporter-output>
          </reporter-output>
        </test-method> <!-- validateLogincredentialsTest -->
        <test-method status="PASS" signature="tearDown()[pri:0, instance:com.qa.testcases.RegistrationPageTest@49fd9b]" name="tearDown" is-config="true" duration-ms="120" started-at="2018-06-13T09:37:45Z" finished-at="2018-06-13T09:37:45Z">
          <reporter-output>
          </reporter-output>
        </test-method> <!-- tearDown -->
        <test-method status="PASS" signature="setUp()[pri:0, instance:com.qa.testcases.RegistrationPageTest@49fd9b]" name="setUp" is-config="true" duration-ms="52616" started-at="2018-06-13T09:37:45Z" finished-at="2018-06-13T09:38:38Z">
          <reporter-output>
          </reporter-output>
        </test-method> <!-- setUp -->
        <test-method status="FAIL" signature="validateLogincredentialsTest(java.lang.String, java.lang.String, java.lang.String, java.lang.String, java.lang.String, java.lang.String, java.lang.String, java.lang.String, java.lang.String, java.lang.String, java.lang.String, java.lang.String, java.lang.String)[pri:0, instance:com.qa.testcases.RegistrationPageTest@49fd9b]" name="validateLogincredentialsTest" duration-ms="3059" started-at="2018-06-13T09:38:38Z" data-provider="RegTestDetails" finished-at="2018-06-13T09:38:41Z">
          <params>
            <param index="0">
              <value>
                <![CDATA[raju]]>
              </value>
            </param>
            <param index="1">
              <value>
                <![CDATA[rajesh]]>
              </value>
            </param>
            <param index="2">
              <value>
                <![CDATA[7445645.0]]>
              </value>
            </param>
            <param index="3">
              <value>
                <![CDATA[raju@gma.com]]>
              </value>
            </param>
            <param index="4">
              <value>
                <![CDATA[aaaa]]>
              </value>
            </param>
            <param index="5">
              <value>
                <![CDATA[bbbb]]>
              </value>
            </param>
            <param index="6">
              <value>
                <![CDATA[wgl]]>
              </value>
            </param>
            <param index="7">
              <value>
                <![CDATA[ap]]>
              </value>
            </param>
            <param index="8">
              <value>
                <![CDATA[505612.0]]>
              </value>
            </param>
            <param index="9">
              <value>
                <![CDATA[aaaaaaaaa]]>
              </value>
            </param>
            <param index="10">
              <value>
                <![CDATA[raju@gma.com]]>
              </value>
            </param>
            <param index="11">
              <value>
                <![CDATA[test@123]]>
              </value>
            </param>
            <param index="12">
              <value>
                <![CDATA[test@123]]>
              </value>
            </param>
          </params>
          <exception class="org.openqa.selenium.NoSuchElementException">
            <message>
              <![CDATA[Cannot locate element with text: aaaaaaaaa
For documentation on this error, please visit: http://seleniumhq.org/exceptions/no_such_element.html
Build info: version: '3.5.3', revision: 'a88d25fe6b', time: '2017-08-29T12:42:44.417Z'
System info: host: 'VEERANTI', ip: '192.168.0.10', os.name: 'Windows 8', os.arch: 'x86', os.version: '6.2', java.version: '1.8.0_71'
Driver info: driver.version: unknown]]>
            </message>
            <full-stacktrace>
              <![CDATA[org.openqa.selenium.NoSuchElementException: Cannot locate element with text: aaaaaaaaa
For documentation on this error, please visit: http://seleniumhq.org/exceptions/no_such_element.html
Build info: version: '3.5.3', revision: 'a88d25fe6b', time: '2017-08-29T12:42:44.417Z'
System info: host: 'VEERANTI', ip: '192.168.0.10', os.name: 'Windows 8', os.arch: 'x86', os.version: '6.2', java.version: '1.8.0_71'
Driver info: driver.version: unknown
	at org.openqa.selenium.support.ui.Select.selectByVisibleText(Select.java:151)
	at com.qa.pages.RegistrationPage.RegisterUsers(RegistrationPage.java:78)
	at com.qa.testcases.RegistrationPageTest.validateLogincredentialsTest(RegistrationPageTest.java:50)
	at sun.reflect.NativeMethodAccessorImpl.invoke0(Native Method)
	at sun.reflect.NativeMethodAccessorImpl.invoke(NativeMethodAccessorImpl.java:62)
	at sun.reflect.DelegatingMethodAccessorImpl.invoke(DelegatingMethodAccessorImpl.java:43)
	at java.lang.reflect.Method.invoke(Method.java:497)
	at org.testng.internal.MethodInvocationHelper.invokeMethod(MethodInvocationHelper.java:108)
	at org.testng.internal.Invoker.invokeMethod(Invoker.java:661)
	at org.testng.internal.Invoker.invokeTestMethod(Invoker.java:869)
	at org.testng.internal.Invoker.invokeTestMethods(Invoker.java:1193)
	at org.testng.internal.TestMethodWorker.invokeTestMethods(TestMethodWorker.java:126)
	at org.testng.internal.TestMethodWorker.run(TestMethodWorker.java:109)
	at org.testng.TestRunner.privateRun(TestRunner.java:744)
	at org.testng.TestRunner.run(TestRunner.java:602)
	at org.testng.SuiteRunner.runTest(SuiteRunner.java:380)
	at org.testng.SuiteRunner.runSequentially(SuiteRunner.java:375)
	at org.testng.SuiteRunner.privateRun(SuiteRunner.java:340)
	at org.testng.SuiteRunner.run(SuiteRunner.java:289)
	at org.testng.SuiteRunnerWorker.runSuite(SuiteRunnerWorker.java:52)
	at org.testng.SuiteRunnerWorker.run(SuiteRunnerWorker.java:86)
	at org.testng.TestNG.runSuitesSequentially(TestNG.java:1301)
	at org.testng.TestNG.runSuitesLocally(TestNG.java:1226)
	at org.testng.TestNG.runSuites(TestNG.java:1144)
	at org.testng.TestNG.run(TestNG.java:1115)
	at org.testng.remote.AbstractRemoteTestNG.run(AbstractRemoteTestNG.java:114)
	at org.testng.remote.RemoteTestNG.initAndRun(RemoteTestNG.java:251)
	at org.testng.remote.RemoteTestNG.main(RemoteTestNG.java:77)
]]>
            </full-stacktrace>
          </exception> <!-- org.openqa.selenium.NoSuchElementException -->
          <reporter-output>
          </reporter-output>
        </test-method> <!-- validateLogincredentialsTest -->
        <test-method status="PASS" signature="tearDown()[pri:0, instance:com.qa.testcases.RegistrationPageTest@49fd9b]" name="tearDown" is-config="true" duration-ms="48" started-at="2018-06-13T09:38:41Z" finished-at="2018-06-13T09:38:41Z">
          <reporter-output>
          </reporter-output>
        </test-method> <!-- tearDown -->
      </class> <!-- com.qa.testcases.RegistrationPageTest -->
    </test> <!-- Test 2 -->
    <test name="Test 3" duration-ms="125326" started-at="2018-06-13T04:08:41Z" finished-at="2018-06-13T04:10:46Z">
      <class name="com.qa.testcases.HomePageTest">
        <test-method status="PASS" signature="setUp()[pri:0, instance:com.qa.testcases.HomePageTest@bf3bbf]" name="setUp" is-config="true" duration-ms="39426" started-at="2018-06-13T09:38:41Z" finished-at="2018-06-13T09:39:20Z">
          <reporter-output>
          </reporter-output>
        </test-method> <!-- setUp -->
        <test-method status="FAIL" signature="ValidateFlightSelectionTest(java.lang.String, java.lang.String, java.lang.String, java.lang.String, java.lang.String, java.lang.String, java.lang.String, java.lang.String)[pri:0, instance:com.qa.testcases.HomePageTest@bf3bbf]" name="ValidateFlightSelectionTest" duration-ms="4542" started-at="2018-06-13T09:39:20Z" data-provider="FlightBookingDetails" finished-at="2018-06-13T09:39:25Z">
          <params>
            <param index="0">
              <value>
                <![CDATA[1.0]]>
              </value>
            </param>
            <param index="1">
              <value>
                <![CDATA[London]]>
              </value>
            </param>
            <param index="2">
              <value>
                <![CDATA[June]]>
              </value>
            </param>
            <param index="3">
              <value>
                <![CDATA[10.0]]>
              </value>
            </param>
            <param index="4">
              <value>
                <![CDATA[Paris]]>
              </value>
            </param>
            <param index="5">
              <value>
                <![CDATA[July]]>
              </value>
            </param>
            <param index="6">
              <value>
                <![CDATA[5.0]]>
              </value>
            </param>
            <param index="7">
              <value>
                <![CDATA[No Preference]]>
              </value>
            </param>
          </params>
          <exception class="org.openqa.selenium.NoSuchElementException">
            <message>
              <![CDATA[Cannot locate element with text: 1.0
For documentation on this error, please visit: http://seleniumhq.org/exceptions/no_such_element.html
Build info: version: '3.5.3', revision: 'a88d25fe6b', time: '2017-08-29T12:42:44.417Z'
System info: host: 'VEERANTI', ip: '192.168.0.10', os.name: 'Windows 8', os.arch: 'x86', os.version: '6.2', java.version: '1.8.0_71'
Driver info: driver.version: unknown]]>
            </message>
            <full-stacktrace>
              <![CDATA[org.openqa.selenium.NoSuchElementException: Cannot locate element with text: 1.0
For documentation on this error, please visit: http://seleniumhq.org/exceptions/no_such_element.html
Build info: version: '3.5.3', revision: 'a88d25fe6b', time: '2017-08-29T12:42:44.417Z'
System info: host: 'VEERANTI', ip: '192.168.0.10', os.name: 'Windows 8', os.arch: 'x86', os.version: '6.2', java.version: '1.8.0_71'
Driver info: driver.version: unknown
	at org.openqa.selenium.support.ui.Select.selectByVisibleText(Select.java:151)
	at com.qa.pages.HomePage.ValidateFlightSelection(HomePage.java:59)
	at com.qa.testcases.HomePageTest.ValidateFlightSelectionTest(HomePageTest.java:46)
	at sun.reflect.NativeMethodAccessorImpl.invoke0(Native Method)
	at sun.reflect.NativeMethodAccessorImpl.invoke(NativeMethodAccessorImpl.java:62)
	at sun.reflect.DelegatingMethodAccessorImpl.invoke(DelegatingMethodAccessorImpl.java:43)
	at java.lang.reflect.Method.invoke(Method.java:497)
	at org.testng.internal.MethodInvocationHelper.invokeMethod(MethodInvocationHelper.java:108)
	at org.testng.internal.Invoker.invokeMethod(Invoker.java:661)
	at org.testng.internal.Invoker.invokeTestMethod(Invoker.java:869)
	at org.testng.internal.Invoker.invokeTestMethods(Invoker.java:1193)
	at org.testng.internal.TestMethodWorker.invokeTestMethods(TestMethodWorker.java:126)
	at org.testng.internal.TestMethodWorker.run(TestMethodWorker.java:109)
	at org.testng.TestRunner.privateRun(TestRunner.java:744)
	at org.testng.TestRunner.run(TestRunner.java:602)
	at org.testng.SuiteRunner.runTest(SuiteRunner.java:380)
	at org.testng.SuiteRunner.runSequentially(SuiteRunner.java:375)
	at org.testng.SuiteRunner.privateRun(SuiteRunner.java:340)
	at org.testng.SuiteRunner.run(SuiteRunner.java:289)
	at org.testng.SuiteRunnerWorker.runSuite(SuiteRunnerWorker.java:52)
	at org.testng.SuiteRunnerWorker.run(SuiteRunnerWorker.java:86)
	at org.testng.TestNG.runSuitesSequentially(TestNG.java:1301)
	at org.testng.TestNG.runSuitesLocally(TestNG.java:1226)
	at org.testng.TestNG.runSuites(TestNG.java:1144)
	at org.testng.TestNG.run(TestNG.java:1115)
	at org.testng.remote.AbstractRemoteTestNG.run(AbstractRemoteTestNG.java:114)
	at org.testng.remote.RemoteTestNG.initAndRun(RemoteTestNG.java:251)
	at org.testng.remote.RemoteTestNG.main(RemoteTestNG.java:77)
]]>
            </full-stacktrace>
          </exception> <!-- org.openqa.selenium.NoSuchElementException -->
          <reporter-output>
          </reporter-output>
        </test-method> <!-- ValidateFlightSelectionTest -->
        <test-method status="PASS" signature="tearDown()[pri:0, instance:com.qa.testcases.HomePageTest@bf3bbf]" name="tearDown" is-config="true" duration-ms="1421" started-at="2018-06-13T09:39:25Z" finished-at="2018-06-13T09:39:26Z">
          <reporter-output>
          </reporter-output>
        </test-method> <!-- tearDown -->
        <test-method status="PASS" signature="setUp()[pri:0, instance:com.qa.testcases.HomePageTest@bf3bbf]" name="setUp" is-config="true" duration-ms="35648" started-at="2018-06-13T09:39:26Z" finished-at="2018-06-13T09:40:02Z">
          <reporter-output>
          </reporter-output>
        </test-method> <!-- setUp -->
        <test-method status="FAIL" signature="ValidateFlightSelectionTest(java.lang.String, java.lang.String, java.lang.String, java.lang.String, java.lang.String, java.lang.String, java.lang.String, java.lang.String)[pri:0, instance:com.qa.testcases.HomePageTest@bf3bbf]" name="ValidateFlightSelectionTest" duration-ms="4370" started-at="2018-06-13T09:40:02Z" data-provider="FlightBookingDetails" finished-at="2018-06-13T09:40:06Z">
          <params>
            <param index="0">
              <value>
                <![CDATA[4.0]]>
              </value>
            </param>
            <param index="1">
              <value>
                <![CDATA[Paris]]>
              </value>
            </param>
            <param index="2">
              <value>
                <![CDATA[August]]>
              </value>
            </param>
            <param index="3">
              <value>
                <![CDATA[20.0]]>
              </value>
            </param>
            <param index="4">
              <value>
                <![CDATA[London]]>
              </value>
            </param>
            <param index="5">
              <value>
                <![CDATA[August]]>
              </value>
            </param>
            <param index="6">
              <value>
                <![CDATA[1.0]]>
              </value>
            </param>
            <param index="7">
              <value>
                <![CDATA[Unified Airlines]]>
              </value>
            </param>
          </params>
          <exception class="org.openqa.selenium.NoSuchElementException">
            <message>
              <![CDATA[Cannot locate element with text: 4.0
For documentation on this error, please visit: http://seleniumhq.org/exceptions/no_such_element.html
Build info: version: '3.5.3', revision: 'a88d25fe6b', time: '2017-08-29T12:42:44.417Z'
System info: host: 'VEERANTI', ip: '192.168.0.10', os.name: 'Windows 8', os.arch: 'x86', os.version: '6.2', java.version: '1.8.0_71'
Driver info: driver.version: unknown]]>
            </message>
            <full-stacktrace>
              <![CDATA[org.openqa.selenium.NoSuchElementException: Cannot locate element with text: 4.0
For documentation on this error, please visit: http://seleniumhq.org/exceptions/no_such_element.html
Build info: version: '3.5.3', revision: 'a88d25fe6b', time: '2017-08-29T12:42:44.417Z'
System info: host: 'VEERANTI', ip: '192.168.0.10', os.name: 'Windows 8', os.arch: 'x86', os.version: '6.2', java.version: '1.8.0_71'
Driver info: driver.version: unknown
	at org.openqa.selenium.support.ui.Select.selectByVisibleText(Select.java:151)
	at com.qa.pages.HomePage.ValidateFlightSelection(HomePage.java:59)
	at com.qa.testcases.HomePageTest.ValidateFlightSelectionTest(HomePageTest.java:46)
	at sun.reflect.NativeMethodAccessorImpl.invoke0(Native Method)
	at sun.reflect.NativeMethodAccessorImpl.invoke(NativeMethodAccessorImpl.java:62)
	at sun.reflect.DelegatingMethodAccessorImpl.invoke(DelegatingMethodAccessorImpl.java:43)
	at java.lang.reflect.Method.invoke(Method.java:497)
	at org.testng.internal.MethodInvocationHelper.invokeMethod(MethodInvocationHelper.java:108)
	at org.testng.internal.Invoker.invokeMethod(Invoker.java:661)
	at org.testng.internal.Invoker.invokeTestMethod(Invoker.java:869)
	at org.testng.internal.Invoker.invokeTestMethods(Invoker.java:1193)
	at org.testng.internal.TestMethodWorker.invokeTestMethods(TestMethodWorker.java:126)
	at org.testng.internal.TestMethodWorker.run(TestMethodWorker.java:109)
	at org.testng.TestRunner.privateRun(TestRunner.java:744)
	at org.testng.TestRunner.run(TestRunner.java:602)
	at org.testng.SuiteRunner.runTest(SuiteRunner.java:380)
	at org.testng.SuiteRunner.runSequentially(SuiteRunner.java:375)
	at org.testng.SuiteRunner.privateRun(SuiteRunner.java:340)
	at org.testng.SuiteRunner.run(SuiteRunner.java:289)
	at org.testng.SuiteRunnerWorker.runSuite(SuiteRunnerWorker.java:52)
	at org.testng.SuiteRunnerWorker.run(SuiteRunnerWorker.java:86)
	at org.testng.TestNG.runSuitesSequentially(TestNG.java:1301)
	at org.testng.TestNG.runSuitesLocally(TestNG.java:1226)
	at org.testng.TestNG.runSuites(TestNG.java:1144)
	at org.testng.TestNG.run(TestNG.java:1115)
	at org.testng.remote.AbstractRemoteTestNG.run(AbstractRemoteTestNG.java:114)
	at org.testng.remote.RemoteTestNG.initAndRun(RemoteTestNG.java:251)
	at org.testng.remote.RemoteTestNG.main(RemoteTestNG.java:77)
]]>
            </full-stacktrace>
          </exception> <!-- org.openqa.selenium.NoSuchElementException -->
          <reporter-output>
          </reporter-output>
        </test-method> <!-- ValidateFlightSelectionTest -->
        <test-method status="PASS" signature="tearDown()[pri:0, instance:com.qa.testcases.HomePageTest@bf3bbf]" name="tearDown" is-config="true" duration-ms="857" started-at="2018-06-13T09:40:06Z" finished-at="2018-06-13T09:40:07Z">
          <reporter-output>
          </reporter-output>
        </test-method> <!-- tearDown -->
        <test-method status="PASS" signature="setUp()[pri:0, instance:com.qa.testcases.HomePageTest@bf3bbf]" name="setUp" is-config="true" duration-ms="33089" started-at="2018-06-13T09:40:07Z" finished-at="2018-06-13T09:40:40Z">
          <reporter-output>
          </reporter-output>
        </test-method> <!-- setUp -->
        <test-method status="FAIL" signature="ValidateFlightSelectionTest(java.lang.String, java.lang.String, java.lang.String, java.lang.String, java.lang.String, java.lang.String, java.lang.String, java.lang.String)[pri:0, instance:com.qa.testcases.HomePageTest@bf3bbf]" name="ValidateFlightSelectionTest" duration-ms="5034" started-at="2018-06-13T09:40:40Z" data-provider="FlightBookingDetails" finished-at="2018-06-13T09:40:45Z">
          <params>
            <param index="0">
              <value>
                <![CDATA[2.0]]>
              </value>
            </param>
            <param index="1">
              <value>
                <![CDATA[New York]]>
              </value>
            </param>
            <param index="2">
              <value>
                <![CDATA[February]]>
              </value>
            </param>
            <param index="3">
              <value>
                <![CDATA[29.0]]>
              </value>
            </param>
            <param index="4">
              <value>
                <![CDATA[Sydney]]>
              </value>
            </param>
            <param index="5">
              <value>
                <![CDATA[March]]>
              </value>
            </param>
            <param index="6">
              <value>
                <![CDATA[31.0]]>
              </value>
            </param>
            <param index="7">
              <value>
                <![CDATA[Pangea Airlines]]>
              </value>
            </param>
          </params>
          <exception class="org.openqa.selenium.NoSuchElementException">
            <message>
              <![CDATA[Cannot locate element with text: 2.0
For documentation on this error, please visit: http://seleniumhq.org/exceptions/no_such_element.html
Build info: version: '3.5.3', revision: 'a88d25fe6b', time: '2017-08-29T12:42:44.417Z'
System info: host: 'VEERANTI', ip: '192.168.0.10', os.name: 'Windows 8', os.arch: 'x86', os.version: '6.2', java.version: '1.8.0_71'
Driver info: driver.version: unknown]]>
            </message>
            <full-stacktrace>
              <![CDATA[org.openqa.selenium.NoSuchElementException: Cannot locate element with text: 2.0
For documentation on this error, please visit: http://seleniumhq.org/exceptions/no_such_element.html
Build info: version: '3.5.3', revision: 'a88d25fe6b', time: '2017-08-29T12:42:44.417Z'
System info: host: 'VEERANTI', ip: '192.168.0.10', os.name: 'Windows 8', os.arch: 'x86', os.version: '6.2', java.version: '1.8.0_71'
Driver info: driver.version: unknown
	at org.openqa.selenium.support.ui.Select.selectByVisibleText(Select.java:151)
	at com.qa.pages.HomePage.ValidateFlightSelection(HomePage.java:59)
	at com.qa.testcases.HomePageTest.ValidateFlightSelectionTest(HomePageTest.java:46)
	at sun.reflect.NativeMethodAccessorImpl.invoke0(Native Method)
	at sun.reflect.NativeMethodAccessorImpl.invoke(NativeMethodAccessorImpl.java:62)
	at sun.reflect.DelegatingMethodAccessorImpl.invoke(DelegatingMethodAccessorImpl.java:43)
	at java.lang.reflect.Method.invoke(Method.java:497)
	at org.testng.internal.MethodInvocationHelper.invokeMethod(MethodInvocationHelper.java:108)
	at org.testng.internal.Invoker.invokeMethod(Invoker.java:661)
	at org.testng.internal.Invoker.invokeTestMethod(Invoker.java:869)
	at org.testng.internal.Invoker.invokeTestMethods(Invoker.java:1193)
	at org.testng.internal.TestMethodWorker.invokeTestMethods(TestMethodWorker.java:126)
	at org.testng.internal.TestMethodWorker.run(TestMethodWorker.java:109)
	at org.testng.TestRunner.privateRun(TestRunner.java:744)
	at org.testng.TestRunner.run(TestRunner.java:602)
	at org.testng.SuiteRunner.runTest(SuiteRunner.java:380)
	at org.testng.SuiteRunner.runSequentially(SuiteRunner.java:375)
	at org.testng.SuiteRunner.privateRun(SuiteRunner.java:340)
	at org.testng.SuiteRunner.run(SuiteRunner.java:289)
	at org.testng.SuiteRunnerWorker.runSuite(SuiteRunnerWorker.java:52)
	at org.testng.SuiteRunnerWorker.run(SuiteRunnerWorker.java:86)
	at org.testng.TestNG.runSuitesSequentially(TestNG.java:1301)
	at org.testng.TestNG.runSuitesLocally(TestNG.java:1226)
	at org.testng.TestNG.runSuites(TestNG.java:1144)
	at org.testng.TestNG.run(TestNG.java:1115)
	at org.testng.remote.AbstractRemoteTestNG.run(AbstractRemoteTestNG.java:114)
	at org.testng.remote.RemoteTestNG.initAndRun(RemoteTestNG.java:251)
	at org.testng.remote.RemoteTestNG.main(RemoteTestNG.java:77)
]]>
            </full-stacktrace>
          </exception> <!-- org.openqa.selenium.NoSuchElementException -->
          <reporter-output>
          </reporter-output>
        </test-method> <!-- ValidateFlightSelectionTest -->
        <test-method status="PASS" signature="tearDown()[pri:0, instance:com.qa.testcases.HomePageTest@bf3bbf]" name="tearDown" is-config="true" duration-ms="864" started-at="2018-06-13T09:40:45Z" finished-at="2018-06-13T09:40:46Z">
          <reporter-output>
          </reporter-output>
        </test-method> <!-- tearDown -->
      </class> <!-- com.qa.testcases.HomePageTest -->
    </test> <!-- Test 3 -->
  </suite> <!-- New Tours Application Test Automation Test Suite -->
</testng-results>
